{"C:\\Users\\tomas\\Downloads\\TP-DriveHub-Grupo-6\\TP-PROGRA2-2025\\src\\enums\\ESTADO_VEHICULO.ts": {"path":"C:\\Users\\tomas\\Downloads\\TP-DriveHub-Grupo-6\\TP-PROGRA2-2025\\src\\enums\\ESTADO_VEHICULO.ts","all":false,"statementMap":{"0":{"start":{"line":1,"column":0},"end":{"line":1,"column":22}},"1":{"start":{"line":2,"column":0},"end":{"line":2,"column":30}},"2":{"start":{"line":3,"column":0},"end":{"line":3,"column":31}},"3":{"start":{"line":4,"column":0},"end":{"line":4,"column":36}},"4":{"start":{"line":5,"column":0},"end":{"line":5,"column":25}},"5":{"start":{"line":6,"column":0},"end":{"line":6,"column":1}},"6":{"start":{"line":7,"column":0},"end":{"line":7,"column":0}},"7":{"start":{"line":8,"column":0},"end":{"line":8,"column":31}}},"s":{"0":3,"1":3,"2":3,"3":3,"4":3,"5":3,"6":1,"7":1},"branchMap":{"0":{"type":"branch","line":1,"loc":{"start":{"line":1,"column":0},"end":{"line":6,"column":1}},"locations":[{"start":{"line":1,"column":0},"end":{"line":6,"column":1}}]}},"b":{"0":[3]},"fnMap":{},"f":{}}
,"C:\\Users\\tomas\\Downloads\\TP-DriveHub-Grupo-6\\TP-PROGRA2-2025\\src\\models\\Auto.ts": {"path":"C:\\Users\\tomas\\Downloads\\TP-DriveHub-Grupo-6\\TP-PROGRA2-2025\\src\\models\\Auto.ts","all":false,"statementMap":{"0":{"start":{"line":1,"column":0},"end":{"line":1,"column":55}},"1":{"start":{"line":2,"column":0},"end":{"line":2,"column":32}},"2":{"start":{"line":3,"column":0},"end":{"line":3,"column":0}},"3":{"start":{"line":4,"column":0},"end":{"line":4,"column":21}},"4":{"start":{"line":5,"column":0},"end":{"line":5,"column":34}},"5":{"start":{"line":6,"column":0},"end":{"line":6,"column":37}},"6":{"start":{"line":7,"column":0},"end":{"line":7,"column":28}},"7":{"start":{"line":8,"column":0},"end":{"line":8,"column":36}},"8":{"start":{"line":9,"column":0},"end":{"line":9,"column":0}},"9":{"start":{"line":10,"column":0},"end":{"line":10,"column":108}},"10":{"start":{"line":11,"column":0},"end":{"line":11,"column":42}},"11":{"start":{"line":12,"column":0},"end":{"line":12,"column":30}},"12":{"start":{"line":13,"column":0},"end":{"line":13,"column":30}},"13":{"start":{"line":14,"column":0},"end":{"line":14,"column":46}},"14":{"start":{"line":15,"column":0},"end":{"line":15,"column":5}},"15":{"start":{"line":16,"column":0},"end":{"line":16,"column":0}},"16":{"start":{"line":17,"column":0},"end":{"line":17,"column":24}},"17":{"start":{"line":18,"column":0},"end":{"line":18,"column":67}},"18":{"start":{"line":19,"column":0},"end":{"line":19,"column":73}},"19":{"start":{"line":20,"column":0},"end":{"line":20,"column":0}},"20":{"start":{"line":21,"column":0},"end":{"line":21,"column":64}},"21":{"start":{"line":22,"column":0},"end":{"line":22,"column":77}},"22":{"start":{"line":23,"column":0},"end":{"line":23,"column":0}},"23":{"start":{"line":24,"column":0},"end":{"line":24,"column":55}},"24":{"start":{"line":25,"column":0},"end":{"line":25,"column":61}},"25":{"start":{"line":26,"column":0},"end":{"line":26,"column":0}},"26":{"start":{"line":27,"column":0},"end":{"line":27,"column":71}},"27":{"start":{"line":28,"column":0},"end":{"line":28,"column":77}},"28":{"start":{"line":29,"column":0},"end":{"line":29,"column":0}},"29":{"start":{"line":30,"column":0},"end":{"line":30,"column":25}},"30":{"start":{"line":31,"column":0},"end":{"line":31,"column":51}},"31":{"start":{"line":32,"column":0},"end":{"line":32,"column":52}},"32":{"start":{"line":33,"column":0},"end":{"line":33,"column":0}},"33":{"start":{"line":34,"column":0},"end":{"line":34,"column":1}},"34":{"start":{"line":35,"column":0},"end":{"line":35,"column":0}},"35":{"start":{"line":36,"column":0},"end":{"line":36,"column":20}}},"s":{"0":1,"1":1,"2":1,"3":1,"4":6,"5":6,"6":6,"7":6,"8":6,"9":6,"10":6,"11":6,"12":6,"13":6,"14":6,"15":6,"16":6,"17":6,"18":6,"19":6,"20":6,"21":6,"22":6,"23":6,"24":6,"25":6,"26":6,"27":6,"28":6,"29":6,"30":6,"31":6,"32":6,"33":6,"34":1,"35":1},"branchMap":{"0":{"type":"branch","line":4,"loc":{"start":{"line":4,"column":19},"end":{"line":34,"column":1}},"locations":[{"start":{"line":4,"column":19},"end":{"line":34,"column":1}}]},"1":{"type":"branch","line":10,"loc":{"start":{"line":10,"column":4},"end":{"line":15,"column":5}},"locations":[{"start":{"line":10,"column":4},"end":{"line":15,"column":5}}]},"2":{"type":"branch","line":24,"loc":{"start":{"line":24,"column":11},"end":{"line":24,"column":55}},"locations":[{"start":{"line":24,"column":11},"end":{"line":24,"column":55}}]}},"b":{"0":[6],"1":[6],"2":[3]},"fnMap":{"0":{"name":"<instance_members_initializer>","decl":{"start":{"line":4,"column":19},"end":{"line":34,"column":1}},"loc":{"start":{"line":4,"column":19},"end":{"line":34,"column":1}},"line":4},"1":{"name":"Auto","decl":{"start":{"line":10,"column":4},"end":{"line":15,"column":5}},"loc":{"start":{"line":10,"column":4},"end":{"line":15,"column":5}},"line":10},"2":{"name":"getNroMatricula","decl":{"start":{"line":18,"column":11},"end":{"line":18,"column":67}},"loc":{"start":{"line":18,"column":11},"end":{"line":18,"column":67}},"line":18},"3":{"name":"setNroMatricula","decl":{"start":{"line":19,"column":11},"end":{"line":19,"column":73}},"loc":{"start":{"line":19,"column":11},"end":{"line":19,"column":73}},"line":19},"4":{"name":"getEstado","decl":{"start":{"line":21,"column":11},"end":{"line":21,"column":64}},"loc":{"start":{"line":21,"column":11},"end":{"line":21,"column":64}},"line":21},"5":{"name":"actualizarEstado","decl":{"start":{"line":22,"column":11},"end":{"line":22,"column":77}},"loc":{"start":{"line":22,"column":11},"end":{"line":22,"column":77}},"line":22},"6":{"name":"getTarifa","decl":{"start":{"line":24,"column":11},"end":{"line":24,"column":55}},"loc":{"start":{"line":24,"column":11},"end":{"line":24,"column":55}},"line":24},"7":{"name":"setTarifa","decl":{"start":{"line":25,"column":11},"end":{"line":25,"column":61}},"loc":{"start":{"line":25,"column":11},"end":{"line":25,"column":61}},"line":25},"8":{"name":"getCargoAdicional","decl":{"start":{"line":27,"column":11},"end":{"line":27,"column":71}},"loc":{"start":{"line":27,"column":11},"end":{"line":27,"column":71}},"line":27},"9":{"name":"setCargoAdicional","decl":{"start":{"line":28,"column":11},"end":{"line":28,"column":77}},"loc":{"start":{"line":28,"column":11},"end":{"line":28,"column":77}},"line":28}},"f":{"0":6,"1":6,"2":0,"3":0,"4":0,"5":0,"6":3,"7":0,"8":0,"9":0}}
,"C:\\Users\\tomas\\Downloads\\TP-DriveHub-Grupo-6\\TP-PROGRA2-2025\\src\\models\\Cliente.ts": {"path":"C:\\Users\\tomas\\Downloads\\TP-DriveHub-Grupo-6\\TP-PROGRA2-2025\\src\\models\\Cliente.ts","all":false,"statementMap":{"0":{"start":{"line":1,"column":0},"end":{"line":1,"column":32}},"1":{"start":{"line":2,"column":0},"end":{"line":2,"column":0}},"2":{"start":{"line":3,"column":0},"end":{"line":3,"column":15}},"3":{"start":{"line":4,"column":0},"end":{"line":4,"column":28}},"4":{"start":{"line":5,"column":0},"end":{"line":5,"column":32}},"5":{"start":{"line":6,"column":0},"end":{"line":6,"column":28}},"6":{"start":{"line":7,"column":0},"end":{"line":7,"column":33}},"7":{"start":{"line":8,"column":0},"end":{"line":8,"column":0}},"8":{"start":{"line":9,"column":0},"end":{"line":9,"column":49}},"9":{"start":{"line":10,"column":0},"end":{"line":10,"column":30}},"10":{"start":{"line":11,"column":0},"end":{"line":11,"column":30}},"11":{"start":{"line":12,"column":0},"end":{"line":12,"column":29}},"12":{"start":{"line":13,"column":0},"end":{"line":13,"column":28}},"13":{"start":{"line":14,"column":0},"end":{"line":14,"column":5}},"14":{"start":{"line":15,"column":0},"end":{"line":15,"column":0}},"15":{"start":{"line":16,"column":0},"end":{"line":16,"column":24}},"16":{"start":{"line":17,"column":0},"end":{"line":17,"column":55}},"17":{"start":{"line":18,"column":0},"end":{"line":18,"column":61}},"18":{"start":{"line":19,"column":0},"end":{"line":19,"column":0}},"19":{"start":{"line":20,"column":0},"end":{"line":20,"column":63}},"20":{"start":{"line":21,"column":0},"end":{"line":21,"column":69}},"21":{"start":{"line":22,"column":0},"end":{"line":22,"column":0}},"22":{"start":{"line":23,"column":0},"end":{"line":23,"column":55}},"23":{"start":{"line":24,"column":0},"end":{"line":24,"column":61}},"24":{"start":{"line":25,"column":0},"end":{"line":25,"column":0}},"25":{"start":{"line":26,"column":0},"end":{"line":26,"column":62}},"26":{"start":{"line":27,"column":0},"end":{"line":27,"column":0}},"27":{"start":{"line":28,"column":0},"end":{"line":28,"column":51}},"28":{"start":{"line":29,"column":0},"end":{"line":29,"column":37}},"29":{"start":{"line":30,"column":0},"end":{"line":30,"column":27}},"30":{"start":{"line":31,"column":0},"end":{"line":31,"column":5}},"31":{"start":{"line":32,"column":0},"end":{"line":32,"column":1}},"32":{"start":{"line":33,"column":0},"end":{"line":33,"column":0}},"33":{"start":{"line":34,"column":0},"end":{"line":34,"column":23}}},"s":{"0":1,"1":1,"2":1,"3":6,"4":6,"5":6,"6":6,"7":6,"8":6,"9":6,"10":6,"11":6,"12":6,"13":6,"14":6,"15":6,"16":6,"17":6,"18":6,"19":6,"20":6,"21":6,"22":6,"23":6,"24":6,"25":6,"26":6,"27":6,"28":0,"29":0,"30":0,"31":6,"32":1,"33":1},"branchMap":{"0":{"type":"branch","line":3,"loc":{"start":{"line":3,"column":13},"end":{"line":32,"column":1}},"locations":[{"start":{"line":3,"column":13},"end":{"line":32,"column":1}}]},"1":{"type":"branch","line":9,"loc":{"start":{"line":9,"column":4},"end":{"line":14,"column":5}},"locations":[{"start":{"line":9,"column":4},"end":{"line":14,"column":5}}]}},"b":{"0":[6],"1":[6]},"fnMap":{"0":{"name":"<instance_members_initializer>","decl":{"start":{"line":3,"column":13},"end":{"line":32,"column":1}},"loc":{"start":{"line":3,"column":13},"end":{"line":32,"column":1}},"line":3},"1":{"name":"Cliente","decl":{"start":{"line":9,"column":4},"end":{"line":14,"column":5}},"loc":{"start":{"line":9,"column":4},"end":{"line":14,"column":5}},"line":9},"2":{"name":"getLegajo","decl":{"start":{"line":17,"column":11},"end":{"line":17,"column":55}},"loc":{"start":{"line":17,"column":11},"end":{"line":17,"column":55}},"line":17},"3":{"name":"setLegajo","decl":{"start":{"line":18,"column":11},"end":{"line":18,"column":61}},"loc":{"start":{"line":18,"column":11},"end":{"line":18,"column":61}},"line":18},"4":{"name":"getNroReserva","decl":{"start":{"line":20,"column":11},"end":{"line":20,"column":63}},"loc":{"start":{"line":20,"column":11},"end":{"line":20,"column":63}},"line":20},"5":{"name":"setNroReserva","decl":{"start":{"line":21,"column":11},"end":{"line":21,"column":69}},"loc":{"start":{"line":21,"column":11},"end":{"line":21,"column":69}},"line":21},"6":{"name":"getNombre","decl":{"start":{"line":23,"column":11},"end":{"line":23,"column":55}},"loc":{"start":{"line":23,"column":11},"end":{"line":23,"column":55}},"line":23},"7":{"name":"setNombre","decl":{"start":{"line":24,"column":11},"end":{"line":24,"column":61}},"loc":{"start":{"line":24,"column":11},"end":{"line":24,"column":61}},"line":24},"8":{"name":"getReservas","decl":{"start":{"line":26,"column":11},"end":{"line":26,"column":62}},"loc":{"start":{"line":26,"column":11},"end":{"line":26,"column":62}},"line":26},"9":{"name":"agregarReserva","decl":{"start":{"line":28,"column":11},"end":{"line":31,"column":5}},"loc":{"start":{"line":28,"column":11},"end":{"line":31,"column":5}},"line":28}},"f":{"0":6,"1":6,"2":0,"3":0,"4":0,"5":0,"6":0,"7":0,"8":0,"9":0}}
,"C:\\Users\\tomas\\Downloads\\TP-DriveHub-Grupo-6\\TP-PROGRA2-2025\\src\\models\\Compacto.ts": {"path":"C:\\Users\\tomas\\Downloads\\TP-DriveHub-Grupo-6\\TP-PROGRA2-2025\\src\\models\\Compacto.ts","all":false,"statementMap":{"0":{"start":{"line":1,"column":0},"end":{"line":1,"column":26}},"1":{"start":{"line":2,"column":0},"end":{"line":2,"column":32}},"2":{"start":{"line":3,"column":0},"end":{"line":3,"column":0}},"3":{"start":{"line":4,"column":0},"end":{"line":4,"column":29}},"4":{"start":{"line":5,"column":0},"end":{"line":5,"column":34}},"5":{"start":{"line":6,"column":0},"end":{"line":6,"column":0}},"6":{"start":{"line":7,"column":0},"end":{"line":7,"column":96}},"7":{"start":{"line":8,"column":0},"end":{"line":8,"column":44}},"8":{"start":{"line":9,"column":0},"end":{"line":9,"column":42}},"9":{"start":{"line":10,"column":0},"end":{"line":10,"column":5}},"10":{"start":{"line":11,"column":0},"end":{"line":11,"column":0}},"11":{"start":{"line":12,"column":0},"end":{"line":12,"column":67}},"12":{"start":{"line":13,"column":0},"end":{"line":13,"column":73}},"13":{"start":{"line":14,"column":0},"end":{"line":14,"column":0}},"14":{"start":{"line":15,"column":0},"end":{"line":15,"column":50}},"15":{"start":{"line":16,"column":0},"end":{"line":16,"column":46}},"16":{"start":{"line":17,"column":0},"end":{"line":17,"column":26}},"17":{"start":{"line":18,"column":0},"end":{"line":18,"column":50}},"18":{"start":{"line":19,"column":0},"end":{"line":19,"column":71}},"19":{"start":{"line":20,"column":0},"end":{"line":20,"column":9}},"20":{"start":{"line":21,"column":0},"end":{"line":21,"column":0}},"21":{"start":{"line":22,"column":0},"end":{"line":22,"column":28}},"22":{"start":{"line":23,"column":0},"end":{"line":23,"column":5}},"23":{"start":{"line":24,"column":0},"end":{"line":24,"column":0}},"24":{"start":{"line":25,"column":0},"end":{"line":25,"column":51}},"25":{"start":{"line":26,"column":0},"end":{"line":26,"column":80}},"26":{"start":{"line":27,"column":0},"end":{"line":27,"column":5}},"27":{"start":{"line":28,"column":0},"end":{"line":28,"column":1}},"28":{"start":{"line":29,"column":0},"end":{"line":29,"column":0}},"29":{"start":{"line":30,"column":0},"end":{"line":30,"column":24}}},"s":{"0":1,"1":1,"2":1,"3":1,"4":2,"5":2,"6":2,"7":2,"8":2,"9":2,"10":2,"11":2,"12":2,"13":2,"14":2,"15":2,"16":2,"17":2,"18":2,"19":2,"20":2,"21":2,"22":2,"23":2,"24":2,"25":1,"26":1,"27":2,"28":1,"29":1},"branchMap":{"0":{"type":"branch","line":4,"loc":{"start":{"line":4,"column":27},"end":{"line":28,"column":1}},"locations":[{"start":{"line":4,"column":27},"end":{"line":28,"column":1}}]},"1":{"type":"branch","line":7,"loc":{"start":{"line":7,"column":4},"end":{"line":10,"column":5}},"locations":[{"start":{"line":7,"column":4},"end":{"line":10,"column":5}}]},"2":{"type":"branch","line":15,"loc":{"start":{"line":15,"column":11},"end":{"line":23,"column":5}},"locations":[{"start":{"line":15,"column":11},"end":{"line":23,"column":5}}]},"3":{"type":"branch","line":25,"loc":{"start":{"line":25,"column":11},"end":{"line":27,"column":5}},"locations":[{"start":{"line":25,"column":11},"end":{"line":27,"column":5}}]}},"b":{"0":[2],"1":[2],"2":[2],"3":[1]},"fnMap":{"0":{"name":"<instance_members_initializer>","decl":{"start":{"line":4,"column":27},"end":{"line":28,"column":1}},"loc":{"start":{"line":4,"column":27},"end":{"line":28,"column":1}},"line":4},"1":{"name":"Compacto","decl":{"start":{"line":7,"column":4},"end":{"line":10,"column":5}},"loc":{"start":{"line":7,"column":4},"end":{"line":10,"column":5}},"line":7},"2":{"name":"getDescuentoDia","decl":{"start":{"line":12,"column":11},"end":{"line":12,"column":67}},"loc":{"start":{"line":12,"column":11},"end":{"line":12,"column":67}},"line":12},"3":{"name":"setDescuentoDia","decl":{"start":{"line":13,"column":11},"end":{"line":13,"column":73}},"loc":{"start":{"line":13,"column":11},"end":{"line":13,"column":73}},"line":13},"4":{"name":"aplicarCargo","decl":{"start":{"line":15,"column":11},"end":{"line":23,"column":5}},"loc":{"start":{"line":15,"column":11},"end":{"line":23,"column":5}},"line":15},"5":{"name":"calcularBase","decl":{"start":{"line":25,"column":11},"end":{"line":27,"column":5}},"loc":{"start":{"line":25,"column":11},"end":{"line":27,"column":5}},"line":25}},"f":{"0":2,"1":2,"2":0,"3":0,"4":2,"5":1}}
,"C:\\Users\\tomas\\Downloads\\TP-DriveHub-Grupo-6\\TP-PROGRA2-2025\\src\\models\\Reserva.ts": {"path":"C:\\Users\\tomas\\Downloads\\TP-DriveHub-Grupo-6\\TP-PROGRA2-2025\\src\\models\\Reserva.ts","all":false,"statementMap":{"0":{"start":{"line":1,"column":0},"end":{"line":1,"column":27}},"1":{"start":{"line":2,"column":0},"end":{"line":2,"column":33}},"2":{"start":{"line":3,"column":0},"end":{"line":3,"column":0}},"3":{"start":{"line":4,"column":0},"end":{"line":4,"column":15}},"4":{"start":{"line":5,"column":0},"end":{"line":5,"column":25}},"5":{"start":{"line":6,"column":0},"end":{"line":6,"column":29}},"6":{"start":{"line":7,"column":0},"end":{"line":7,"column":28}},"7":{"start":{"line":8,"column":0},"end":{"line":8,"column":29}},"8":{"start":{"line":9,"column":0},"end":{"line":9,"column":26}},"9":{"start":{"line":10,"column":0},"end":{"line":10,"column":22}},"10":{"start":{"line":11,"column":0},"end":{"line":11,"column":31}},"11":{"start":{"line":12,"column":0},"end":{"line":12,"column":0}},"12":{"start":{"line":13,"column":0},"end":{"line":13,"column":16}},"13":{"start":{"line":14,"column":0},"end":{"line":14,"column":14}},"14":{"start":{"line":15,"column":0},"end":{"line":15,"column":22}},"15":{"start":{"line":16,"column":0},"end":{"line":16,"column":21}},"16":{"start":{"line":17,"column":0},"end":{"line":17,"column":22}},"17":{"start":{"line":18,"column":0},"end":{"line":18,"column":19}},"18":{"start":{"line":19,"column":0},"end":{"line":19,"column":15}},"19":{"start":{"line":20,"column":0},"end":{"line":20,"column":23}},"20":{"start":{"line":21,"column":0},"end":{"line":21,"column":5}},"21":{"start":{"line":22,"column":0},"end":{"line":22,"column":32}},"22":{"start":{"line":23,"column":0},"end":{"line":23,"column":28}},"23":{"start":{"line":24,"column":0},"end":{"line":24,"column":36}},"24":{"start":{"line":25,"column":0},"end":{"line":25,"column":30}},"25":{"start":{"line":26,"column":0},"end":{"line":26,"column":22}},"26":{"start":{"line":27,"column":0},"end":{"line":27,"column":36}},"27":{"start":{"line":28,"column":0},"end":{"line":28,"column":3}},"28":{"start":{"line":29,"column":0},"end":{"line":29,"column":0}},"29":{"start":{"line":30,"column":0},"end":{"line":30,"column":22}},"30":{"start":{"line":31,"column":0},"end":{"line":31,"column":59}},"31":{"start":{"line":32,"column":0},"end":{"line":32,"column":65}},"32":{"start":{"line":33,"column":0},"end":{"line":33,"column":0}},"33":{"start":{"line":34,"column":0},"end":{"line":34,"column":56}},"34":{"start":{"line":35,"column":0},"end":{"line":35,"column":62}},"35":{"start":{"line":36,"column":0},"end":{"line":36,"column":0}},"36":{"start":{"line":37,"column":0},"end":{"line":37,"column":61}},"37":{"start":{"line":38,"column":0},"end":{"line":38,"column":67}},"38":{"start":{"line":39,"column":0},"end":{"line":39,"column":0}},"39":{"start":{"line":40,"column":0},"end":{"line":40,"column":55}},"40":{"start":{"line":41,"column":0},"end":{"line":41,"column":61}},"41":{"start":{"line":42,"column":0},"end":{"line":42,"column":0}},"42":{"start":{"line":43,"column":0},"end":{"line":43,"column":47}},"43":{"start":{"line":44,"column":0},"end":{"line":44,"column":53}},"44":{"start":{"line":45,"column":0},"end":{"line":45,"column":0}},"45":{"start":{"line":46,"column":0},"end":{"line":46,"column":63}},"46":{"start":{"line":47,"column":0},"end":{"line":47,"column":69}},"47":{"start":{"line":48,"column":0},"end":{"line":48,"column":0}},"48":{"start":{"line":49,"column":0},"end":{"line":49,"column":38}},"49":{"start":{"line":50,"column":0},"end":{"line":50,"column":13}},"50":{"start":{"line":51,"column":0},"end":{"line":51,"column":3}},"51":{"start":{"line":52,"column":0},"end":{"line":52,"column":0}},"52":{"start":{"line":53,"column":0},"end":{"line":53,"column":19}},"53":{"start":{"line":54,"column":0},"end":{"line":54,"column":78}},"54":{"start":{"line":55,"column":0},"end":{"line":55,"column":56}},"55":{"start":{"line":56,"column":0},"end":{"line":56,"column":3}},"56":{"start":{"line":57,"column":0},"end":{"line":57,"column":1}},"57":{"start":{"line":58,"column":0},"end":{"line":58,"column":0}},"58":{"start":{"line":59,"column":0},"end":{"line":59,"column":23}}},"s":{"0":1,"1":1,"2":1,"3":1,"4":7,"5":7,"6":7,"7":7,"8":7,"9":7,"10":7,"11":7,"12":7,"13":7,"14":7,"15":7,"16":7,"17":7,"18":7,"19":7,"20":7,"21":7,"22":7,"23":7,"24":7,"25":7,"26":7,"27":7,"28":7,"29":7,"30":7,"31":7,"32":7,"33":7,"34":7,"35":7,"36":7,"37":7,"38":7,"39":7,"40":7,"41":7,"42":7,"43":7,"44":7,"45":7,"46":7,"47":7,"48":7,"49":0,"50":0,"51":7,"52":7,"53":7,"54":7,"55":7,"56":7,"57":1,"58":1},"branchMap":{"0":{"type":"branch","line":4,"loc":{"start":{"line":4,"column":13},"end":{"line":57,"column":1}},"locations":[{"start":{"line":4,"column":13},"end":{"line":57,"column":1}}]},"1":{"type":"branch","line":14,"loc":{"start":{"line":14,"column":2},"end":{"line":28,"column":3}},"locations":[{"start":{"line":14,"column":2},"end":{"line":28,"column":3}}]},"2":{"type":"branch","line":46,"loc":{"start":{"line":46,"column":9},"end":{"line":46,"column":63}},"locations":[{"start":{"line":46,"column":9},"end":{"line":46,"column":63}}]},"3":{"type":"branch","line":53,"loc":{"start":{"line":53,"column":9},"end":{"line":56,"column":3}},"locations":[{"start":{"line":53,"column":9},"end":{"line":56,"column":3}}]}},"b":{"0":[7],"1":[7],"2":[10],"3":[7]},"fnMap":{"0":{"name":"<instance_members_initializer>","decl":{"start":{"line":4,"column":13},"end":{"line":57,"column":1}},"loc":{"start":{"line":4,"column":13},"end":{"line":57,"column":1}},"line":4},"1":{"name":"Reserva","decl":{"start":{"line":14,"column":2},"end":{"line":28,"column":3}},"loc":{"start":{"line":14,"column":2},"end":{"line":28,"column":3}},"line":14},"2":{"name":"getIdReserva","decl":{"start":{"line":31,"column":9},"end":{"line":31,"column":59}},"loc":{"start":{"line":31,"column":9},"end":{"line":31,"column":59}},"line":31},"3":{"name":"setIdReserva","decl":{"start":{"line":32,"column":9},"end":{"line":32,"column":65}},"loc":{"start":{"line":32,"column":9},"end":{"line":32,"column":65}},"line":32},"4":{"name":"getCliente","decl":{"start":{"line":34,"column":9},"end":{"line":34,"column":56}},"loc":{"start":{"line":34,"column":9},"end":{"line":34,"column":56}},"line":34},"5":{"name":"setCliente","decl":{"start":{"line":35,"column":9},"end":{"line":35,"column":62}},"loc":{"start":{"line":35,"column":9},"end":{"line":35,"column":62}},"line":35},"6":{"name":"getFechaInicio","decl":{"start":{"line":37,"column":9},"end":{"line":37,"column":61}},"loc":{"start":{"line":37,"column":9},"end":{"line":37,"column":61}},"line":37},"7":{"name":"setFechaInicio","decl":{"start":{"line":38,"column":9},"end":{"line":38,"column":67}},"loc":{"start":{"line":38,"column":9},"end":{"line":38,"column":67}},"line":38},"8":{"name":"getFechaFin","decl":{"start":{"line":40,"column":9},"end":{"line":40,"column":55}},"loc":{"start":{"line":40,"column":9},"end":{"line":40,"column":55}},"line":40},"9":{"name":"setFechaFin","decl":{"start":{"line":41,"column":9},"end":{"line":41,"column":61}},"loc":{"start":{"line":41,"column":9},"end":{"line":41,"column":61}},"line":41},"10":{"name":"getAuto","decl":{"start":{"line":43,"column":9},"end":{"line":43,"column":47}},"loc":{"start":{"line":43,"column":9},"end":{"line":43,"column":47}},"line":43},"11":{"name":"setAuto","decl":{"start":{"line":44,"column":9},"end":{"line":44,"column":53}},"loc":{"start":{"line":44,"column":9},"end":{"line":44,"column":53}},"line":44},"12":{"name":"getKilometraje","decl":{"start":{"line":46,"column":9},"end":{"line":46,"column":63}},"loc":{"start":{"line":46,"column":9},"end":{"line":46,"column":63}},"line":46},"13":{"name":"setKilometraje","decl":{"start":{"line":47,"column":9},"end":{"line":47,"column":69}},"loc":{"start":{"line":47,"column":9},"end":{"line":47,"column":69}},"line":47},"14":{"name":"costoTotalReserva","decl":{"start":{"line":49,"column":9},"end":{"line":51,"column":3}},"loc":{"start":{"line":49,"column":9},"end":{"line":51,"column":3}},"line":49},"15":{"name":"getDias","decl":{"start":{"line":53,"column":9},"end":{"line":56,"column":3}},"loc":{"start":{"line":53,"column":9},"end":{"line":56,"column":3}},"line":53}},"f":{"0":7,"1":7,"2":0,"3":0,"4":0,"5":0,"6":0,"7":0,"8":0,"9":0,"10":0,"11":0,"12":10,"13":0,"14":0,"15":7}}
,"C:\\Users\\tomas\\Downloads\\TP-DriveHub-Grupo-6\\TP-PROGRA2-2025\\src\\models\\SUV.ts": {"path":"C:\\Users\\tomas\\Downloads\\TP-DriveHub-Grupo-6\\TP-PROGRA2-2025\\src\\models\\SUV.ts","all":false,"statementMap":{"0":{"start":{"line":1,"column":0},"end":{"line":1,"column":26}},"1":{"start":{"line":2,"column":0},"end":{"line":2,"column":32}},"2":{"start":{"line":3,"column":0},"end":{"line":3,"column":0}},"3":{"start":{"line":4,"column":0},"end":{"line":4,"column":24}},"4":{"start":{"line":5,"column":0},"end":{"line":5,"column":31}},"5":{"start":{"line":6,"column":0},"end":{"line":6,"column":0}},"6":{"start":{"line":7,"column":0},"end":{"line":7,"column":87}},"7":{"start":{"line":8,"column":0},"end":{"line":8,"column":44}},"8":{"start":{"line":9,"column":0},"end":{"line":9,"column":36}},"9":{"start":{"line":10,"column":0},"end":{"line":10,"column":5}},"10":{"start":{"line":11,"column":0},"end":{"line":11,"column":0}},"11":{"start":{"line":12,"column":0},"end":{"line":12,"column":61}},"12":{"start":{"line":13,"column":0},"end":{"line":13,"column":67}},"13":{"start":{"line":14,"column":0},"end":{"line":14,"column":0}},"14":{"start":{"line":15,"column":0},"end":{"line":15,"column":51}},"15":{"start":{"line":16,"column":0},"end":{"line":16,"column":83}},"16":{"start":{"line":17,"column":0},"end":{"line":17,"column":5}},"17":{"start":{"line":18,"column":0},"end":{"line":18,"column":0}},"18":{"start":{"line":19,"column":0},"end":{"line":19,"column":51}},"19":{"start":{"line":20,"column":0},"end":{"line":20,"column":68}},"20":{"start":{"line":21,"column":0},"end":{"line":21,"column":0}},"21":{"start":{"line":22,"column":0},"end":{"line":22,"column":41}},"22":{"start":{"line":23,"column":0},"end":{"line":23,"column":72}},"23":{"start":{"line":24,"column":0},"end":{"line":24,"column":9}},"24":{"start":{"line":25,"column":0},"end":{"line":25,"column":0}},"25":{"start":{"line":26,"column":0},"end":{"line":26,"column":34}},"26":{"start":{"line":27,"column":0},"end":{"line":27,"column":5}},"27":{"start":{"line":28,"column":0},"end":{"line":28,"column":0}},"28":{"start":{"line":29,"column":0},"end":{"line":29,"column":1}},"29":{"start":{"line":30,"column":0},"end":{"line":30,"column":0}},"30":{"start":{"line":31,"column":0},"end":{"line":31,"column":19}}},"s":{"0":1,"1":1,"2":1,"3":1,"4":2,"5":2,"6":2,"7":2,"8":2,"9":2,"10":2,"11":2,"12":2,"13":2,"14":2,"15":1,"16":1,"17":2,"18":2,"19":2,"20":2,"21":2,"22":2,"23":2,"24":2,"25":2,"26":2,"27":2,"28":2,"29":1,"30":1},"branchMap":{"0":{"type":"branch","line":4,"loc":{"start":{"line":4,"column":22},"end":{"line":29,"column":1}},"locations":[{"start":{"line":4,"column":22},"end":{"line":29,"column":1}}]},"1":{"type":"branch","line":7,"loc":{"start":{"line":7,"column":4},"end":{"line":10,"column":5}},"locations":[{"start":{"line":7,"column":4},"end":{"line":10,"column":5}}]},"2":{"type":"branch","line":15,"loc":{"start":{"line":15,"column":11},"end":{"line":17,"column":5}},"locations":[{"start":{"line":15,"column":11},"end":{"line":17,"column":5}}]},"3":{"type":"branch","line":19,"loc":{"start":{"line":19,"column":11},"end":{"line":27,"column":5}},"locations":[{"start":{"line":19,"column":11},"end":{"line":27,"column":5}}]}},"b":{"0":[2],"1":[2],"2":[1],"3":[2]},"fnMap":{"0":{"name":"<instance_members_initializer>","decl":{"start":{"line":4,"column":22},"end":{"line":29,"column":1}},"loc":{"start":{"line":4,"column":22},"end":{"line":29,"column":1}},"line":4},"1":{"name":"SUV","decl":{"start":{"line":7,"column":4},"end":{"line":10,"column":5}},"loc":{"start":{"line":7,"column":4},"end":{"line":10,"column":5}},"line":7},"2":{"name":"getCargoFijo","decl":{"start":{"line":12,"column":11},"end":{"line":12,"column":61}},"loc":{"start":{"line":12,"column":11},"end":{"line":12,"column":61}},"line":12},"3":{"name":"setCargoFijo","decl":{"start":{"line":13,"column":11},"end":{"line":13,"column":67}},"loc":{"start":{"line":13,"column":11},"end":{"line":13,"column":67}},"line":13},"4":{"name":"calcularBase","decl":{"start":{"line":15,"column":11},"end":{"line":17,"column":5}},"loc":{"start":{"line":15,"column":11},"end":{"line":17,"column":5}},"line":15},"5":{"name":"aplicarCargo","decl":{"start":{"line":19,"column":11},"end":{"line":27,"column":5}},"loc":{"start":{"line":19,"column":11},"end":{"line":27,"column":5}},"line":19}},"f":{"0":2,"1":2,"2":0,"3":0,"4":1,"5":2}}
,"C:\\Users\\tomas\\Downloads\\TP-DriveHub-Grupo-6\\TP-PROGRA2-2025\\src\\models\\Sedan.ts": {"path":"C:\\Users\\tomas\\Downloads\\TP-DriveHub-Grupo-6\\TP-PROGRA2-2025\\src\\models\\Sedan.ts","all":false,"statementMap":{"0":{"start":{"line":1,"column":0},"end":{"line":1,"column":26}},"1":{"start":{"line":2,"column":0},"end":{"line":2,"column":32}},"2":{"start":{"line":3,"column":0},"end":{"line":3,"column":0}},"3":{"start":{"line":4,"column":0},"end":{"line":4,"column":41}},"4":{"start":{"line":5,"column":0},"end":{"line":5,"column":39}},"5":{"start":{"line":6,"column":0},"end":{"line":6,"column":0}},"6":{"start":{"line":7,"column":0},"end":{"line":7,"column":101}},"7":{"start":{"line":8,"column":0},"end":{"line":8,"column":44}},"8":{"start":{"line":9,"column":0},"end":{"line":9,"column":52}},"9":{"start":{"line":10,"column":0},"end":{"line":10,"column":5}},"10":{"start":{"line":11,"column":0},"end":{"line":11,"column":0}},"11":{"start":{"line":12,"column":0},"end":{"line":12,"column":43}},"12":{"start":{"line":13,"column":0},"end":{"line":13,"column":41}},"13":{"start":{"line":14,"column":0},"end":{"line":14,"column":9}},"14":{"start":{"line":15,"column":0},"end":{"line":15,"column":48}},"15":{"start":{"line":16,"column":0},"end":{"line":16,"column":42}},"16":{"start":{"line":17,"column":0},"end":{"line":17,"column":9}},"17":{"start":{"line":18,"column":0},"end":{"line":18,"column":0}},"18":{"start":{"line":19,"column":0},"end":{"line":19,"column":51}},"19":{"start":{"line":20,"column":0},"end":{"line":20,"column":44}},"20":{"start":{"line":21,"column":0},"end":{"line":21,"column":5}},"21":{"start":{"line":22,"column":0},"end":{"line":22,"column":0}},"22":{"start":{"line":23,"column":0},"end":{"line":23,"column":51}},"23":{"start":{"line":24,"column":0},"end":{"line":24,"column":81}},"24":{"start":{"line":25,"column":0},"end":{"line":25,"column":5}},"25":{"start":{"line":26,"column":0},"end":{"line":26,"column":1}}},"s":{"0":1,"1":1,"2":1,"3":1,"4":2,"5":2,"6":2,"7":2,"8":2,"9":2,"10":2,"11":2,"12":0,"13":0,"14":2,"15":0,"16":0,"17":2,"18":2,"19":2,"20":2,"21":2,"22":2,"23":1,"24":1,"25":2},"branchMap":{"0":{"type":"branch","line":4,"loc":{"start":{"line":4,"column":39},"end":{"line":26,"column":1}},"locations":[{"start":{"line":4,"column":39},"end":{"line":26,"column":1}}]},"1":{"type":"branch","line":7,"loc":{"start":{"line":7,"column":4},"end":{"line":10,"column":5}},"locations":[{"start":{"line":7,"column":4},"end":{"line":10,"column":5}}]},"2":{"type":"branch","line":19,"loc":{"start":{"line":19,"column":11},"end":{"line":21,"column":5}},"locations":[{"start":{"line":19,"column":11},"end":{"line":21,"column":5}}]},"3":{"type":"branch","line":23,"loc":{"start":{"line":23,"column":11},"end":{"line":25,"column":5}},"locations":[{"start":{"line":23,"column":11},"end":{"line":25,"column":5}}]}},"b":{"0":[2],"1":[2],"2":[2],"3":[1]},"fnMap":{"0":{"name":"<instance_members_initializer>","decl":{"start":{"line":4,"column":39},"end":{"line":26,"column":1}},"loc":{"start":{"line":4,"column":39},"end":{"line":26,"column":1}},"line":4},"1":{"name":"Sedan","decl":{"start":{"line":7,"column":4},"end":{"line":10,"column":5}},"loc":{"start":{"line":7,"column":4},"end":{"line":10,"column":5}},"line":7},"2":{"name":"getCargoPorKilometro","decl":{"start":{"line":12,"column":11},"end":{"line":14,"column":9}},"loc":{"start":{"line":12,"column":11},"end":{"line":14,"column":9}},"line":12},"3":{"name":"setCargoPorKilometro","decl":{"start":{"line":15,"column":11},"end":{"line":17,"column":9}},"loc":{"start":{"line":15,"column":11},"end":{"line":17,"column":9}},"line":15},"4":{"name":"aplicarCargo","decl":{"start":{"line":19,"column":11},"end":{"line":21,"column":5}},"loc":{"start":{"line":19,"column":11},"end":{"line":21,"column":5}},"line":19},"5":{"name":"calcularBase","decl":{"start":{"line":23,"column":11},"end":{"line":25,"column":5}},"loc":{"start":{"line":23,"column":11},"end":{"line":25,"column":5}},"line":23}},"f":{"0":2,"1":2,"2":0,"3":0,"4":2,"5":1}}
}
