TN:
SF:src\enums\ESTADO_VEHICULO.ts
FNF:0
FNH:0
DA:1,3
DA:2,3
DA:3,3
DA:4,3
DA:5,3
DA:6,3
DA:7,1
DA:8,1
LF:8
LH:8
BRDA:1,0,0,3
BRF:1
BRH:1
end_of_record
TN:
SF:src\models\Auto.ts
FN:4,<instance_members_initializer>
FN:10,Auto
FN:18,getNroMatricula
FN:19,setNroMatricula
FN:21,getEstado
FN:22,actualizarEstado
FN:24,getTarifa
FN:25,setTarifa
FN:27,getCargoAdicional
FN:28,setCargoAdicional
FNF:10
FNH:3
FNDA:6,<instance_members_initializer>
FNDA:6,Auto
FNDA:0,getNroMatricula
FNDA:0,setNroMatricula
FNDA:0,getEstado
FNDA:0,actualizarEstado
FNDA:3,getTarifa
FNDA:0,setTarifa
FNDA:0,getCargoAdicional
FNDA:0,setCargoAdicional
DA:1,1
DA:2,1
DA:3,1
DA:4,1
DA:5,6
DA:6,6
DA:7,6
DA:8,6
DA:9,6
DA:10,6
DA:11,6
DA:12,6
DA:13,6
DA:14,6
DA:15,6
DA:16,6
DA:17,6
DA:18,6
DA:19,6
DA:20,6
DA:21,6
DA:22,6
DA:23,6
DA:24,6
DA:25,6
DA:26,6
DA:27,6
DA:28,6
DA:29,6
DA:30,6
DA:31,6
DA:32,6
DA:33,6
DA:34,6
DA:35,1
DA:36,1
LF:36
LH:36
BRDA:4,0,0,6
BRDA:10,1,0,6
BRDA:24,2,0,3
BRF:3
BRH:3
end_of_record
TN:
SF:src\models\Cliente.ts
FN:3,<instance_members_initializer>
FN:9,Cliente
FN:17,getLegajo
FN:18,setLegajo
FN:20,getNroReserva
FN:21,setNroReserva
FN:23,getNombre
FN:24,setNombre
FN:26,getReservas
FN:28,agregarReserva
FNF:10
FNH:2
FNDA:6,<instance_members_initializer>
FNDA:6,Cliente
FNDA:0,getLegajo
FNDA:0,setLegajo
FNDA:0,getNroReserva
FNDA:0,setNroReserva
FNDA:0,getNombre
FNDA:0,setNombre
FNDA:0,getReservas
FNDA:0,agregarReserva
DA:1,1
DA:2,1
DA:3,1
DA:4,6
DA:5,6
DA:6,6
DA:7,6
DA:8,6
DA:9,6
DA:10,6
DA:11,6
DA:12,6
DA:13,6
DA:14,6
DA:15,6
DA:16,6
DA:17,6
DA:18,6
DA:19,6
DA:20,6
DA:21,6
DA:22,6
DA:23,6
DA:24,6
DA:25,6
DA:26,6
DA:27,6
DA:28,6
DA:29,0
DA:30,0
DA:31,0
DA:32,6
DA:33,1
DA:34,1
LF:34
LH:31
BRDA:3,0,0,6
BRDA:9,1,0,6
BRF:2
BRH:2
end_of_record
TN:
SF:src\models\Compacto.ts
FN:4,<instance_members_initializer>
FN:7,Compacto
FN:12,getDescuentoDia
FN:13,setDescuentoDia
FN:15,aplicarCargo
FN:25,calcularBase
FNF:6
FNH:4
FNDA:2,<instance_members_initializer>
FNDA:2,Compacto
FNDA:0,getDescuentoDia
FNDA:0,setDescuentoDia
FNDA:2,aplicarCargo
FNDA:1,calcularBase
DA:1,1
DA:2,1
DA:3,1
DA:4,1
DA:5,2
DA:6,2
DA:7,2
DA:8,2
DA:9,2
DA:10,2
DA:11,2
DA:12,2
DA:13,2
DA:14,2
DA:15,2
DA:16,2
DA:17,2
DA:18,2
DA:19,2
DA:20,2
DA:21,2
DA:22,2
DA:23,2
DA:24,2
DA:25,2
DA:26,1
DA:27,1
DA:28,2
DA:29,1
DA:30,1
LF:30
LH:30
BRDA:4,0,0,2
BRDA:7,1,0,2
BRDA:15,2,0,2
BRDA:25,3,0,1
BRF:4
BRH:4
end_of_record
TN:
SF:src\models\Reserva.ts
FN:4,<instance_members_initializer>
FN:14,Reserva
FN:31,getIdReserva
FN:32,setIdReserva
FN:34,getCliente
FN:35,setCliente
FN:37,getFechaInicio
FN:38,setFechaInicio
FN:40,getFechaFin
FN:41,setFechaFin
FN:43,getAuto
FN:44,setAuto
FN:46,getKilometraje
FN:47,setKilometraje
FN:49,costoTotalReserva
FN:53,getDias
FNF:16
FNH:4
FNDA:7,<instance_members_initializer>
FNDA:7,Reserva
FNDA:0,getIdReserva
FNDA:0,setIdReserva
FNDA:0,getCliente
FNDA:0,setCliente
FNDA:0,getFechaInicio
FNDA:0,setFechaInicio
FNDA:0,getFechaFin
FNDA:0,setFechaFin
FNDA:0,getAuto
FNDA:0,setAuto
FNDA:10,getKilometraje
FNDA:0,setKilometraje
FNDA:0,costoTotalReserva
FNDA:7,getDias
DA:1,1
DA:2,1
DA:3,1
DA:4,1
DA:5,7
DA:6,7
DA:7,7
DA:8,7
DA:9,7
DA:10,7
DA:11,7
DA:12,7
DA:13,7
DA:14,7
DA:15,7
DA:16,7
DA:17,7
DA:18,7
DA:19,7
DA:20,7
DA:21,7
DA:22,7
DA:23,7
DA:24,7
DA:25,7
DA:26,7
DA:27,7
DA:28,7
DA:29,7
DA:30,7
DA:31,7
DA:32,7
DA:33,7
DA:34,7
DA:35,7
DA:36,7
DA:37,7
DA:38,7
DA:39,7
DA:40,7
DA:41,7
DA:42,7
DA:43,7
DA:44,7
DA:45,7
DA:46,7
DA:47,7
DA:48,7
DA:49,7
DA:50,0
DA:51,0
DA:52,7
DA:53,7
DA:54,7
DA:55,7
DA:56,7
DA:57,7
DA:58,1
DA:59,1
LF:59
LH:57
BRDA:4,0,0,7
BRDA:14,1,0,7
BRDA:46,2,0,10
BRDA:53,3,0,7
BRF:4
BRH:4
end_of_record
TN:
SF:src\models\SUV.ts
FN:4,<instance_members_initializer>
FN:7,SUV
FN:12,getCargoFijo
FN:13,setCargoFijo
FN:15,calcularBase
FN:19,aplicarCargo
FNF:6
FNH:4
FNDA:2,<instance_members_initializer>
FNDA:2,SUV
FNDA:0,getCargoFijo
FNDA:0,setCargoFijo
FNDA:1,calcularBase
FNDA:2,aplicarCargo
DA:1,1
DA:2,1
DA:3,1
DA:4,1
DA:5,2
DA:6,2
DA:7,2
DA:8,2
DA:9,2
DA:10,2
DA:11,2
DA:12,2
DA:13,2
DA:14,2
DA:15,2
DA:16,1
DA:17,1
DA:18,2
DA:19,2
DA:20,2
DA:21,2
DA:22,2
DA:23,2
DA:24,2
DA:25,2
DA:26,2
DA:27,2
DA:28,2
DA:29,2
DA:30,1
DA:31,1
LF:31
LH:31
BRDA:4,0,0,2
BRDA:7,1,0,2
BRDA:15,2,0,1
BRDA:19,3,0,2
BRF:4
BRH:4
end_of_record
TN:
SF:src\models\Sedan.ts
FN:4,<instance_members_initializer>
FN:7,Sedan
FN:12,getCargoPorKilometro
FN:15,setCargoPorKilometro
FN:19,aplicarCargo
FN:23,calcularBase
FNF:6
FNH:4
FNDA:2,<instance_members_initializer>
FNDA:2,Sedan
FNDA:0,getCargoPorKilometro
FNDA:0,setCargoPorKilometro
FNDA:2,aplicarCargo
FNDA:1,calcularBase
DA:1,1
DA:2,1
DA:3,1
DA:4,1
DA:5,2
DA:6,2
DA:7,2
DA:8,2
DA:9,2
DA:10,2
DA:11,2
DA:12,2
DA:13,0
DA:14,0
DA:15,2
DA:16,0
DA:17,0
DA:18,2
DA:19,2
DA:20,2
DA:21,2
DA:22,2
DA:23,2
DA:24,1
DA:25,1
DA:26,2
LF:26
LH:22
BRDA:4,0,0,2
BRDA:7,1,0,2
BRDA:19,2,0,2
BRDA:23,3,0,1
BRF:4
BRH:4
end_of_record
