{"C:\\Users\\Marco\\Desktop\\TP-DriveHub-Grupo-6\\src\\enums\\ESTADO_VEHICULO.ts": {"path":"C:\\Users\\Marco\\Desktop\\TP-DriveHub-Grupo-6\\src\\enums\\ESTADO_VEHICULO.ts","all":false,"statementMap":{"0":{"start":{"line":1,"column":0},"end":{"line":1,"column":22}},"1":{"start":{"line":2,"column":0},"end":{"line":2,"column":30}},"2":{"start":{"line":3,"column":0},"end":{"line":3,"column":31}},"3":{"start":{"line":4,"column":0},"end":{"line":4,"column":36}},"4":{"start":{"line":5,"column":0},"end":{"line":5,"column":25}},"5":{"start":{"line":6,"column":0},"end":{"line":6,"column":1}},"6":{"start":{"line":7,"column":0},"end":{"line":7,"column":0}},"7":{"start":{"line":8,"column":0},"end":{"line":8,"column":31}}},"s":{"0":9,"1":9,"2":9,"3":9,"4":9,"5":9,"6":1,"7":1},"branchMap":{"0":{"type":"branch","line":1,"loc":{"start":{"line":1,"column":0},"end":{"line":6,"column":1}},"locations":[{"start":{"line":1,"column":0},"end":{"line":6,"column":1}}]}},"b":{"0":[9]},"fnMap":{},"f":{}}
,"C:\\Users\\Marco\\Desktop\\TP-DriveHub-Grupo-6\\src\\models\\Alta.ts": {"path":"C:\\Users\\Marco\\Desktop\\TP-DriveHub-Grupo-6\\src\\models\\Alta.ts","all":false,"statementMap":{"0":{"start":{"line":1,"column":0},"end":{"line":1,"column":38}},"1":{"start":{"line":2,"column":0},"end":{"line":2,"column":0}},"2":{"start":{"line":3,"column":0},"end":{"line":3,"column":3}},"3":{"start":{"line":4,"column":0},"end":{"line":4,"column":30}},"4":{"start":{"line":5,"column":0},"end":{"line":5,"column":57}},"5":{"start":{"line":6,"column":0},"end":{"line":6,"column":21}},"6":{"start":{"line":7,"column":0},"end":{"line":7,"column":3}},"7":{"start":{"line":8,"column":0},"end":{"line":8,"column":31}},"8":{"start":{"line":9,"column":0},"end":{"line":9,"column":0}},"9":{"start":{"line":10,"column":0},"end":{"line":10,"column":19}},"10":{"start":{"line":11,"column":0},"end":{"line":11,"column":48}},"11":{"start":{"line":12,"column":0},"end":{"line":12,"column":5}},"12":{"start":{"line":13,"column":0},"end":{"line":13,"column":1}},"13":{"start":{"line":14,"column":0},"end":{"line":14,"column":0}},"14":{"start":{"line":15,"column":0},"end":{"line":15,"column":20}}},"s":{"0":1,"1":1,"2":1,"3":1,"4":1,"5":1,"6":1,"7":1,"8":1,"9":1,"10":32,"11":32,"12":1,"13":1,"14":1},"branchMap":{"0":{"type":"branch","line":10,"loc":{"start":{"line":10,"column":4},"end":{"line":12,"column":5}},"locations":[{"start":{"line":10,"column":4},"end":{"line":12,"column":5}}]}},"b":{"0":[32]},"fnMap":{"0":{"name":"Alta","decl":{"start":{"line":10,"column":4},"end":{"line":12,"column":5}},"loc":{"start":{"line":10,"column":4},"end":{"line":12,"column":5}},"line":10}},"f":{"0":32}}
,"C:\\Users\\Marco\\Desktop\\TP-DriveHub-Grupo-6\\src\\models\\Auto.ts": {"path":"C:\\Users\\Marco\\Desktop\\TP-DriveHub-Grupo-6\\src\\models\\Auto.ts","all":false,"statementMap":{"0":{"start":{"line":1,"column":0},"end":{"line":1,"column":55}},"1":{"start":{"line":2,"column":0},"end":{"line":2,"column":46}},"2":{"start":{"line":3,"column":0},"end":{"line":3,"column":32}},"3":{"start":{"line":4,"column":0},"end":{"line":4,"column":0}},"4":{"start":{"line":5,"column":0},"end":{"line":5,"column":3}},"5":{"start":{"line":6,"column":0},"end":{"line":6,"column":23}},"6":{"start":{"line":7,"column":0},"end":{"line":7,"column":73}},"7":{"start":{"line":8,"column":0},"end":{"line":8,"column":74}},"8":{"start":{"line":9,"column":0},"end":{"line":9,"column":3}},"9":{"start":{"line":10,"column":0},"end":{"line":10,"column":21}},"10":{"start":{"line":11,"column":0},"end":{"line":11,"column":34}},"11":{"start":{"line":12,"column":0},"end":{"line":12,"column":34}},"12":{"start":{"line":13,"column":0},"end":{"line":13,"column":28}},"13":{"start":{"line":14,"column":0},"end":{"line":14,"column":36}},"14":{"start":{"line":15,"column":0},"end":{"line":15,"column":48}},"15":{"start":{"line":16,"column":0},"end":{"line":16,"column":41}},"16":{"start":{"line":17,"column":0},"end":{"line":17,"column":41}},"17":{"start":{"line":18,"column":0},"end":{"line":18,"column":0}},"18":{"start":{"line":19,"column":0},"end":{"line":19,"column":0}},"19":{"start":{"line":20,"column":0},"end":{"line":20,"column":7}},"20":{"start":{"line":21,"column":0},"end":{"line":21,"column":39}},"21":{"start":{"line":22,"column":0},"end":{"line":22,"column":71}},"22":{"start":{"line":23,"column":0},"end":{"line":23,"column":99}},"23":{"start":{"line":24,"column":0},"end":{"line":24,"column":51}},"24":{"start":{"line":25,"column":0},"end":{"line":25,"column":72}},"25":{"start":{"line":26,"column":0},"end":{"line":26,"column":7}},"26":{"start":{"line":27,"column":0},"end":{"line":27,"column":201}},"27":{"start":{"line":28,"column":0},"end":{"line":28,"column":42}},"28":{"start":{"line":29,"column":0},"end":{"line":29,"column":30}},"29":{"start":{"line":30,"column":0},"end":{"line":30,"column":30}},"30":{"start":{"line":31,"column":0},"end":{"line":31,"column":46}},"31":{"start":{"line":32,"column":0},"end":{"line":32,"column":70}},"32":{"start":{"line":33,"column":0},"end":{"line":33,"column":60}},"33":{"start":{"line":34,"column":0},"end":{"line":34,"column":59}},"34":{"start":{"line":35,"column":0},"end":{"line":35,"column":5}},"35":{"start":{"line":36,"column":0},"end":{"line":36,"column":0}},"36":{"start":{"line":37,"column":0},"end":{"line":37,"column":24}},"37":{"start":{"line":38,"column":0},"end":{"line":38,"column":7}},"38":{"start":{"line":39,"column":0},"end":{"line":39,"column":38}},"39":{"start":{"line":40,"column":0},"end":{"line":40,"column":24}},"40":{"start":{"line":41,"column":0},"end":{"line":41,"column":7}},"41":{"start":{"line":42,"column":0},"end":{"line":42,"column":67}},"42":{"start":{"line":43,"column":0},"end":{"line":43,"column":0}},"43":{"start":{"line":44,"column":0},"end":{"line":44,"column":7}},"44":{"start":{"line":45,"column":0},"end":{"line":45,"column":40}},"45":{"start":{"line":46,"column":0},"end":{"line":46,"column":28}},"46":{"start":{"line":47,"column":0},"end":{"line":47,"column":7}},"47":{"start":{"line":48,"column":0},"end":{"line":48,"column":73}},"48":{"start":{"line":49,"column":0},"end":{"line":49,"column":0}},"49":{"start":{"line":50,"column":0},"end":{"line":50,"column":7}},"50":{"start":{"line":51,"column":0},"end":{"line":51,"column":45}},"51":{"start":{"line":52,"column":0},"end":{"line":52,"column":33}},"52":{"start":{"line":53,"column":0},"end":{"line":53,"column":7}},"53":{"start":{"line":54,"column":0},"end":{"line":54,"column":61}},"54":{"start":{"line":55,"column":0},"end":{"line":55,"column":0}},"55":{"start":{"line":56,"column":0},"end":{"line":56,"column":7}},"56":{"start":{"line":57,"column":0},"end":{"line":57,"column":40}},"57":{"start":{"line":58,"column":0},"end":{"line":58,"column":37}},"58":{"start":{"line":59,"column":0},"end":{"line":59,"column":7}},"59":{"start":{"line":60,"column":0},"end":{"line":60,"column":74}},"60":{"start":{"line":61,"column":0},"end":{"line":61,"column":0}},"61":{"start":{"line":62,"column":0},"end":{"line":62,"column":7}},"62":{"start":{"line":63,"column":0},"end":{"line":63,"column":50}},"63":{"start":{"line":64,"column":0},"end":{"line":64,"column":24}},"64":{"start":{"line":65,"column":0},"end":{"line":65,"column":7}},"65":{"start":{"line":66,"column":0},"end":{"line":66,"column":55}},"66":{"start":{"line":67,"column":0},"end":{"line":67,"column":0}},"67":{"start":{"line":68,"column":0},"end":{"line":68,"column":7}},"68":{"start":{"line":69,"column":0},"end":{"line":69,"column":52}},"69":{"start":{"line":70,"column":0},"end":{"line":70,"column":28}},"70":{"start":{"line":71,"column":0},"end":{"line":71,"column":7}},"71":{"start":{"line":72,"column":0},"end":{"line":72,"column":61}},"72":{"start":{"line":73,"column":0},"end":{"line":73,"column":0}},"73":{"start":{"line":74,"column":0},"end":{"line":74,"column":7}},"74":{"start":{"line":75,"column":0},"end":{"line":75,"column":63}},"75":{"start":{"line":76,"column":0},"end":{"line":76,"column":24}},"76":{"start":{"line":77,"column":0},"end":{"line":77,"column":7}},"77":{"start":{"line":78,"column":0},"end":{"line":78,"column":71}},"78":{"start":{"line":79,"column":0},"end":{"line":79,"column":0}},"79":{"start":{"line":80,"column":0},"end":{"line":80,"column":7}},"80":{"start":{"line":81,"column":0},"end":{"line":81,"column":49}},"81":{"start":{"line":82,"column":0},"end":{"line":82,"column":28}},"82":{"start":{"line":83,"column":0},"end":{"line":83,"column":7}},"83":{"start":{"line":84,"column":0},"end":{"line":84,"column":77}},"84":{"start":{"line":85,"column":0},"end":{"line":85,"column":0}},"85":{"start":{"line":86,"column":0},"end":{"line":86,"column":61}},"86":{"start":{"line":87,"column":0},"end":{"line":87,"column":7}},"87":{"start":{"line":88,"column":0},"end":{"line":88,"column":72}},"88":{"start":{"line":89,"column":0},"end":{"line":89,"column":52}},"89":{"start":{"line":90,"column":0},"end":{"line":90,"column":53}},"90":{"start":{"line":91,"column":0},"end":{"line":91,"column":7}},"91":{"start":{"line":92,"column":0},"end":{"line":92,"column":52}},"92":{"start":{"line":93,"column":0},"end":{"line":93,"column":0}},"93":{"start":{"line":94,"column":0},"end":{"line":94,"column":7}},"94":{"start":{"line":95,"column":0},"end":{"line":95,"column":91}},"95":{"start":{"line":96,"column":0},"end":{"line":96,"column":52}},"96":{"start":{"line":97,"column":0},"end":{"line":97,"column":46}},"97":{"start":{"line":98,"column":0},"end":{"line":98,"column":7}},"98":{"start":{"line":99,"column":0},"end":{"line":99,"column":52}},"99":{"start":{"line":100,"column":0},"end":{"line":100,"column":0}},"100":{"start":{"line":101,"column":0},"end":{"line":101,"column":52}},"101":{"start":{"line":102,"column":0},"end":{"line":102,"column":48}},"102":{"start":{"line":103,"column":0},"end":{"line":103,"column":5}},"103":{"start":{"line":104,"column":0},"end":{"line":104,"column":57}},"104":{"start":{"line":105,"column":0},"end":{"line":105,"column":49}},"105":{"start":{"line":106,"column":0},"end":{"line":106,"column":5}},"106":{"start":{"line":107,"column":0},"end":{"line":107,"column":0}},"107":{"start":{"line":108,"column":0},"end":{"line":108,"column":45}},"108":{"start":{"line":109,"column":0},"end":{"line":109,"column":43}},"109":{"start":{"line":110,"column":0},"end":{"line":110,"column":5}},"110":{"start":{"line":111,"column":0},"end":{"line":111,"column":0}},"111":{"start":{"line":112,"column":0},"end":{"line":112,"column":50}},"112":{"start":{"line":113,"column":0},"end":{"line":113,"column":44}},"113":{"start":{"line":114,"column":0},"end":{"line":114,"column":5}},"114":{"start":{"line":115,"column":0},"end":{"line":115,"column":0}},"115":{"start":{"line":116,"column":0},"end":{"line":116,"column":47}},"116":{"start":{"line":117,"column":0},"end":{"line":117,"column":42}},"117":{"start":{"line":118,"column":0},"end":{"line":118,"column":5}},"118":{"start":{"line":119,"column":0},"end":{"line":119,"column":0}},"119":{"start":{"line":120,"column":0},"end":{"line":120,"column":52}},"120":{"start":{"line":121,"column":0},"end":{"line":121,"column":43}},"121":{"start":{"line":122,"column":0},"end":{"line":122,"column":5}},"122":{"start":{"line":123,"column":0},"end":{"line":123,"column":0}},"123":{"start":{"line":124,"column":0},"end":{"line":124,"column":43}},"124":{"start":{"line":125,"column":0},"end":{"line":125,"column":12}},"125":{"start":{"line":126,"column":0},"end":{"line":126,"column":36}},"126":{"start":{"line":127,"column":0},"end":{"line":127,"column":22}},"127":{"start":{"line":128,"column":0},"end":{"line":128,"column":24}},"128":{"start":{"line":129,"column":0},"end":{"line":129,"column":9}},"129":{"start":{"line":130,"column":0},"end":{"line":130,"column":5}},"130":{"start":{"line":131,"column":0},"end":{"line":131,"column":0}},"131":{"start":{"line":132,"column":0},"end":{"line":132,"column":1}},"132":{"start":{"line":133,"column":0},"end":{"line":133,"column":0}},"133":{"start":{"line":134,"column":0},"end":{"line":134,"column":20}}},"s":{"0":1,"1":1,"2":1,"3":1,"4":1,"5":1,"6":1,"7":1,"8":1,"9":1,"10":81,"11":81,"12":81,"13":81,"14":81,"15":81,"16":81,"17":81,"18":81,"19":81,"20":81,"21":81,"22":81,"23":81,"24":81,"25":81,"26":81,"27":81,"28":81,"29":81,"30":81,"31":81,"32":81,"33":81,"34":81,"35":81,"36":81,"37":81,"38":81,"39":81,"40":81,"41":81,"42":81,"43":81,"44":81,"45":81,"46":81,"47":81,"48":81,"49":81,"50":81,"51":81,"52":81,"53":81,"54":81,"55":81,"56":81,"57":81,"58":81,"59":81,"60":81,"61":81,"62":81,"63":81,"64":81,"65":81,"66":81,"67":81,"68":81,"69":81,"70":81,"71":81,"72":81,"73":81,"74":81,"75":81,"76":81,"77":81,"78":81,"79":81,"80":81,"81":81,"82":81,"83":81,"84":81,"85":81,"86":81,"87":81,"88":81,"89":81,"90":81,"91":81,"92":81,"93":81,"94":81,"95":81,"96":81,"97":81,"98":81,"99":81,"100":81,"101":2,"102":2,"103":81,"104":1,"105":1,"106":81,"107":81,"108":1,"109":1,"110":81,"111":81,"112":1,"113":1,"114":81,"115":81,"116":2,"117":2,"118":81,"119":81,"120":1,"121":1,"122":81,"123":81,"124":4,"125":4,"126":4,"127":0,"128":0,"129":4,"130":81,"131":81,"132":1,"133":1},"branchMap":{"0":{"type":"branch","line":10,"loc":{"start":{"line":10,"column":19},"end":{"line":132,"column":1}},"locations":[{"start":{"line":10,"column":19},"end":{"line":132,"column":1}}]},"1":{"type":"branch","line":27,"loc":{"start":{"line":27,"column":4},"end":{"line":35,"column":5}},"locations":[{"start":{"line":27,"column":4},"end":{"line":35,"column":5}}]},"2":{"type":"branch","line":42,"loc":{"start":{"line":42,"column":11},"end":{"line":42,"column":67}},"locations":[{"start":{"line":42,"column":11},"end":{"line":42,"column":67}}]},"3":{"type":"branch","line":48,"loc":{"start":{"line":48,"column":11},"end":{"line":48,"column":73}},"locations":[{"start":{"line":48,"column":11},"end":{"line":48,"column":73}}]},"4":{"type":"branch","line":54,"loc":{"start":{"line":54,"column":11},"end":{"line":54,"column":61}},"locations":[{"start":{"line":54,"column":11},"end":{"line":54,"column":61}}]},"5":{"type":"branch","line":60,"loc":{"start":{"line":60,"column":11},"end":{"line":60,"column":74}},"locations":[{"start":{"line":60,"column":11},"end":{"line":60,"column":74}}]},"6":{"type":"branch","line":66,"loc":{"start":{"line":66,"column":11},"end":{"line":66,"column":55}},"locations":[{"start":{"line":66,"column":11},"end":{"line":66,"column":55}}]},"7":{"type":"branch","line":72,"loc":{"start":{"line":72,"column":11},"end":{"line":72,"column":61}},"locations":[{"start":{"line":72,"column":11},"end":{"line":72,"column":61}}]},"8":{"type":"branch","line":78,"loc":{"start":{"line":78,"column":11},"end":{"line":78,"column":71}},"locations":[{"start":{"line":78,"column":11},"end":{"line":78,"column":71}}]},"9":{"type":"branch","line":84,"loc":{"start":{"line":84,"column":11},"end":{"line":84,"column":77}},"locations":[{"start":{"line":84,"column":11},"end":{"line":84,"column":77}}]},"10":{"type":"branch","line":101,"loc":{"start":{"line":101,"column":11},"end":{"line":103,"column":5}},"locations":[{"start":{"line":101,"column":11},"end":{"line":103,"column":5}}]},"11":{"type":"branch","line":104,"loc":{"start":{"line":104,"column":11},"end":{"line":106,"column":5}},"locations":[{"start":{"line":104,"column":11},"end":{"line":106,"column":5}}]},"12":{"type":"branch","line":108,"loc":{"start":{"line":108,"column":11},"end":{"line":110,"column":5}},"locations":[{"start":{"line":108,"column":11},"end":{"line":110,"column":5}}]},"13":{"type":"branch","line":112,"loc":{"start":{"line":112,"column":11},"end":{"line":114,"column":5}},"locations":[{"start":{"line":112,"column":11},"end":{"line":114,"column":5}}]},"14":{"type":"branch","line":116,"loc":{"start":{"line":116,"column":11},"end":{"line":118,"column":5}},"locations":[{"start":{"line":116,"column":11},"end":{"line":118,"column":5}}]},"15":{"type":"branch","line":120,"loc":{"start":{"line":120,"column":11},"end":{"line":122,"column":5}},"locations":[{"start":{"line":120,"column":11},"end":{"line":122,"column":5}}]},"16":{"type":"branch","line":124,"loc":{"start":{"line":124,"column":4},"end":{"line":130,"column":5}},"locations":[{"start":{"line":124,"column":4},"end":{"line":130,"column":5}}]},"17":{"type":"branch","line":127,"loc":{"start":{"line":127,"column":9},"end":{"line":129,"column":9}},"locations":[{"start":{"line":127,"column":9},"end":{"line":129,"column":9}}]}},"b":{"0":[81],"1":[81],"2":[3],"3":[1],"4":[9],"5":[11],"6":[28],"7":[15],"8":[2],"9":[1],"10":[2],"11":[1],"12":[1],"13":[1],"14":[2],"15":[1],"16":[4],"17":[0]},"fnMap":{"0":{"name":"<instance_members_initializer>","decl":{"start":{"line":10,"column":19},"end":{"line":132,"column":1}},"loc":{"start":{"line":10,"column":19},"end":{"line":132,"column":1}},"line":10},"1":{"name":"Auto","decl":{"start":{"line":27,"column":4},"end":{"line":35,"column":5}},"loc":{"start":{"line":27,"column":4},"end":{"line":35,"column":5}},"line":27},"2":{"name":"getNroMatricula","decl":{"start":{"line":42,"column":11},"end":{"line":42,"column":67}},"loc":{"start":{"line":42,"column":11},"end":{"line":42,"column":67}},"line":42},"3":{"name":"setNroMatricula","decl":{"start":{"line":48,"column":11},"end":{"line":48,"column":73}},"loc":{"start":{"line":48,"column":11},"end":{"line":48,"column":73}},"line":48},"4":{"name":"getEstado","decl":{"start":{"line":54,"column":11},"end":{"line":54,"column":61}},"loc":{"start":{"line":54,"column":11},"end":{"line":54,"column":61}},"line":54},"5":{"name":"actualizarEstado","decl":{"start":{"line":60,"column":11},"end":{"line":60,"column":74}},"loc":{"start":{"line":60,"column":11},"end":{"line":60,"column":74}},"line":60},"6":{"name":"getTarifa","decl":{"start":{"line":66,"column":11},"end":{"line":66,"column":55}},"loc":{"start":{"line":66,"column":11},"end":{"line":66,"column":55}},"line":66},"7":{"name":"setTarifa","decl":{"start":{"line":72,"column":11},"end":{"line":72,"column":61}},"loc":{"start":{"line":72,"column":11},"end":{"line":72,"column":61}},"line":72},"8":{"name":"getCargoAdicional","decl":{"start":{"line":78,"column":11},"end":{"line":78,"column":71}},"loc":{"start":{"line":78,"column":11},"end":{"line":78,"column":71}},"line":78},"9":{"name":"setCargoAdicional","decl":{"start":{"line":84,"column":11},"end":{"line":84,"column":77}},"loc":{"start":{"line":84,"column":11},"end":{"line":84,"column":77}},"line":84},"10":{"name":"getKmDesdeUltimoMantenimiento","decl":{"start":{"line":101,"column":11},"end":{"line":103,"column":5}},"loc":{"start":{"line":101,"column":11},"end":{"line":103,"column":5}},"line":101},"11":{"name":"setKmDesdeUltimoMantenimiento","decl":{"start":{"line":104,"column":11},"end":{"line":106,"column":5}},"loc":{"start":{"line":104,"column":11},"end":{"line":106,"column":5}},"line":104},"12":{"name":"getFechaUltMantenimiento","decl":{"start":{"line":108,"column":11},"end":{"line":110,"column":5}},"loc":{"start":{"line":108,"column":11},"end":{"line":110,"column":5}},"line":108},"13":{"name":"setFechaUltMantenimiento","decl":{"start":{"line":112,"column":11},"end":{"line":114,"column":5}},"loc":{"start":{"line":112,"column":11},"end":{"line":114,"column":5}},"line":112},"14":{"name":"getAlquileresCompletados","decl":{"start":{"line":116,"column":11},"end":{"line":118,"column":5}},"loc":{"start":{"line":116,"column":11},"end":{"line":118,"column":5}},"line":116},"15":{"name":"setAlquileresCompletados","decl":{"start":{"line":120,"column":11},"end":{"line":122,"column":5}},"loc":{"start":{"line":120,"column":11},"end":{"line":122,"column":5}},"line":120},"16":{"name":"puedeAlquilarse","decl":{"start":{"line":124,"column":4},"end":{"line":130,"column":5}},"loc":{"start":{"line":124,"column":4},"end":{"line":130,"column":5}},"line":124}},"f":{"0":81,"1":81,"2":3,"3":1,"4":9,"5":11,"6":28,"7":15,"8":2,"9":1,"10":2,"11":1,"12":1,"13":1,"14":2,"15":1,"16":4}}
,"C:\\Users\\Marco\\Desktop\\TP-DriveHub-Grupo-6\\src\\models\\Baja.ts": {"path":"C:\\Users\\Marco\\Desktop\\TP-DriveHub-Grupo-6\\src\\models\\Baja.ts","all":false,"statementMap":{"0":{"start":{"line":1,"column":0},"end":{"line":1,"column":38}},"1":{"start":{"line":2,"column":0},"end":{"line":2,"column":0}},"2":{"start":{"line":3,"column":0},"end":{"line":3,"column":3}},"3":{"start":{"line":4,"column":0},"end":{"line":4,"column":30}},"4":{"start":{"line":5,"column":0},"end":{"line":5,"column":59}},"5":{"start":{"line":6,"column":0},"end":{"line":6,"column":21}},"6":{"start":{"line":7,"column":0},"end":{"line":7,"column":3}},"7":{"start":{"line":8,"column":0},"end":{"line":8,"column":31}},"8":{"start":{"line":9,"column":0},"end":{"line":9,"column":0}},"9":{"start":{"line":10,"column":0},"end":{"line":10,"column":19}},"10":{"start":{"line":11,"column":0},"end":{"line":11,"column":48}},"11":{"start":{"line":12,"column":0},"end":{"line":12,"column":5}},"12":{"start":{"line":13,"column":0},"end":{"line":13,"column":1}},"13":{"start":{"line":14,"column":0},"end":{"line":14,"column":0}},"14":{"start":{"line":15,"column":0},"end":{"line":15,"column":20}}},"s":{"0":1,"1":1,"2":1,"3":1,"4":1,"5":1,"6":1,"7":1,"8":1,"9":1,"10":5,"11":5,"12":1,"13":1,"14":1},"branchMap":{"0":{"type":"branch","line":10,"loc":{"start":{"line":10,"column":4},"end":{"line":12,"column":5}},"locations":[{"start":{"line":10,"column":4},"end":{"line":12,"column":5}}]}},"b":{"0":[5]},"fnMap":{"0":{"name":"Baja","decl":{"start":{"line":10,"column":4},"end":{"line":12,"column":5}},"loc":{"start":{"line":10,"column":4},"end":{"line":12,"column":5}},"line":10}},"f":{"0":5}}
,"C:\\Users\\Marco\\Desktop\\TP-DriveHub-Grupo-6\\src\\models\\Cliente.ts": {"path":"C:\\Users\\Marco\\Desktop\\TP-DriveHub-Grupo-6\\src\\models\\Cliente.ts","all":false,"statementMap":{"0":{"start":{"line":1,"column":0},"end":{"line":1,"column":32}},"1":{"start":{"line":2,"column":0},"end":{"line":2,"column":0}},"2":{"start":{"line":3,"column":0},"end":{"line":3,"column":3}},"3":{"start":{"line":4,"column":0},"end":{"line":4,"column":16}},"4":{"start":{"line":5,"column":0},"end":{"line":5,"column":62}},"5":{"start":{"line":6,"column":0},"end":{"line":6,"column":3}},"6":{"start":{"line":7,"column":0},"end":{"line":7,"column":15}},"7":{"start":{"line":8,"column":0},"end":{"line":8,"column":28}},"8":{"start":{"line":9,"column":0},"end":{"line":9,"column":32}},"9":{"start":{"line":10,"column":0},"end":{"line":10,"column":28}},"10":{"start":{"line":11,"column":0},"end":{"line":11,"column":33}},"11":{"start":{"line":12,"column":0},"end":{"line":12,"column":0}},"12":{"start":{"line":13,"column":0},"end":{"line":13,"column":7}},"13":{"start":{"line":14,"column":0},"end":{"line":14,"column":43}},"14":{"start":{"line":15,"column":0},"end":{"line":15,"column":67}},"15":{"start":{"line":16,"column":0},"end":{"line":16,"column":60}},"16":{"start":{"line":17,"column":0},"end":{"line":17,"column":7}},"17":{"start":{"line":18,"column":0},"end":{"line":18,"column":49}},"18":{"start":{"line":19,"column":0},"end":{"line":19,"column":30}},"19":{"start":{"line":20,"column":0},"end":{"line":20,"column":30}},"20":{"start":{"line":21,"column":0},"end":{"line":21,"column":29}},"21":{"start":{"line":22,"column":0},"end":{"line":22,"column":28}},"22":{"start":{"line":23,"column":0},"end":{"line":23,"column":5}},"23":{"start":{"line":24,"column":0},"end":{"line":24,"column":0}},"24":{"start":{"line":25,"column":0},"end":{"line":25,"column":24}},"25":{"start":{"line":26,"column":0},"end":{"line":26,"column":7}},"26":{"start":{"line":27,"column":0},"end":{"line":27,"column":37}},"27":{"start":{"line":28,"column":0},"end":{"line":28,"column":44}},"28":{"start":{"line":29,"column":0},"end":{"line":29,"column":7}},"29":{"start":{"line":30,"column":0},"end":{"line":30,"column":55}},"30":{"start":{"line":31,"column":0},"end":{"line":31,"column":0}},"31":{"start":{"line":32,"column":0},"end":{"line":32,"column":7}},"32":{"start":{"line":33,"column":0},"end":{"line":33,"column":39}},"33":{"start":{"line":34,"column":0},"end":{"line":34,"column":44}},"34":{"start":{"line":35,"column":0},"end":{"line":35,"column":7}},"35":{"start":{"line":36,"column":0},"end":{"line":36,"column":61}},"36":{"start":{"line":37,"column":0},"end":{"line":37,"column":0}},"37":{"start":{"line":38,"column":0},"end":{"line":38,"column":7}},"38":{"start":{"line":39,"column":0},"end":{"line":39,"column":58}},"39":{"start":{"line":40,"column":0},"end":{"line":40,"column":46}},"40":{"start":{"line":41,"column":0},"end":{"line":41,"column":7}},"41":{"start":{"line":42,"column":0},"end":{"line":42,"column":63}},"42":{"start":{"line":43,"column":0},"end":{"line":43,"column":0}},"43":{"start":{"line":44,"column":0},"end":{"line":44,"column":7}},"44":{"start":{"line":45,"column":0},"end":{"line":45,"column":78}},"45":{"start":{"line":46,"column":0},"end":{"line":46,"column":56}},"46":{"start":{"line":47,"column":0},"end":{"line":47,"column":7}},"47":{"start":{"line":48,"column":0},"end":{"line":48,"column":69}},"48":{"start":{"line":49,"column":0},"end":{"line":49,"column":0}},"49":{"start":{"line":50,"column":0},"end":{"line":50,"column":7}},"50":{"start":{"line":51,"column":0},"end":{"line":51,"column":37}},"51":{"start":{"line":52,"column":0},"end":{"line":52,"column":44}},"52":{"start":{"line":53,"column":0},"end":{"line":53,"column":7}},"53":{"start":{"line":54,"column":0},"end":{"line":54,"column":55}},"54":{"start":{"line":55,"column":0},"end":{"line":55,"column":0}},"55":{"start":{"line":56,"column":0},"end":{"line":56,"column":7}},"56":{"start":{"line":57,"column":0},"end":{"line":57,"column":39}},"57":{"start":{"line":58,"column":0},"end":{"line":58,"column":44}},"58":{"start":{"line":59,"column":0},"end":{"line":59,"column":7}},"59":{"start":{"line":60,"column":0},"end":{"line":60,"column":61}},"60":{"start":{"line":61,"column":0},"end":{"line":61,"column":0}},"61":{"start":{"line":62,"column":0},"end":{"line":62,"column":7}},"62":{"start":{"line":63,"column":0},"end":{"line":63,"column":59}},"63":{"start":{"line":64,"column":0},"end":{"line":64,"column":58}},"64":{"start":{"line":65,"column":0},"end":{"line":65,"column":7}},"65":{"start":{"line":66,"column":0},"end":{"line":66,"column":62}},"66":{"start":{"line":67,"column":0},"end":{"line":67,"column":0}},"67":{"start":{"line":68,"column":0},"end":{"line":68,"column":7}},"68":{"start":{"line":69,"column":0},"end":{"line":69,"column":85}},"69":{"start":{"line":70,"column":0},"end":{"line":70,"column":51}},"70":{"start":{"line":71,"column":0},"end":{"line":71,"column":7}},"71":{"start":{"line":72,"column":0},"end":{"line":72,"column":51}},"72":{"start":{"line":73,"column":0},"end":{"line":73,"column":37}},"73":{"start":{"line":74,"column":0},"end":{"line":74,"column":27}},"74":{"start":{"line":75,"column":0},"end":{"line":75,"column":5}},"75":{"start":{"line":76,"column":0},"end":{"line":76,"column":1}},"76":{"start":{"line":77,"column":0},"end":{"line":77,"column":0}},"77":{"start":{"line":78,"column":0},"end":{"line":78,"column":23}}},"s":{"0":1,"1":1,"2":1,"3":1,"4":1,"5":1,"6":1,"7":54,"8":54,"9":54,"10":54,"11":54,"12":54,"13":54,"14":54,"15":54,"16":54,"17":54,"18":54,"19":54,"20":54,"21":54,"22":54,"23":54,"24":54,"25":54,"26":54,"27":54,"28":54,"29":54,"30":54,"31":54,"32":54,"33":54,"34":54,"35":54,"36":54,"37":54,"38":54,"39":54,"40":54,"41":54,"42":54,"43":54,"44":54,"45":54,"46":54,"47":54,"48":54,"49":54,"50":54,"51":54,"52":54,"53":54,"54":54,"55":54,"56":54,"57":54,"58":54,"59":54,"60":54,"61":54,"62":54,"63":54,"64":54,"65":54,"66":54,"67":54,"68":54,"69":54,"70":54,"71":54,"72":2,"73":2,"74":2,"75":54,"76":1,"77":1},"branchMap":{"0":{"type":"branch","line":7,"loc":{"start":{"line":7,"column":13},"end":{"line":76,"column":1}},"locations":[{"start":{"line":7,"column":13},"end":{"line":76,"column":1}}]},"1":{"type":"branch","line":18,"loc":{"start":{"line":18,"column":4},"end":{"line":23,"column":5}},"locations":[{"start":{"line":18,"column":4},"end":{"line":23,"column":5}}]},"2":{"type":"branch","line":30,"loc":{"start":{"line":30,"column":11},"end":{"line":30,"column":55}},"locations":[{"start":{"line":30,"column":11},"end":{"line":30,"column":55}}]},"3":{"type":"branch","line":36,"loc":{"start":{"line":36,"column":11},"end":{"line":36,"column":61}},"locations":[{"start":{"line":36,"column":11},"end":{"line":36,"column":61}}]},"4":{"type":"branch","line":42,"loc":{"start":{"line":42,"column":11},"end":{"line":42,"column":63}},"locations":[{"start":{"line":42,"column":11},"end":{"line":42,"column":63}}]},"5":{"type":"branch","line":48,"loc":{"start":{"line":48,"column":11},"end":{"line":48,"column":69}},"locations":[{"start":{"line":48,"column":11},"end":{"line":48,"column":69}}]},"6":{"type":"branch","line":54,"loc":{"start":{"line":54,"column":11},"end":{"line":54,"column":55}},"locations":[{"start":{"line":54,"column":11},"end":{"line":54,"column":55}}]},"7":{"type":"branch","line":60,"loc":{"start":{"line":60,"column":11},"end":{"line":60,"column":61}},"locations":[{"start":{"line":60,"column":11},"end":{"line":60,"column":61}}]},"8":{"type":"branch","line":66,"loc":{"start":{"line":66,"column":11},"end":{"line":66,"column":62}},"locations":[{"start":{"line":66,"column":11},"end":{"line":66,"column":62}}]},"9":{"type":"branch","line":72,"loc":{"start":{"line":72,"column":11},"end":{"line":75,"column":5}},"locations":[{"start":{"line":72,"column":11},"end":{"line":75,"column":5}}]}},"b":{"0":[54],"1":[54],"2":[3],"3":[1],"4":[5],"5":[1],"6":[2],"7":[1],"8":[5],"9":[2]},"fnMap":{"0":{"name":"<instance_members_initializer>","decl":{"start":{"line":7,"column":13},"end":{"line":76,"column":1}},"loc":{"start":{"line":7,"column":13},"end":{"line":76,"column":1}},"line":7},"1":{"name":"Cliente","decl":{"start":{"line":18,"column":4},"end":{"line":23,"column":5}},"loc":{"start":{"line":18,"column":4},"end":{"line":23,"column":5}},"line":18},"2":{"name":"getLegajo","decl":{"start":{"line":30,"column":11},"end":{"line":30,"column":55}},"loc":{"start":{"line":30,"column":11},"end":{"line":30,"column":55}},"line":30},"3":{"name":"setLegajo","decl":{"start":{"line":36,"column":11},"end":{"line":36,"column":61}},"loc":{"start":{"line":36,"column":11},"end":{"line":36,"column":61}},"line":36},"4":{"name":"getNroReserva","decl":{"start":{"line":42,"column":11},"end":{"line":42,"column":63}},"loc":{"start":{"line":42,"column":11},"end":{"line":42,"column":63}},"line":42},"5":{"name":"setNroReserva","decl":{"start":{"line":48,"column":11},"end":{"line":48,"column":69}},"loc":{"start":{"line":48,"column":11},"end":{"line":48,"column":69}},"line":48},"6":{"name":"getNombre","decl":{"start":{"line":54,"column":11},"end":{"line":54,"column":55}},"loc":{"start":{"line":54,"column":11},"end":{"line":54,"column":55}},"line":54},"7":{"name":"setNombre","decl":{"start":{"line":60,"column":11},"end":{"line":60,"column":61}},"loc":{"start":{"line":60,"column":11},"end":{"line":60,"column":61}},"line":60},"8":{"name":"getReservas","decl":{"start":{"line":66,"column":11},"end":{"line":66,"column":62}},"loc":{"start":{"line":66,"column":11},"end":{"line":66,"column":62}},"line":66},"9":{"name":"agregarReserva","decl":{"start":{"line":72,"column":11},"end":{"line":75,"column":5}},"loc":{"start":{"line":72,"column":11},"end":{"line":75,"column":5}},"line":72}},"f":{"0":54,"1":54,"2":3,"3":1,"4":5,"5":1,"6":2,"7":1,"8":5,"9":2}}
,"C:\\Users\\Marco\\Desktop\\TP-DriveHub-Grupo-6\\src\\models\\Compacto.ts": {"path":"C:\\Users\\Marco\\Desktop\\TP-DriveHub-Grupo-6\\src\\models\\Compacto.ts","all":false,"statementMap":{"0":{"start":{"line":1,"column":0},"end":{"line":1,"column":26}},"1":{"start":{"line":2,"column":0},"end":{"line":2,"column":32}},"2":{"start":{"line":3,"column":0},"end":{"line":3,"column":0}},"3":{"start":{"line":4,"column":0},"end":{"line":4,"column":3}},"4":{"start":{"line":5,"column":0},"end":{"line":5,"column":17}},"5":{"start":{"line":6,"column":0},"end":{"line":6,"column":79}},"6":{"start":{"line":7,"column":0},"end":{"line":7,"column":3}},"7":{"start":{"line":8,"column":0},"end":{"line":8,"column":29}},"8":{"start":{"line":9,"column":0},"end":{"line":9,"column":0}},"9":{"start":{"line":10,"column":0},"end":{"line":10,"column":7}},"10":{"start":{"line":11,"column":0},"end":{"line":11,"column":38}},"11":{"start":{"line":12,"column":0},"end":{"line":12,"column":71}},"12":{"start":{"line":13,"column":0},"end":{"line":13,"column":101}},"13":{"start":{"line":14,"column":0},"end":{"line":14,"column":64}},"14":{"start":{"line":15,"column":0},"end":{"line":15,"column":7}},"15":{"start":{"line":16,"column":0},"end":{"line":16,"column":68}},"16":{"start":{"line":17,"column":0},"end":{"line":17,"column":65}},"17":{"start":{"line":18,"column":0},"end":{"line":18,"column":5}},"18":{"start":{"line":19,"column":0},"end":{"line":19,"column":0}},"19":{"start":{"line":20,"column":0},"end":{"line":20,"column":7}},"20":{"start":{"line":21,"column":0},"end":{"line":21,"column":63}},"21":{"start":{"line":22,"column":0},"end":{"line":22,"column":78}},"22":{"start":{"line":23,"column":0},"end":{"line":23,"column":93}},"23":{"start":{"line":24,"column":0},"end":{"line":24,"column":73}},"24":{"start":{"line":25,"column":0},"end":{"line":25,"column":67}},"25":{"start":{"line":26,"column":0},"end":{"line":26,"column":7}},"26":{"start":{"line":27,"column":0},"end":{"line":27,"column":51}},"27":{"start":{"line":28,"column":0},"end":{"line":28,"column":47}},"28":{"start":{"line":29,"column":0},"end":{"line":29,"column":29}},"29":{"start":{"line":30,"column":0},"end":{"line":30,"column":50}},"30":{"start":{"line":31,"column":0},"end":{"line":31,"column":72}},"31":{"start":{"line":32,"column":0},"end":{"line":32,"column":9}},"32":{"start":{"line":33,"column":0},"end":{"line":33,"column":0}},"33":{"start":{"line":34,"column":0},"end":{"line":34,"column":28}},"34":{"start":{"line":35,"column":0},"end":{"line":35,"column":5}},"35":{"start":{"line":36,"column":0},"end":{"line":36,"column":0}},"36":{"start":{"line":37,"column":0},"end":{"line":37,"column":7}},"37":{"start":{"line":38,"column":0},"end":{"line":38,"column":66}},"38":{"start":{"line":39,"column":0},"end":{"line":39,"column":110}},"39":{"start":{"line":40,"column":0},"end":{"line":40,"column":74}},"40":{"start":{"line":41,"column":0},"end":{"line":41,"column":46}},"41":{"start":{"line":42,"column":0},"end":{"line":42,"column":7}},"42":{"start":{"line":43,"column":0},"end":{"line":43,"column":51}},"43":{"start":{"line":44,"column":0},"end":{"line":44,"column":83}},"44":{"start":{"line":45,"column":0},"end":{"line":45,"column":5}},"45":{"start":{"line":46,"column":0},"end":{"line":46,"column":1}},"46":{"start":{"line":47,"column":0},"end":{"line":47,"column":0}},"47":{"start":{"line":48,"column":0},"end":{"line":48,"column":24}}},"s":{"0":1,"1":1,"2":1,"3":1,"4":1,"5":1,"6":1,"7":1,"8":1,"9":1,"10":1,"11":1,"12":1,"13":1,"14":1,"15":1,"16":41,"17":41,"18":1,"19":1,"20":1,"21":1,"22":1,"23":1,"24":1,"25":1,"26":1,"27":9,"28":9,"29":9,"30":4,"31":4,"32":9,"33":9,"34":9,"35":1,"36":1,"37":1,"38":1,"39":1,"40":1,"41":1,"42":1,"43":5,"44":5,"45":1,"46":1,"47":1},"branchMap":{"0":{"type":"branch","line":16,"loc":{"start":{"line":16,"column":4},"end":{"line":18,"column":5}},"locations":[{"start":{"line":16,"column":4},"end":{"line":18,"column":5}}]},"1":{"type":"branch","line":27,"loc":{"start":{"line":27,"column":11},"end":{"line":35,"column":5}},"locations":[{"start":{"line":27,"column":11},"end":{"line":35,"column":5}}]},"2":{"type":"branch","line":30,"loc":{"start":{"line":30,"column":49},"end":{"line":32,"column":9}},"locations":[{"start":{"line":30,"column":49},"end":{"line":32,"column":9}}]},"3":{"type":"branch","line":43,"loc":{"start":{"line":43,"column":11},"end":{"line":45,"column":5}},"locations":[{"start":{"line":43,"column":11},"end":{"line":45,"column":5}}]}},"b":{"0":[41],"1":[9],"2":[4],"3":[5]},"fnMap":{"0":{"name":"Compacto","decl":{"start":{"line":16,"column":4},"end":{"line":18,"column":5}},"loc":{"start":{"line":16,"column":4},"end":{"line":18,"column":5}},"line":16},"1":{"name":"aplicarCargo","decl":{"start":{"line":27,"column":11},"end":{"line":35,"column":5}},"loc":{"start":{"line":27,"column":11},"end":{"line":35,"column":5}},"line":27},"2":{"name":"calcularBase","decl":{"start":{"line":43,"column":11},"end":{"line":45,"column":5}},"loc":{"start":{"line":43,"column":11},"end":{"line":45,"column":5}},"line":43}},"f":{"0":41,"1":9,"2":5}}
,"C:\\Users\\Marco\\Desktop\\TP-DriveHub-Grupo-6\\src\\models\\Estadistica.ts": {"path":"C:\\Users\\Marco\\Desktop\\TP-DriveHub-Grupo-6\\src\\models\\Estadistica.ts","all":false,"statementMap":{"0":{"start":{"line":1,"column":0},"end":{"line":1,"column":26}},"1":{"start":{"line":2,"column":0},"end":{"line":2,"column":50}},"2":{"start":{"line":3,"column":0},"end":{"line":3,"column":0}},"3":{"start":{"line":4,"column":0},"end":{"line":4,"column":25}},"4":{"start":{"line":5,"column":0},"end":{"line":5,"column":36}},"5":{"start":{"line":6,"column":0},"end":{"line":6,"column":0}},"6":{"start":{"line":7,"column":0},"end":{"line":7,"column":42}},"7":{"start":{"line":8,"column":0},"end":{"line":8,"column":28}},"8":{"start":{"line":9,"column":0},"end":{"line":9,"column":5}},"9":{"start":{"line":10,"column":0},"end":{"line":10,"column":0}},"10":{"start":{"line":11,"column":0},"end":{"line":11,"column":7}},"11":{"start":{"line":12,"column":0},"end":{"line":12,"column":7}},"12":{"start":{"line":13,"column":0},"end":{"line":13,"column":26}},"13":{"start":{"line":14,"column":0},"end":{"line":14,"column":23}},"14":{"start":{"line":15,"column":0},"end":{"line":15,"column":16}},"15":{"start":{"line":16,"column":0},"end":{"line":16,"column":7}},"16":{"start":{"line":17,"column":0},"end":{"line":17,"column":90}},"17":{"start":{"line":18,"column":0},"end":{"line":18,"column":60}},"18":{"start":{"line":19,"column":0},"end":{"line":19,"column":0}},"19":{"start":{"line":20,"column":0},"end":{"line":20,"column":76}},"20":{"start":{"line":21,"column":0},"end":{"line":21,"column":96}},"21":{"start":{"line":22,"column":0},"end":{"line":22,"column":11}},"22":{"start":{"line":23,"column":0},"end":{"line":23,"column":0}},"23":{"start":{"line":24,"column":0},"end":{"line":24,"column":46}},"24":{"start":{"line":25,"column":0},"end":{"line":25,"column":43}},"25":{"start":{"line":26,"column":0},"end":{"line":26,"column":110}},"26":{"start":{"line":27,"column":0},"end":{"line":27,"column":58}},"27":{"start":{"line":28,"column":0},"end":{"line":28,"column":9}},"28":{"start":{"line":29,"column":0},"end":{"line":29,"column":0}},"29":{"start":{"line":30,"column":0},"end":{"line":30,"column":58}},"30":{"start":{"line":31,"column":0},"end":{"line":31,"column":27}},"31":{"start":{"line":32,"column":0},"end":{"line":32,"column":0}},"32":{"start":{"line":33,"column":0},"end":{"line":33,"column":73}},"33":{"start":{"line":34,"column":0},"end":{"line":34,"column":45}},"34":{"start":{"line":35,"column":0},"end":{"line":35,"column":44}},"35":{"start":{"line":36,"column":0},"end":{"line":36,"column":37}},"36":{"start":{"line":37,"column":0},"end":{"line":37,"column":13}},"37":{"start":{"line":38,"column":0},"end":{"line":38,"column":9}},"38":{"start":{"line":39,"column":0},"end":{"line":39,"column":0}},"39":{"start":{"line":40,"column":0},"end":{"line":40,"column":32}},"40":{"start":{"line":41,"column":0},"end":{"line":41,"column":5}},"41":{"start":{"line":42,"column":0},"end":{"line":42,"column":0}},"42":{"start":{"line":43,"column":0},"end":{"line":43,"column":92}},"43":{"start":{"line":44,"column":0},"end":{"line":44,"column":60}},"44":{"start":{"line":45,"column":0},"end":{"line":45,"column":0}},"45":{"start":{"line":46,"column":0},"end":{"line":46,"column":76}},"46":{"start":{"line":47,"column":0},"end":{"line":47,"column":96}},"47":{"start":{"line":48,"column":0},"end":{"line":48,"column":11}},"48":{"start":{"line":49,"column":0},"end":{"line":49,"column":0}},"49":{"start":{"line":50,"column":0},"end":{"line":50,"column":46}},"50":{"start":{"line":51,"column":0},"end":{"line":51,"column":43}},"51":{"start":{"line":52,"column":0},"end":{"line":52,"column":110}},"52":{"start":{"line":53,"column":0},"end":{"line":53,"column":58}},"53":{"start":{"line":54,"column":0},"end":{"line":54,"column":9}},"54":{"start":{"line":55,"column":0},"end":{"line":55,"column":0}},"55":{"start":{"line":56,"column":0},"end":{"line":56,"column":50}},"56":{"start":{"line":57,"column":0},"end":{"line":57,"column":0}},"57":{"start":{"line":58,"column":0},"end":{"line":58,"column":49}},"58":{"start":{"line":59,"column":0},"end":{"line":59,"column":0}},"59":{"start":{"line":60,"column":0},"end":{"line":60,"column":26}},"60":{"start":{"line":61,"column":0},"end":{"line":61,"column":29}},"61":{"start":{"line":62,"column":0},"end":{"line":62,"column":9}},"62":{"start":{"line":63,"column":0},"end":{"line":63,"column":0}},"63":{"start":{"line":64,"column":0},"end":{"line":64,"column":53}},"64":{"start":{"line":65,"column":0},"end":{"line":65,"column":49}},"65":{"start":{"line":66,"column":0},"end":{"line":66,"column":73}},"66":{"start":{"line":67,"column":0},"end":{"line":67,"column":45}},"67":{"start":{"line":68,"column":0},"end":{"line":68,"column":44}},"68":{"start":{"line":69,"column":0},"end":{"line":69,"column":39}},"69":{"start":{"line":70,"column":0},"end":{"line":70,"column":13}},"70":{"start":{"line":71,"column":0},"end":{"line":71,"column":9}},"71":{"start":{"line":72,"column":0},"end":{"line":72,"column":0}},"72":{"start":{"line":73,"column":0},"end":{"line":73,"column":34}},"73":{"start":{"line":74,"column":0},"end":{"line":74,"column":5}},"74":{"start":{"line":75,"column":0},"end":{"line":75,"column":4}},"75":{"start":{"line":76,"column":0},"end":{"line":76,"column":0}},"76":{"start":{"line":77,"column":0},"end":{"line":77,"column":64}},"77":{"start":{"line":78,"column":0},"end":{"line":78,"column":63}},"78":{"start":{"line":79,"column":0},"end":{"line":79,"column":0}},"79":{"start":{"line":80,"column":0},"end":{"line":80,"column":8}},"80":{"start":{"line":81,"column":0},"end":{"line":81,"column":59}},"81":{"start":{"line":82,"column":0},"end":{"line":82,"column":43}},"82":{"start":{"line":83,"column":0},"end":{"line":83,"column":61}},"83":{"start":{"line":84,"column":0},"end":{"line":84,"column":12}},"84":{"start":{"line":85,"column":0},"end":{"line":85,"column":0}},"85":{"start":{"line":86,"column":0},"end":{"line":86,"column":69}},"86":{"start":{"line":87,"column":0},"end":{"line":87,"column":72}},"87":{"start":{"line":88,"column":0},"end":{"line":88,"column":9}},"88":{"start":{"line":89,"column":0},"end":{"line":89,"column":0}},"89":{"start":{"line":90,"column":0},"end":{"line":90,"column":43}},"90":{"start":{"line":91,"column":0},"end":{"line":91,"column":30}},"91":{"start":{"line":92,"column":0},"end":{"line":92,"column":9}},"92":{"start":{"line":93,"column":0},"end":{"line":93,"column":0}},"93":{"start":{"line":94,"column":0},"end":{"line":94,"column":7}},"94":{"start":{"line":95,"column":0},"end":{"line":95,"column":61}},"95":{"start":{"line":96,"column":0},"end":{"line":96,"column":61}},"96":{"start":{"line":97,"column":0},"end":{"line":97,"column":0}},"97":{"start":{"line":98,"column":0},"end":{"line":98,"column":30}},"98":{"start":{"line":99,"column":0},"end":{"line":99,"column":29}},"99":{"start":{"line":100,"column":0},"end":{"line":100,"column":9}},"100":{"start":{"line":101,"column":0},"end":{"line":101,"column":0}},"101":{"start":{"line":102,"column":0},"end":{"line":102,"column":56}},"102":{"start":{"line":103,"column":0},"end":{"line":103,"column":56}},"103":{"start":{"line":104,"column":0},"end":{"line":104,"column":0}},"104":{"start":{"line":105,"column":0},"end":{"line":105,"column":68}},"105":{"start":{"line":106,"column":0},"end":{"line":106,"column":11}},"106":{"start":{"line":107,"column":0},"end":{"line":107,"column":55}},"107":{"start":{"line":108,"column":0},"end":{"line":108,"column":53}},"108":{"start":{"line":109,"column":0},"end":{"line":109,"column":41}},"109":{"start":{"line":110,"column":0},"end":{"line":110,"column":13}},"110":{"start":{"line":111,"column":0},"end":{"line":111,"column":9}},"111":{"start":{"line":112,"column":0},"end":{"line":112,"column":0}},"112":{"start":{"line":113,"column":0},"end":{"line":113,"column":33}},"113":{"start":{"line":114,"column":0},"end":{"line":114,"column":5}},"114":{"start":{"line":115,"column":0},"end":{"line":115,"column":0}},"115":{"start":{"line":116,"column":0},"end":{"line":116,"column":64}},"116":{"start":{"line":117,"column":0},"end":{"line":117,"column":63}},"117":{"start":{"line":118,"column":0},"end":{"line":118,"column":0}},"118":{"start":{"line":119,"column":0},"end":{"line":119,"column":55}},"119":{"start":{"line":120,"column":0},"end":{"line":120,"column":39}},"120":{"start":{"line":121,"column":0},"end":{"line":121,"column":57}},"121":{"start":{"line":122,"column":0},"end":{"line":122,"column":8}},"122":{"start":{"line":123,"column":0},"end":{"line":123,"column":65}},"123":{"start":{"line":124,"column":0},"end":{"line":124,"column":68}},"124":{"start":{"line":125,"column":0},"end":{"line":125,"column":9}},"125":{"start":{"line":126,"column":0},"end":{"line":126,"column":0}},"126":{"start":{"line":127,"column":0},"end":{"line":127,"column":43}},"127":{"start":{"line":128,"column":0},"end":{"line":128,"column":30}},"128":{"start":{"line":129,"column":0},"end":{"line":129,"column":9}},"129":{"start":{"line":130,"column":0},"end":{"line":130,"column":0}},"130":{"start":{"line":131,"column":0},"end":{"line":131,"column":4}},"131":{"start":{"line":132,"column":0},"end":{"line":132,"column":61}},"132":{"start":{"line":133,"column":0},"end":{"line":133,"column":61}},"133":{"start":{"line":134,"column":0},"end":{"line":134,"column":8}},"134":{"start":{"line":135,"column":0},"end":{"line":135,"column":30}},"135":{"start":{"line":136,"column":0},"end":{"line":136,"column":29}},"136":{"start":{"line":137,"column":0},"end":{"line":137,"column":9}},"137":{"start":{"line":138,"column":0},"end":{"line":138,"column":0}},"138":{"start":{"line":139,"column":0},"end":{"line":139,"column":56}},"139":{"start":{"line":140,"column":0},"end":{"line":140,"column":56}},"140":{"start":{"line":141,"column":0},"end":{"line":141,"column":0}},"141":{"start":{"line":142,"column":0},"end":{"line":142,"column":30}},"142":{"start":{"line":143,"column":0},"end":{"line":143,"column":68}},"143":{"start":{"line":144,"column":0},"end":{"line":144,"column":103}},"144":{"start":{"line":145,"column":0},"end":{"line":145,"column":55}},"145":{"start":{"line":146,"column":0},"end":{"line":146,"column":53}},"146":{"start":{"line":147,"column":0},"end":{"line":147,"column":41}},"147":{"start":{"line":148,"column":0},"end":{"line":148,"column":13}},"148":{"start":{"line":149,"column":0},"end":{"line":149,"column":9}},"149":{"start":{"line":150,"column":0},"end":{"line":150,"column":0}},"150":{"start":{"line":151,"column":0},"end":{"line":151,"column":33}},"151":{"start":{"line":152,"column":0},"end":{"line":152,"column":5}},"152":{"start":{"line":153,"column":0},"end":{"line":153,"column":0}},"153":{"start":{"line":154,"column":0},"end":{"line":154,"column":35}},"154":{"start":{"line":155,"column":0},"end":{"line":155,"column":58}},"155":{"start":{"line":156,"column":0},"end":{"line":156,"column":31}},"156":{"start":{"line":157,"column":0},"end":{"line":157,"column":21}},"157":{"start":{"line":158,"column":0},"end":{"line":158,"column":9}},"158":{"start":{"line":159,"column":0},"end":{"line":159,"column":0}},"159":{"start":{"line":160,"column":0},"end":{"line":160,"column":37}},"160":{"start":{"line":161,"column":0},"end":{"line":161,"column":60}},"161":{"start":{"line":162,"column":0},"end":{"line":162,"column":0}},"162":{"start":{"line":163,"column":0},"end":{"line":163,"column":59}},"163":{"start":{"line":164,"column":0},"end":{"line":164,"column":52}},"164":{"start":{"line":165,"column":0},"end":{"line":165,"column":46}},"165":{"start":{"line":166,"column":0},"end":{"line":166,"column":0}},"166":{"start":{"line":167,"column":0},"end":{"line":167,"column":46}},"167":{"start":{"line":168,"column":0},"end":{"line":168,"column":47}},"168":{"start":{"line":169,"column":0},"end":{"line":169,"column":16}},"169":{"start":{"line":170,"column":0},"end":{"line":170,"column":47}},"170":{"start":{"line":171,"column":0},"end":{"line":171,"column":13}},"171":{"start":{"line":172,"column":0},"end":{"line":172,"column":9}},"172":{"start":{"line":173,"column":0},"end":{"line":173,"column":0}},"173":{"start":{"line":174,"column":0},"end":{"line":174,"column":51}},"174":{"start":{"line":175,"column":0},"end":{"line":175,"column":53}},"175":{"start":{"line":176,"column":0},"end":{"line":176,"column":8}},"176":{"start":{"line":177,"column":0},"end":{"line":177,"column":5}},"177":{"start":{"line":178,"column":0},"end":{"line":178,"column":1}}},"s":{"0":1,"1":1,"2":1,"3":1,"4":14,"5":14,"6":14,"7":14,"8":14,"9":14,"10":14,"11":14,"12":14,"13":14,"14":14,"15":14,"16":14,"17":3,"18":3,"19":3,"20":5,"21":3,"22":3,"23":3,"24":5,"25":5,"26":5,"27":5,"28":3,"29":3,"30":3,"31":3,"32":3,"33":4,"34":2,"35":2,"36":2,"37":4,"38":3,"39":3,"40":3,"41":14,"42":14,"43":2,"44":2,"45":2,"46":3,"47":2,"48":2,"49":2,"50":3,"51":3,"52":3,"53":3,"54":2,"55":2,"56":2,"57":2,"58":2,"59":2,"60":1,"61":1,"62":1,"63":1,"64":1,"65":2,"66":2,"67":1,"68":1,"69":1,"70":2,"71":1,"72":1,"73":1,"74":14,"75":14,"76":14,"77":3,"78":3,"79":3,"80":3,"81":4,"82":4,"83":4,"84":4,"85":4,"86":4,"87":4,"88":3,"89":3,"90":1,"91":1,"92":2,"93":2,"94":2,"95":2,"96":2,"97":3,"98":0,"99":0,"100":2,"101":2,"102":2,"103":2,"104":3,"105":1,"106":1,"107":1,"108":1,"109":1,"110":1,"111":2,"112":2,"113":2,"114":14,"115":14,"116":2,"117":2,"118":2,"119":2,"120":2,"121":2,"122":2,"123":2,"124":2,"125":2,"126":2,"127":1,"128":1,"129":1,"130":1,"131":1,"132":1,"133":1,"134":2,"135":0,"136":0,"137":1,"138":1,"139":1,"140":1,"141":1,"142":1,"143":1,"144":1,"145":0,"146":0,"147":0,"148":1,"149":1,"150":1,"151":1,"152":14,"153":14,"154":3,"155":3,"156":1,"157":1,"158":2,"159":2,"160":2,"161":2,"162":2,"163":2,"164":2,"165":2,"166":2,"167":1,"168":1,"169":1,"170":1,"171":2,"172":2,"173":2,"174":2,"175":2,"176":2,"177":14},"branchMap":{"0":{"type":"branch","line":4,"loc":{"start":{"line":4,"column":24},"end":{"line":178,"column":1}},"locations":[{"start":{"line":4,"column":24},"end":{"line":178,"column":1}}]},"1":{"type":"branch","line":7,"loc":{"start":{"line":7,"column":4},"end":{"line":9,"column":5}},"locations":[{"start":{"line":7,"column":4},"end":{"line":9,"column":5}}]},"2":{"type":"branch","line":17,"loc":{"start":{"line":17,"column":11},"end":{"line":41,"column":5}},"locations":[{"start":{"line":17,"column":11},"end":{"line":41,"column":5}}]},"3":{"type":"branch","line":24,"loc":{"start":{"line":24,"column":45},"end":{"line":28,"column":9}},"locations":[{"start":{"line":24,"column":45},"end":{"line":28,"column":9}}]},"4":{"type":"branch","line":26,"loc":{"start":{"line":26,"column":60},"end":{"line":26,"column":65}},"locations":[{"start":{"line":26,"column":60},"end":{"line":26,"column":65}}]},"5":{"type":"branch","line":33,"loc":{"start":{"line":33,"column":72},"end":{"line":38,"column":9}},"locations":[{"start":{"line":33,"column":72},"end":{"line":38,"column":9}}]},"6":{"type":"branch","line":34,"loc":{"start":{"line":34,"column":44},"end":{"line":37,"column":13}},"locations":[{"start":{"line":34,"column":44},"end":{"line":37,"column":13}}]},"7":{"type":"branch","line":20,"loc":{"start":{"line":20,"column":64},"end":{"line":22,"column":9}},"locations":[{"start":{"line":20,"column":64},"end":{"line":22,"column":9}}]},"8":{"type":"branch","line":43,"loc":{"start":{"line":43,"column":11},"end":{"line":74,"column":5}},"locations":[{"start":{"line":43,"column":11},"end":{"line":74,"column":5}}]},"9":{"type":"branch","line":50,"loc":{"start":{"line":50,"column":45},"end":{"line":54,"column":9}},"locations":[{"start":{"line":50,"column":45},"end":{"line":54,"column":9}}]},"10":{"type":"branch","line":52,"loc":{"start":{"line":52,"column":60},"end":{"line":52,"column":65}},"locations":[{"start":{"line":52,"column":60},"end":{"line":52,"column":65}}]},"11":{"type":"branch","line":60,"loc":{"start":{"line":60,"column":25},"end":{"line":66,"column":72}},"locations":[{"start":{"line":60,"column":25},"end":{"line":66,"column":72}}]},"12":{"type":"branch","line":67,"loc":{"start":{"line":67,"column":44},"end":{"line":70,"column":13}},"locations":[{"start":{"line":67,"column":44},"end":{"line":70,"column":13}}]},"13":{"type":"branch","line":72,"loc":{"start":{"line":72,"column":-2},"end":{"line":74,"column":5}},"locations":[{"start":{"line":72,"column":-2},"end":{"line":74,"column":5}}]},"14":{"type":"branch","line":46,"loc":{"start":{"line":46,"column":64},"end":{"line":48,"column":9}},"locations":[{"start":{"line":46,"column":64},"end":{"line":48,"column":9}}]},"15":{"type":"branch","line":77,"loc":{"start":{"line":77,"column":11},"end":{"line":114,"column":5}},"locations":[{"start":{"line":77,"column":11},"end":{"line":114,"column":5}}]},"16":{"type":"branch","line":81,"loc":{"start":{"line":81,"column":58},"end":{"line":88,"column":9}},"locations":[{"start":{"line":81,"column":58},"end":{"line":88,"column":9}}]},"17":{"type":"branch","line":86,"loc":{"start":{"line":86,"column":63},"end":{"line":86,"column":68}},"locations":[{"start":{"line":86,"column":63},"end":{"line":86,"column":68}}]},"18":{"type":"branch","line":90,"loc":{"start":{"line":90,"column":42},"end":{"line":92,"column":9}},"locations":[{"start":{"line":90,"column":42},"end":{"line":92,"column":9}}]},"19":{"type":"branch","line":93,"loc":{"start":{"line":93,"column":-2},"end":{"line":98,"column":29}},"locations":[{"start":{"line":93,"column":-2},"end":{"line":98,"column":29}}]},"20":{"type":"branch","line":98,"loc":{"start":{"line":98,"column":29},"end":{"line":100,"column":9}},"locations":[{"start":{"line":98,"column":29},"end":{"line":100,"column":9}}]},"21":{"type":"branch","line":101,"loc":{"start":{"line":101,"column":-2},"end":{"line":105,"column":67}},"locations":[{"start":{"line":101,"column":-2},"end":{"line":105,"column":67}}]},"22":{"type":"branch","line":105,"loc":{"start":{"line":105,"column":67},"end":{"line":111,"column":9}},"locations":[{"start":{"line":105,"column":67},"end":{"line":111,"column":9}}]},"23":{"type":"branch","line":112,"loc":{"start":{"line":112,"column":-2},"end":{"line":114,"column":5}},"locations":[{"start":{"line":112,"column":-2},"end":{"line":114,"column":5}}]},"24":{"type":"branch","line":116,"loc":{"start":{"line":116,"column":11},"end":{"line":152,"column":5}},"locations":[{"start":{"line":116,"column":11},"end":{"line":152,"column":5}}]},"25":{"type":"branch","line":127,"loc":{"start":{"line":127,"column":42},"end":{"line":135,"column":29}},"locations":[{"start":{"line":127,"column":42},"end":{"line":135,"column":29}}]},"26":{"type":"branch","line":135,"loc":{"start":{"line":135,"column":29},"end":{"line":137,"column":9}},"locations":[{"start":{"line":135,"column":29},"end":{"line":137,"column":9}}]},"27":{"type":"branch","line":138,"loc":{"start":{"line":138,"column":-2},"end":{"line":152,"column":5}},"locations":[{"start":{"line":138,"column":-2},"end":{"line":152,"column":5}}]},"28":{"type":"branch","line":145,"loc":{"start":{"line":145,"column":54},"end":{"line":148,"column":13}},"locations":[{"start":{"line":145,"column":54},"end":{"line":148,"column":13}}]},"29":{"type":"branch","line":154,"loc":{"start":{"line":154,"column":11},"end":{"line":177,"column":5}},"locations":[{"start":{"line":154,"column":11},"end":{"line":177,"column":5}}]},"30":{"type":"branch","line":156,"loc":{"start":{"line":156,"column":30},"end":{"line":158,"column":9}},"locations":[{"start":{"line":156,"column":30},"end":{"line":158,"column":9}}]},"31":{"type":"branch","line":159,"loc":{"start":{"line":159,"column":-2},"end":{"line":177,"column":5}},"locations":[{"start":{"line":159,"column":-2},"end":{"line":177,"column":5}}]},"32":{"type":"branch","line":167,"loc":{"start":{"line":167,"column":45},"end":{"line":171,"column":13}},"locations":[{"start":{"line":167,"column":45},"end":{"line":171,"column":13}}]}},"b":{"0":[14],"1":[14],"2":[3],"3":[5],"4":[4],"5":[4],"6":[2],"7":[5],"8":[2],"9":[3],"10":[2],"11":[1],"12":[1],"13":[1],"14":[3],"15":[3],"16":[4],"17":[3],"18":[1],"19":[2],"20":[0],"21":[2],"22":[1],"23":[2],"24":[2],"25":[1],"26":[0],"27":[1],"28":[0],"29":[3],"30":[1],"31":[2],"32":[1]},"fnMap":{"0":{"name":"<instance_members_initializer>","decl":{"start":{"line":4,"column":24},"end":{"line":178,"column":1}},"loc":{"start":{"line":4,"column":24},"end":{"line":178,"column":1}},"line":4},"1":{"name":"Estadistica","decl":{"start":{"line":7,"column":4},"end":{"line":9,"column":5}},"loc":{"start":{"line":7,"column":4},"end":{"line":9,"column":5}},"line":7},"2":{"name":"obtenerVehiculoMasAlquilados","decl":{"start":{"line":17,"column":11},"end":{"line":41,"column":5}},"loc":{"start":{"line":17,"column":11},"end":{"line":41,"column":5}},"line":17},"3":{"name":"obtenerVehiculoMenosAlquilados","decl":{"start":{"line":43,"column":11},"end":{"line":74,"column":5}},"loc":{"start":{"line":43,"column":11},"end":{"line":74,"column":5}},"line":43},"4":{"name":"calcularVehiculoMayorRentabilidad","decl":{"start":{"line":77,"column":11},"end":{"line":114,"column":5}},"loc":{"start":{"line":77,"column":11},"end":{"line":114,"column":5}},"line":77},"5":{"name":"calcularVehiculoMenorRentabilidad","decl":{"start":{"line":116,"column":11},"end":{"line":152,"column":5}},"loc":{"start":{"line":116,"column":11},"end":{"line":152,"column":5}},"line":116},"6":{"name":"ocupacionFlota","decl":{"start":{"line":154,"column":11},"end":{"line":177,"column":5}},"loc":{"start":{"line":154,"column":11},"end":{"line":177,"column":5}},"line":154}},"f":{"0":14,"1":14,"2":3,"3":2,"4":3,"5":2,"6":3}}
,"C:\\Users\\Marco\\Desktop\\TP-DriveHub-Grupo-6\\src\\models\\Media.ts": {"path":"C:\\Users\\Marco\\Desktop\\TP-DriveHub-Grupo-6\\src\\models\\Media.ts","all":false,"statementMap":{"0":{"start":{"line":1,"column":0},"end":{"line":1,"column":38}},"1":{"start":{"line":2,"column":0},"end":{"line":2,"column":0}},"2":{"start":{"line":3,"column":0},"end":{"line":3,"column":3}},"3":{"start":{"line":4,"column":0},"end":{"line":4,"column":32}},"4":{"start":{"line":5,"column":0},"end":{"line":5,"column":53}},"5":{"start":{"line":6,"column":0},"end":{"line":6,"column":21}},"6":{"start":{"line":7,"column":0},"end":{"line":7,"column":3}},"7":{"start":{"line":8,"column":0},"end":{"line":8,"column":32}},"8":{"start":{"line":9,"column":0},"end":{"line":9,"column":0}},"9":{"start":{"line":10,"column":0},"end":{"line":10,"column":19}},"10":{"start":{"line":11,"column":0},"end":{"line":11,"column":53}},"11":{"start":{"line":12,"column":0},"end":{"line":12,"column":5}},"12":{"start":{"line":13,"column":0},"end":{"line":13,"column":1}},"13":{"start":{"line":14,"column":0},"end":{"line":14,"column":0}},"14":{"start":{"line":15,"column":0},"end":{"line":15,"column":21}}},"s":{"0":1,"1":1,"2":1,"3":1,"4":1,"5":1,"6":1,"7":1,"8":1,"9":1,"10":9,"11":9,"12":1,"13":1,"14":1},"branchMap":{"0":{"type":"branch","line":10,"loc":{"start":{"line":10,"column":4},"end":{"line":12,"column":5}},"locations":[{"start":{"line":10,"column":4},"end":{"line":12,"column":5}}]}},"b":{"0":[9]},"fnMap":{"0":{"name":"Media","decl":{"start":{"line":10,"column":4},"end":{"line":12,"column":5}},"loc":{"start":{"line":10,"column":4},"end":{"line":12,"column":5}},"line":10}},"f":{"0":9}}
,"C:\\Users\\Marco\\Desktop\\TP-DriveHub-Grupo-6\\src\\models\\Reserva.ts": {"path":"C:\\Users\\Marco\\Desktop\\TP-DriveHub-Grupo-6\\src\\models\\Reserva.ts","all":false,"statementMap":{"0":{"start":{"line":1,"column":0},"end":{"line":1,"column":27}},"1":{"start":{"line":2,"column":0},"end":{"line":2,"column":33}},"2":{"start":{"line":3,"column":0},"end":{"line":3,"column":38}},"3":{"start":{"line":4,"column":0},"end":{"line":4,"column":0}},"4":{"start":{"line":5,"column":0},"end":{"line":5,"column":15}},"5":{"start":{"line":6,"column":0},"end":{"line":6,"column":25}},"6":{"start":{"line":7,"column":0},"end":{"line":7,"column":29}},"7":{"start":{"line":8,"column":0},"end":{"line":8,"column":28}},"8":{"start":{"line":9,"column":0},"end":{"line":9,"column":29}},"9":{"start":{"line":10,"column":0},"end":{"line":10,"column":26}},"10":{"start":{"line":11,"column":0},"end":{"line":11,"column":22}},"11":{"start":{"line":12,"column":0},"end":{"line":12,"column":31}},"12":{"start":{"line":13,"column":0},"end":{"line":13,"column":33}},"13":{"start":{"line":14,"column":0},"end":{"line":14,"column":0}},"14":{"start":{"line":15,"column":0},"end":{"line":15,"column":16}},"15":{"start":{"line":16,"column":0},"end":{"line":16,"column":14}},"16":{"start":{"line":17,"column":0},"end":{"line":17,"column":22}},"17":{"start":{"line":18,"column":0},"end":{"line":18,"column":21}},"18":{"start":{"line":19,"column":0},"end":{"line":19,"column":22}},"19":{"start":{"line":20,"column":0},"end":{"line":20,"column":19}},"20":{"start":{"line":21,"column":0},"end":{"line":21,"column":15}},"21":{"start":{"line":22,"column":0},"end":{"line":22,"column":24}},"22":{"start":{"line":23,"column":0},"end":{"line":23,"column":25}},"23":{"start":{"line":24,"column":0},"end":{"line":24,"column":5}},"24":{"start":{"line":25,"column":0},"end":{"line":25,"column":32}},"25":{"start":{"line":26,"column":0},"end":{"line":26,"column":28}},"26":{"start":{"line":27,"column":0},"end":{"line":27,"column":36}},"27":{"start":{"line":28,"column":0},"end":{"line":28,"column":30}},"28":{"start":{"line":29,"column":0},"end":{"line":29,"column":22}},"29":{"start":{"line":30,"column":0},"end":{"line":30,"column":36}},"30":{"start":{"line":31,"column":0},"end":{"line":31,"column":32}},"31":{"start":{"line":32,"column":0},"end":{"line":32,"column":3}},"32":{"start":{"line":33,"column":0},"end":{"line":33,"column":0}},"33":{"start":{"line":34,"column":0},"end":{"line":34,"column":22}},"34":{"start":{"line":35,"column":0},"end":{"line":35,"column":59}},"35":{"start":{"line":36,"column":0},"end":{"line":36,"column":65}},"36":{"start":{"line":37,"column":0},"end":{"line":37,"column":0}},"37":{"start":{"line":38,"column":0},"end":{"line":38,"column":56}},"38":{"start":{"line":39,"column":0},"end":{"line":39,"column":62}},"39":{"start":{"line":40,"column":0},"end":{"line":40,"column":0}},"40":{"start":{"line":41,"column":0},"end":{"line":41,"column":61}},"41":{"start":{"line":42,"column":0},"end":{"line":42,"column":67}},"42":{"start":{"line":43,"column":0},"end":{"line":43,"column":0}},"43":{"start":{"line":44,"column":0},"end":{"line":44,"column":55}},"44":{"start":{"line":45,"column":0},"end":{"line":45,"column":61}},"45":{"start":{"line":46,"column":0},"end":{"line":46,"column":0}},"46":{"start":{"line":47,"column":0},"end":{"line":47,"column":47}},"47":{"start":{"line":48,"column":0},"end":{"line":48,"column":53}},"48":{"start":{"line":49,"column":0},"end":{"line":49,"column":0}},"49":{"start":{"line":50,"column":0},"end":{"line":50,"column":63}},"50":{"start":{"line":51,"column":0},"end":{"line":51,"column":69}},"51":{"start":{"line":52,"column":0},"end":{"line":52,"column":0}},"52":{"start":{"line":53,"column":0},"end":{"line":53,"column":63}},"53":{"start":{"line":54,"column":0},"end":{"line":54,"column":69}},"54":{"start":{"line":55,"column":0},"end":{"line":55,"column":0}},"55":{"start":{"line":56,"column":0},"end":{"line":56,"column":5}},"56":{"start":{"line":57,"column":0},"end":{"line":57,"column":52}},"57":{"start":{"line":58,"column":0},"end":{"line":58,"column":58}},"58":{"start":{"line":59,"column":0},"end":{"line":59,"column":63}},"59":{"start":{"line":60,"column":0},"end":{"line":60,"column":48}},"60":{"start":{"line":61,"column":0},"end":{"line":61,"column":5}},"61":{"start":{"line":62,"column":0},"end":{"line":62,"column":38}},"62":{"start":{"line":63,"column":0},"end":{"line":63,"column":48}},"63":{"start":{"line":64,"column":0},"end":{"line":64,"column":80}},"64":{"start":{"line":65,"column":0},"end":{"line":65,"column":6}},"65":{"start":{"line":66,"column":0},"end":{"line":66,"column":52}},"66":{"start":{"line":67,"column":0},"end":{"line":67,"column":6}},"67":{"start":{"line":68,"column":0},"end":{"line":68,"column":43}},"68":{"start":{"line":69,"column":0},"end":{"line":69,"column":6}},"69":{"start":{"line":70,"column":0},"end":{"line":70,"column":55}},"70":{"start":{"line":71,"column":0},"end":{"line":71,"column":6}},"71":{"start":{"line":72,"column":0},"end":{"line":72,"column":43}},"72":{"start":{"line":73,"column":0},"end":{"line":73,"column":4}},"73":{"start":{"line":74,"column":0},"end":{"line":74,"column":22}},"74":{"start":{"line":75,"column":0},"end":{"line":75,"column":3}},"75":{"start":{"line":76,"column":0},"end":{"line":76,"column":0}},"76":{"start":{"line":77,"column":0},"end":{"line":77,"column":5}},"77":{"start":{"line":78,"column":0},"end":{"line":78,"column":46}},"78":{"start":{"line":79,"column":0},"end":{"line":79,"column":78}},"79":{"start":{"line":80,"column":0},"end":{"line":80,"column":5}},"80":{"start":{"line":81,"column":0},"end":{"line":81,"column":26}},"81":{"start":{"line":82,"column":0},"end":{"line":82,"column":78}},"82":{"start":{"line":83,"column":0},"end":{"line":83,"column":56}},"83":{"start":{"line":84,"column":0},"end":{"line":84,"column":3}},"84":{"start":{"line":85,"column":0},"end":{"line":85,"column":0}},"85":{"start":{"line":86,"column":0},"end":{"line":86,"column":5}},"86":{"start":{"line":87,"column":0},"end":{"line":87,"column":52}},"87":{"start":{"line":88,"column":0},"end":{"line":88,"column":77}},"88":{"start":{"line":89,"column":0},"end":{"line":89,"column":5}},"89":{"start":{"line":90,"column":0},"end":{"line":90,"column":38}},"90":{"start":{"line":91,"column":0},"end":{"line":91,"column":74}},"91":{"start":{"line":92,"column":0},"end":{"line":92,"column":3}},"92":{"start":{"line":93,"column":0},"end":{"line":93,"column":1}},"93":{"start":{"line":94,"column":0},"end":{"line":94,"column":0}},"94":{"start":{"line":95,"column":0},"end":{"line":95,"column":23}}},"s":{"0":1,"1":1,"2":1,"3":1,"4":1,"5":39,"6":39,"7":39,"8":39,"9":39,"10":39,"11":39,"12":39,"13":39,"14":39,"15":39,"16":39,"17":39,"18":39,"19":39,"20":39,"21":39,"22":39,"23":39,"24":39,"25":39,"26":39,"27":39,"28":39,"29":39,"30":39,"31":39,"32":39,"33":39,"34":39,"35":39,"36":39,"37":39,"38":39,"39":39,"40":39,"41":39,"42":39,"43":39,"44":39,"45":39,"46":39,"47":39,"48":39,"49":39,"50":39,"51":39,"52":39,"53":39,"54":39,"55":39,"56":39,"57":39,"58":39,"59":39,"60":39,"61":39,"62":7,"63":7,"64":7,"65":7,"66":7,"67":7,"68":7,"69":7,"70":7,"71":7,"72":7,"73":7,"74":7,"75":39,"76":39,"77":39,"78":39,"79":39,"80":39,"81":25,"82":25,"83":25,"84":39,"85":39,"86":39,"87":39,"88":39,"89":39,"90":1,"91":1,"92":39,"93":1,"94":1},"branchMap":{"0":{"type":"branch","line":5,"loc":{"start":{"line":5,"column":13},"end":{"line":93,"column":1}},"locations":[{"start":{"line":5,"column":13},"end":{"line":93,"column":1}}]},"1":{"type":"branch","line":16,"loc":{"start":{"line":16,"column":2},"end":{"line":32,"column":3}},"locations":[{"start":{"line":16,"column":2},"end":{"line":32,"column":3}}]},"2":{"type":"branch","line":35,"loc":{"start":{"line":35,"column":9},"end":{"line":35,"column":59}},"locations":[{"start":{"line":35,"column":9},"end":{"line":35,"column":59}}]},"3":{"type":"branch","line":36,"loc":{"start":{"line":36,"column":9},"end":{"line":36,"column":65}},"locations":[{"start":{"line":36,"column":9},"end":{"line":36,"column":65}}]},"4":{"type":"branch","line":38,"loc":{"start":{"line":38,"column":9},"end":{"line":38,"column":56}},"locations":[{"start":{"line":38,"column":9},"end":{"line":38,"column":56}}]},"5":{"type":"branch","line":39,"loc":{"start":{"line":39,"column":9},"end":{"line":39,"column":62}},"locations":[{"start":{"line":39,"column":9},"end":{"line":39,"column":62}}]},"6":{"type":"branch","line":41,"loc":{"start":{"line":41,"column":9},"end":{"line":41,"column":61}},"locations":[{"start":{"line":41,"column":9},"end":{"line":41,"column":61}}]},"7":{"type":"branch","line":42,"loc":{"start":{"line":42,"column":9},"end":{"line":42,"column":67}},"locations":[{"start":{"line":42,"column":9},"end":{"line":42,"column":67}}]},"8":{"type":"branch","line":44,"loc":{"start":{"line":44,"column":9},"end":{"line":44,"column":55}},"locations":[{"start":{"line":44,"column":9},"end":{"line":44,"column":55}}]},"9":{"type":"branch","line":45,"loc":{"start":{"line":45,"column":9},"end":{"line":45,"column":61}},"locations":[{"start":{"line":45,"column":9},"end":{"line":45,"column":61}}]},"10":{"type":"branch","line":47,"loc":{"start":{"line":47,"column":9},"end":{"line":47,"column":47}},"locations":[{"start":{"line":47,"column":9},"end":{"line":47,"column":47}}]},"11":{"type":"branch","line":48,"loc":{"start":{"line":48,"column":9},"end":{"line":48,"column":53}},"locations":[{"start":{"line":48,"column":9},"end":{"line":48,"column":53}}]},"12":{"type":"branch","line":50,"loc":{"start":{"line":50,"column":9},"end":{"line":50,"column":63}},"locations":[{"start":{"line":50,"column":9},"end":{"line":50,"column":63}}]},"13":{"type":"branch","line":51,"loc":{"start":{"line":51,"column":9},"end":{"line":51,"column":69}},"locations":[{"start":{"line":51,"column":9},"end":{"line":51,"column":69}}]},"14":{"type":"branch","line":53,"loc":{"start":{"line":53,"column":9},"end":{"line":53,"column":63}},"locations":[{"start":{"line":53,"column":9},"end":{"line":53,"column":63}}]},"15":{"type":"branch","line":54,"loc":{"start":{"line":54,"column":9},"end":{"line":54,"column":69}},"locations":[{"start":{"line":54,"column":9},"end":{"line":54,"column":69}}]},"16":{"type":"branch","line":62,"loc":{"start":{"line":62,"column":9},"end":{"line":75,"column":3}},"locations":[{"start":{"line":62,"column":9},"end":{"line":75,"column":3}}]},"17":{"type":"branch","line":81,"loc":{"start":{"line":81,"column":9},"end":{"line":84,"column":3}},"locations":[{"start":{"line":81,"column":9},"end":{"line":84,"column":3}}]},"18":{"type":"branch","line":90,"loc":{"start":{"line":90,"column":9},"end":{"line":92,"column":3}},"locations":[{"start":{"line":90,"column":9},"end":{"line":92,"column":3}}]}},"b":{"0":[39],"1":[39],"2":[3],"3":[1],"4":[2],"5":[1],"6":[12],"7":[1],"8":[12],"9":[1],"10":[17],"11":[1],"12":[27],"13":[1],"14":[2],"15":[1],"16":[7],"17":[25],"18":[1]},"fnMap":{"0":{"name":"<instance_members_initializer>","decl":{"start":{"line":5,"column":13},"end":{"line":93,"column":1}},"loc":{"start":{"line":5,"column":13},"end":{"line":93,"column":1}},"line":5},"1":{"name":"Reserva","decl":{"start":{"line":16,"column":2},"end":{"line":32,"column":3}},"loc":{"start":{"line":16,"column":2},"end":{"line":32,"column":3}},"line":16},"2":{"name":"getIdReserva","decl":{"start":{"line":35,"column":9},"end":{"line":35,"column":59}},"loc":{"start":{"line":35,"column":9},"end":{"line":35,"column":59}},"line":35},"3":{"name":"setIdReserva","decl":{"start":{"line":36,"column":9},"end":{"line":36,"column":65}},"loc":{"start":{"line":36,"column":9},"end":{"line":36,"column":65}},"line":36},"4":{"name":"getCliente","decl":{"start":{"line":38,"column":9},"end":{"line":38,"column":56}},"loc":{"start":{"line":38,"column":9},"end":{"line":38,"column":56}},"line":38},"5":{"name":"setCliente","decl":{"start":{"line":39,"column":9},"end":{"line":39,"column":62}},"loc":{"start":{"line":39,"column":9},"end":{"line":39,"column":62}},"line":39},"6":{"name":"getFechaInicio","decl":{"start":{"line":41,"column":9},"end":{"line":41,"column":61}},"loc":{"start":{"line":41,"column":9},"end":{"line":41,"column":61}},"line":41},"7":{"name":"setFechaInicio","decl":{"start":{"line":42,"column":9},"end":{"line":42,"column":67}},"loc":{"start":{"line":42,"column":9},"end":{"line":42,"column":67}},"line":42},"8":{"name":"getFechaFin","decl":{"start":{"line":44,"column":9},"end":{"line":44,"column":55}},"loc":{"start":{"line":44,"column":9},"end":{"line":44,"column":55}},"line":44},"9":{"name":"setFechaFin","decl":{"start":{"line":45,"column":9},"end":{"line":45,"column":61}},"loc":{"start":{"line":45,"column":9},"end":{"line":45,"column":61}},"line":45},"10":{"name":"getAuto","decl":{"start":{"line":47,"column":9},"end":{"line":47,"column":47}},"loc":{"start":{"line":47,"column":9},"end":{"line":47,"column":47}},"line":47},"11":{"name":"setAuto","decl":{"start":{"line":48,"column":9},"end":{"line":48,"column":53}},"loc":{"start":{"line":48,"column":9},"end":{"line":48,"column":53}},"line":48},"12":{"name":"getKilometraje","decl":{"start":{"line":50,"column":9},"end":{"line":50,"column":63}},"loc":{"start":{"line":50,"column":9},"end":{"line":50,"column":63}},"line":50},"13":{"name":"setKilometraje","decl":{"start":{"line":51,"column":9},"end":{"line":51,"column":69}},"loc":{"start":{"line":51,"column":9},"end":{"line":51,"column":69}},"line":51},"14":{"name":"getTemporada","decl":{"start":{"line":53,"column":9},"end":{"line":53,"column":63}},"loc":{"start":{"line":53,"column":9},"end":{"line":53,"column":63}},"line":53},"15":{"name":"setTemporada","decl":{"start":{"line":54,"column":9},"end":{"line":54,"column":69}},"loc":{"start":{"line":54,"column":9},"end":{"line":54,"column":69}},"line":54},"16":{"name":"costoTotalReserva","decl":{"start":{"line":62,"column":9},"end":{"line":75,"column":3}},"loc":{"start":{"line":62,"column":9},"end":{"line":75,"column":3}},"line":62},"17":{"name":"getDias","decl":{"start":{"line":81,"column":9},"end":{"line":84,"column":3}},"loc":{"start":{"line":81,"column":9},"end":{"line":84,"column":3}},"line":81},"18":{"name":"obtenerTarifaDiaria","decl":{"start":{"line":90,"column":9},"end":{"line":92,"column":3}},"loc":{"start":{"line":90,"column":9},"end":{"line":92,"column":3}},"line":90}},"f":{"0":39,"1":39,"2":3,"3":1,"4":2,"5":1,"6":12,"7":1,"8":12,"9":1,"10":17,"11":1,"12":27,"13":1,"14":2,"15":1,"16":7,"17":25,"18":1}}
,"C:\\Users\\Marco\\Desktop\\TP-DriveHub-Grupo-6\\src\\models\\SUV.ts": {"path":"C:\\Users\\Marco\\Desktop\\TP-DriveHub-Grupo-6\\src\\models\\SUV.ts","all":false,"statementMap":{"0":{"start":{"line":1,"column":0},"end":{"line":1,"column":26}},"1":{"start":{"line":2,"column":0},"end":{"line":2,"column":32}},"2":{"start":{"line":3,"column":0},"end":{"line":3,"column":0}},"3":{"start":{"line":4,"column":0},"end":{"line":4,"column":3}},"4":{"start":{"line":5,"column":0},"end":{"line":5,"column":12}},"5":{"start":{"line":6,"column":0},"end":{"line":6,"column":72}},"6":{"start":{"line":7,"column":0},"end":{"line":7,"column":3}},"7":{"start":{"line":8,"column":0},"end":{"line":8,"column":24}},"8":{"start":{"line":9,"column":0},"end":{"line":9,"column":31}},"9":{"start":{"line":10,"column":0},"end":{"line":10,"column":0}},"10":{"start":{"line":11,"column":0},"end":{"line":11,"column":7}},"11":{"start":{"line":12,"column":0},"end":{"line":12,"column":33}},"12":{"start":{"line":13,"column":0},"end":{"line":13,"column":71}},"13":{"start":{"line":14,"column":0},"end":{"line":14,"column":101}},"14":{"start":{"line":15,"column":0},"end":{"line":15,"column":64}},"15":{"start":{"line":16,"column":0},"end":{"line":16,"column":76}},"16":{"start":{"line":17,"column":0},"end":{"line":17,"column":7}},"17":{"start":{"line":18,"column":0},"end":{"line":18,"column":179}},"18":{"start":{"line":19,"column":0},"end":{"line":19,"column":121}},"19":{"start":{"line":20,"column":0},"end":{"line":20,"column":36}},"20":{"start":{"line":21,"column":0},"end":{"line":21,"column":5}},"21":{"start":{"line":22,"column":0},"end":{"line":22,"column":0}},"22":{"start":{"line":23,"column":0},"end":{"line":23,"column":7}},"23":{"start":{"line":24,"column":0},"end":{"line":24,"column":45}},"24":{"start":{"line":25,"column":0},"end":{"line":25,"column":43}},"25":{"start":{"line":26,"column":0},"end":{"line":26,"column":7}},"26":{"start":{"line":27,"column":0},"end":{"line":27,"column":61}},"27":{"start":{"line":28,"column":0},"end":{"line":28,"column":0}},"28":{"start":{"line":29,"column":0},"end":{"line":29,"column":7}},"29":{"start":{"line":30,"column":0},"end":{"line":30,"column":47}},"30":{"start":{"line":31,"column":0},"end":{"line":31,"column":55}},"31":{"start":{"line":32,"column":0},"end":{"line":32,"column":7}},"32":{"start":{"line":33,"column":0},"end":{"line":33,"column":67}},"33":{"start":{"line":34,"column":0},"end":{"line":34,"column":0}},"34":{"start":{"line":35,"column":0},"end":{"line":35,"column":7}},"35":{"start":{"line":36,"column":0},"end":{"line":36,"column":61}},"36":{"start":{"line":37,"column":0},"end":{"line":37,"column":82}},"37":{"start":{"line":38,"column":0},"end":{"line":38,"column":77}},"38":{"start":{"line":39,"column":0},"end":{"line":39,"column":46}},"39":{"start":{"line":40,"column":0},"end":{"line":40,"column":7}},"40":{"start":{"line":41,"column":0},"end":{"line":41,"column":51}},"41":{"start":{"line":42,"column":0},"end":{"line":42,"column":83}},"42":{"start":{"line":43,"column":0},"end":{"line":43,"column":5}},"43":{"start":{"line":44,"column":0},"end":{"line":44,"column":0}},"44":{"start":{"line":45,"column":0},"end":{"line":45,"column":7}},"45":{"start":{"line":46,"column":0},"end":{"line":46,"column":50}},"46":{"start":{"line":47,"column":0},"end":{"line":47,"column":57}},"47":{"start":{"line":48,"column":0},"end":{"line":48,"column":119}},"48":{"start":{"line":49,"column":0},"end":{"line":49,"column":81}},"49":{"start":{"line":50,"column":0},"end":{"line":50,"column":47}},"50":{"start":{"line":51,"column":0},"end":{"line":51,"column":7}},"51":{"start":{"line":52,"column":0},"end":{"line":52,"column":51}},"52":{"start":{"line":53,"column":0},"end":{"line":53,"column":69}},"53":{"start":{"line":54,"column":0},"end":{"line":54,"column":0}},"54":{"start":{"line":55,"column":0},"end":{"line":55,"column":45}},"55":{"start":{"line":56,"column":0},"end":{"line":56,"column":74}},"56":{"start":{"line":57,"column":0},"end":{"line":57,"column":9}},"57":{"start":{"line":58,"column":0},"end":{"line":58,"column":0}},"58":{"start":{"line":59,"column":0},"end":{"line":59,"column":34}},"59":{"start":{"line":60,"column":0},"end":{"line":60,"column":5}},"60":{"start":{"line":61,"column":0},"end":{"line":61,"column":0}},"61":{"start":{"line":62,"column":0},"end":{"line":62,"column":1}},"62":{"start":{"line":63,"column":0},"end":{"line":63,"column":0}},"63":{"start":{"line":64,"column":0},"end":{"line":64,"column":19}}},"s":{"0":1,"1":1,"2":1,"3":1,"4":1,"5":1,"6":1,"7":1,"8":24,"9":24,"10":24,"11":24,"12":24,"13":24,"14":24,"15":24,"16":24,"17":24,"18":24,"19":24,"20":24,"21":24,"22":24,"23":24,"24":24,"25":24,"26":24,"27":24,"28":24,"29":24,"30":24,"31":24,"32":24,"33":24,"34":24,"35":24,"36":24,"37":24,"38":24,"39":24,"40":24,"41":3,"42":3,"43":24,"44":24,"45":24,"46":24,"47":24,"48":24,"49":24,"50":24,"51":24,"52":4,"53":4,"54":4,"55":4,"56":4,"57":4,"58":4,"59":4,"60":24,"61":24,"62":1,"63":1},"branchMap":{"0":{"type":"branch","line":8,"loc":{"start":{"line":8,"column":22},"end":{"line":62,"column":1}},"locations":[{"start":{"line":8,"column":22},"end":{"line":62,"column":1}}]},"1":{"type":"branch","line":18,"loc":{"start":{"line":18,"column":4},"end":{"line":21,"column":5}},"locations":[{"start":{"line":18,"column":4},"end":{"line":21,"column":5}}]},"2":{"type":"branch","line":27,"loc":{"start":{"line":27,"column":11},"end":{"line":27,"column":61}},"locations":[{"start":{"line":27,"column":11},"end":{"line":27,"column":61}}]},"3":{"type":"branch","line":33,"loc":{"start":{"line":33,"column":11},"end":{"line":33,"column":67}},"locations":[{"start":{"line":33,"column":11},"end":{"line":33,"column":67}}]},"4":{"type":"branch","line":41,"loc":{"start":{"line":41,"column":11},"end":{"line":43,"column":5}},"locations":[{"start":{"line":41,"column":11},"end":{"line":43,"column":5}}]},"5":{"type":"branch","line":52,"loc":{"start":{"line":52,"column":11},"end":{"line":60,"column":5}},"locations":[{"start":{"line":52,"column":11},"end":{"line":60,"column":5}}]}},"b":{"0":[24],"1":[24],"2":[2],"3":[1],"4":[3],"5":[4]},"fnMap":{"0":{"name":"<instance_members_initialize
[...]
1,"42":21,"43":21,"44":21,"45":21,"46":17,"47":17,"48":21,"49":21,"50":21,"51":21,"52":21,"53":21,"54":21,"55":21,"56":21,"57":21,"58":21,"59":1,"60":1,"61":1,"62":21,"63":21,"64":21,"65":21,"66":21,"67":21,"68":21,"69":1,"70":1,"71":21,"72":21,"73":21,"74":21,"75":21,"76":21,"77":40,"78":40,"79":21,"80":21,"81":21,"82":21,"83":21,"84":21,"85":1,"86":1,"87":21,"88":21,"89":21,"90":21,"91":21,"92":21,"93":27,"94":27,"95":21,"96":21,"97":21,"98":21,"99":21,"100":21,"101":1,"102":1,"103":21,"104":21,"105":21,"106":21,"107":21,"108":21,"109":17,"110":17,"111":21,"112":21,"113":21,"114":21,"115":21,"116":21,"117":1,"118":1,"119":21},"branchMap":{"0":{"type":"branch","line":10,"loc":{"start":{"line":10,"column":37},"end":{"line":120,"column":1}},"locations":[{"start":{"line":10,"column":37},"end":{"line":120,"column":1}}]},"1":{"type":"branch","line":20,"loc":{"start":{"line":20,"column":4},"end":{"line":24,"column":5}},"locations":[{"start":{"line":20,"column":4},"end":{"line":24,"column":5}}]},"2":{"type":"branch","line":30,"loc":{"start":{"line":30,"column":11},"end":{"line":32,"column":5}},"locations":[{"start":{"line":30,"column":11},"end":{"line":32,"column":5}}]},"3":{"type":"branch","line":38,"loc":{"start":{"line":38,"column":11},"end":{"line":40,"column":5}},"locations":[{"start":{"line":38,"column":11},"end":{"line":40,"column":5}}]},"4":{"type":"branch","line":46,"loc":{"start":{"line":46,"column":11},"end":{"line":48,"column":5}},"locations":[{"start":{"line":46,"column":11},"end":{"line":48,"column":5}}]},"5":{"type":"branch","line":59,"loc":{"start":{"line":59,"column":11},"end":{"line":62,"column":5}},"locations":[{"start":{"line":59,"column":11},"end":{"line":62,"column":5}}]},"6":{"type":"branch","line":69,"loc":{"start":{"line":69,"column":11},"end":{"line":71,"column":5}},"locations":[{"start":{"line":69,"column":11},"end":{"line":71,"column":5}}]},"7":{"type":"branch","line":77,"loc":{"start":{"line":77,"column":11},"end":{"line":79,"column":5}},"locations":[{"start":{"line":77,"column":11},"end":{"line":79,"column":5}}]},"8":{"type":"branch","line":85,"loc":{"start":{"line":85,"column":11},"end":{"line":87,"column":5}},"locations":[{"start":{"line":85,"column":11},"end":{"line":87,"column":5}}]},"9":{"type":"branch","line":86,"loc":{"start":{"line":86,"column":41},"end":{"line":86,"column":88}},"locations":[{"start":{"line":86,"column":41},"end":{"line":86,"column":88}}]},"10":{"type":"branch","line":93,"loc":{"start":{"line":93,"column":11},"end":{"line":95,"column":5}},"locations":[{"start":{"line":93,"column":11},"end":{"line":95,"column":5}}]},"11":{"type":"branch","line":101,"loc":{"start":{"line":101,"column":11},"end":{"line":103,"column":5}},"locations":[{"start":{"line":101,"column":11},"end":{"line":103,"column":5}}]},"12":{"type":"branch","line":102,"loc":{"start":{"line":102,"column":47},"end":{"line":102,"column":88}},"locations":[{"start":{"line":102,"column":47},"end":{"line":102,"column":88}}]},"13":{"type":"branch","line":109,"loc":{"start":{"line":109,"column":11},"end":{"line":111,"column":5}},"locations":[{"start":{"line":109,"column":11},"end":{"line":111,"column":5}}]},"14":{"type":"branch","line":117,"loc":{"start":{"line":117,"column":11},"end":{"line":119,"column":5}},"locations":[{"start":{"line":117,"column":11},"end":{"line":119,"column":5}}]},"15":{"type":"branch","line":118,"loc":{"start":{"line":118,"column":47},"end":{"line":118,"column":94}},"locations":[{"start":{"line":118,"column":47},"end":{"line":118,"column":94}}]}},"b":{"0":[21],"1":[21],"2":[7],"3":[4],"4":[17],"5":[1],"6":[1],"7":[40],"8":[1],"9":[1],"10":[27],"11":[1],"12":[1],"13":[17],"14":[1],"15":[1]},"fnMap":{"0":{"name":"<instance_members_initializer>","decl":{"start":{"line":10,"column":37},"end":{"line":120,"column":1}},"loc":{"start":{"line":10,"column":37},"end":{"line":120,"column":1}},"line":10},"1":{"name":"SistemaDeReserva","decl":{"start":{"line":20,"column":4},"end":{"line":24,"column":5}},"loc":{"start":{"line":20,"column":4},"end":{"line":24,"column":5}},"line":20},"2":{"name":"getAutos","decl":{"start":{"line":30,"column":11},"end":{"line":32,"column":5}},"loc":{"start":{"line":30,"column":11},"end":{"line":32,"column":5}},"line":30},"3":{"name":"getClientes","decl":{"start":{"line":38,"column":11},"end":{"line":40,"column":5}},"loc":{"start":{"line":38,"column":11},"end":{"line":40,"column":5}},"line":38},"4":{"name":"getReservas","decl":{"start":{"line":46,"column":11},"end":{"line":48,"column":5}},"loc":{"start":{"line":46,"column":11},"end":{"line":48,"column":5}},"line":46},"5":{"name":"crearReserva","decl":{"start":{"line":59,"column":11},"end":{"line":62,"column":5}},"loc":{"start":{"line":59,"column":11},"end":{"line":62,"column":5}},"line":59},"6":{"name":"verificarDisponibilidad","decl":{"start":{"line":69,"column":11},"end":{"line":71,"column":5}},"loc":{"start":{"line":69,"column":11},"end":{"line":71,"column":5}},"line":69},"7":{"name":"agregarAuto","decl":{"start":{"line":77,"column":11},"end":{"line":79,"column":5}},"loc":{"start":{"line":77,"column":11},"end":{"line":79,"column":5}},"line":77},"8":{"name":"eliminarAuto","decl":{"start":{"line":85,"column":11},"end":{"line":87,"column":5}},"loc":{"start":{"line":85,"column":11},"end":{"line":87,"column":5}},"line":85},"9":{"name":"agregarCliente","decl":{"start":{"line":93,"column":11},"end":{"line":95,"column":5}},"loc":{"start":{"line":93,"column":11},"end":{"line":95,"column":5}},"line":93},"10":{"name":"eliminarCliente","decl":{"start":{"line":101,"column":11},"end":{"line":103,"column":5}},"loc":{"start":{"line":101,"column":11},"end":{"line":103,"column":5}},"line":101},"11":{"name":"agregarReserva","decl":{"start":{"line":109,"column":11},"end":{"line":111,"column":5}},"loc":{"start":{"line":109,"column":11},"end":{"line":111,"column":5}},"line":109},"12":{"name":"eliminarReserva","decl":{"start":{"line":117,"column":11},"end":{"line":119,"column":5}},"loc":{"start":{"line":117,"column":11},"end":{"line":119,"column":5}},"line":117}},"f":{"0":21,"1":21,"2":7,"3":4,"4":17,"5":1,"6":1,"7":40,"8":1,"9":27,"10":1,"11":17,"12":1}}
,"C:\\Users\\Marco\\Desktop\\TP-DriveHub-Grupo-6\\src\\models\\Temporadas.ts": {"path":"C:\\Users\\Marco\\Desktop\\TP-DriveHub-Grupo-6\\src\\models\\Temporadas.ts","all":false,"statementMap":{"0":{"start":{"line":1,"column":0},"end":{"line":1,"column":3}},"1":{"start":{"line":2,"column":0},"end":{"line":2,"column":29}},"2":{"start":{"line":3,"column":0},"end":{"line":3,"column":72}},"3":{"start":{"line":4,"column":0},"end":{"line":4,"column":73}},"4":{"start":{"line":5,"column":0},"end":{"line":5,"column":3}},"5":{"start":{"line":6,"column":0},"end":{"line":6,"column":27}},"6":{"start":{"line":7,"column":0},"end":{"line":7,"column":35}},"7":{"start":{"line":8,"column":0},"end":{"line":8,"column":0}},"8":{"start":{"line":9,"column":0},"end":{"line":9,"column":7}},"9":{"start":{"line":10,"column":0},"end":{"line":10,"column":32}},"10":{"start":{"line":11,"column":0},"end":{"line":11,"column":79}},"11":{"start":{"line":12,"column":0},"end":{"line":12,"column":35}},"12":{"start":{"line":13,"column":0},"end":{"line":13,"column":47}},"13":{"start":{"line":14,"column":0},"end":{"line":14,"column":35}},"14":{"start":{"line":15,"column":0},"end":{"line":15,"column":7}},"15":{"start":{"line":16,"column":0},"end":{"line":16,"column":40}},"16":{"start":{"line":17,"column":0},"end":{"line":17,"column":44}},"17":{"start":{"line":18,"column":0},"end":{"line":18,"column":5}},"18":{"start":{"line":19,"column":0},"end":{"line":19,"column":0}},"19":{"start":{"line":20,"column":0},"end":{"line":20,"column":7}},"20":{"start":{"line":21,"column":0},"end":{"line":21,"column":49}},"21":{"start":{"line":22,"column":0},"end":{"line":22,"column":60}},"22":{"start":{"line":23,"column":0},"end":{"line":23,"column":7}},"23":{"start":{"line":24,"column":0},"end":{"line":24,"column":75}},"24":{"start":{"line":25,"column":0},"end":{"line":25,"column":0}},"25":{"start":{"line":26,"column":0},"end":{"line":26,"column":7}},"26":{"start":{"line":27,"column":0},"end":{"line":27,"column":47}},"27":{"start":{"line":28,"column":0},"end":{"line":28,"column":45}},"28":{"start":{"line":29,"column":0},"end":{"line":29,"column":7}},"29":{"start":{"line":30,"column":0},"end":{"line":30,"column":69}},"30":{"start":{"line":31,"column":0},"end":{"line":31,"column":0}},"31":{"start":{"line":32,"column":0},"end":{"line":32,"column":7}},"32":{"start":{"line":33,"column":0},"end":{"line":33,"column":52}},"33":{"start":{"line":34,"column":0},"end":{"line":34,"column":60}},"34":{"start":{"line":35,"column":0},"end":{"line":35,"column":54}},"35":{"start":{"line":36,"column":0},"end":{"line":36,"column":7}},"36":{"start":{"line":37,"column":0},"end":{"line":37,"column":63}},"37":{"start":{"line":38,"column":0},"end":{"line":38,"column":48}},"38":{"start":{"line":39,"column":0},"end":{"line":39,"column":5}},"39":{"start":{"line":40,"column":0},"end":{"line":40,"column":1}},"40":{"start":{"line":41,"column":0},"end":{"line":41,"column":0}},"41":{"start":{"line":42,"column":0},"end":{"line":42,"column":25}}},"s":{"0":1,"1":1,"2":1,"3":1,"4":1,"5":1,"6":46,"7":46,"8":46,"9":46,"10":46,"11":46,"12":46,"13":46,"14":46,"15":46,"16":46,"17":46,"18":46,"19":46,"20":46,"21":46,"22":46,"23":46,"24":46,"25":46,"26":46,"27":46,"28":46,"29":46,"30":46,"31":46,"32":46,"33":46,"34":46,"35":46,"36":46,"37":12,"38":12,"39":46,"40":1,"41":1},"branchMap":{"0":{"type":"branch","line":6,"loc":{"start":{"line":6,"column":25},"end":{"line":40,"column":1}},"locations":[{"start":{"line":6,"column":25},"end":{"line":40,"column":1}}]},"1":{"type":"branch","line":16,"loc":{"start":{"line":16,"column":4},"end":{"line":18,"column":5}},"locations":[{"start":{"line":16,"column":4},"end":{"line":18,"column":5}}]},"2":{"type":"branch","line":24,"loc":{"start":{"line":24,"column":11},"end":{"line":24,"column":75}},"locations":[{"start":{"line":24,"column":11},"end":{"line":24,"column":75}}]},"3":{"type":"branch","line":30,"loc":{"start":{"line":30,"column":11},"end":{"line":30,"column":69}},"locations":[{"start":{"line":30,"column":11},"end":{"line":30,"column":69}}]},"4":{"type":"branch","line":37,"loc":{"start":{"line":37,"column":11},"end":{"line":39,"column":5}},"locations":[{"start":{"line":37,"column":11},"end":{"line":39,"column":5}}]}},"b":{"0":[46],"1":[46],"2":[1],"3":[5],"4":[12]},"fnMap":{"0":{"name":"<instance_members_initializer>","decl":{"start":{"line":6,"column":25},"end":{"line":40,"column":1}},"loc":{"start":{"line":6,"column":25},"end":{"line":40,"column":1}},"line":6},"1":{"name":"Temporadas","decl":{"start":{"line":16,"column":4},"end":{"line":18,"column":5}},"loc":{"start":{"line":16,"column":4},"end":{"line":18,"column":5}},"line":16},"2":{"name":"setMultiplicador","decl":{"start":{"line":24,"column":11},"end":{"line":24,"column":75}},"loc":{"start":{"line":24,"column":11},"end":{"line":24,"column":75}},"line":24},"3":{"name":"getMultiplicador","decl":{"start":{"line":30,"column":11},"end":{"line":30,"column":69}},"loc":{"start":{"line":30,"column":11},"end":{"line":30,"column":69}},"line":30},"4":{"name":"calcularTarifaAjustada","decl":{"start":{"line":37,"column":11},"end":{"line":39,"column":5}},"loc":{"start":{"line":37,"column":11},"end":{"line":39,"column":5}},"line":37}},"f":{"0":46,"1":46,"2":1,"3":5,"4":12}}
,"C:\\Users\\Marco\\Desktop\\TP-DriveHub-Grupo-6\\src\\models\\estadoDisponible.ts": {"path":"C:\\Users\\Marco\\Desktop\\TP-DriveHub-Grupo-6\\src\\models\\estadoDisponible.ts","all":false,"statementMap":{"0":{"start":{"line":1,"column":0},"end":{"line":1,"column":26}},"1":{"start":{"line":2,"column":0},"end":{"line":2,"column":46}},"2":{"start":{"line":3,"column":0},"end":{"line":3,"column":54}},"3":{"start":{"line":4,"column":0},"end":{"line":4,"column":0}},"4":{"start":{"line":5,"column":0},"end":{"line":5,"column":55}},"5":{"start":{"line":6,"column":0},"end":{"line":6,"column":0}},"6":{"start":{"line":7,"column":0},"end":{"line":7,"column":35}},"7":{"start":{"line":8,"column":0},"end":{"line":8,"column":49}},"8":{"start":{"line":9,"column":0},"end":{"line":9,"column":8}},"9":{"start":{"line":10,"column":0},"end":{"line":10,"column":5}},"10":{"start":{"line":11,"column":0},"end":{"line":11,"column":0}},"11":{"start":{"line":12,"column":0},"end":{"line":12,"column":1}}},"s":{"0":1,"1":1,"2":1,"3":1,"4":1,"5":1,"6":1,"7":4,"8":4,"9":4,"10":1,"11":1},"branchMap":{"0":{"type":"branch","line":7,"loc":{"start":{"line":7,"column":4},"end":{"line":10,"column":5}},"locations":[{"start":{"line":7,"column":4},"end":{"line":10,"column":5}}]}},"b":{"0":[4]},"fnMap":{"0":{"name":"puedeAlquilarse","decl":{"start":{"line":7,"column":4},"end":{"line":10,"column":5}},"loc":{"start":{"line":7,"column":4},"end":{"line":10,"column":5}},"line":7}},"f":{"0":4}}
,"C:\\Users\\Marco\\Desktop\\TP-DriveHub-Grupo-6\\src\\models\\estadoEnAlquiler.ts": {"path":"C:\\Users\\Marco\\Desktop\\TP-DriveHub-Grupo-6\\src\\models\\estadoEnAlquiler.ts","all":false,"statementMap":{"0":{"start":{"line":1,"column":0},"end":{"line":1,"column":26}},"1":{"start":{"line":2,"column":0},"end":{"line":2,"column":46}},"2":{"start":{"line":3,"column":0},"end":{"line":3,"column":71}},"3":{"start":{"line":4,"column":0},"end":{"line":4,"column":0}},"4":{"start":{"line":5,"column":0},"end":{"line":5,"column":54}},"5":{"start":{"line":6,"column":0},"end":{"line":6,"column":4}},"6":{"start":{"line":7,"column":0},"end":{"line":7,"column":36}},"7":{"start":{"line":8,"column":0},"end":{"line":8,"column":41}},"8":{"start":{"line":9,"column":0},"end":{"line":9,"column":5}},"9":{"start":{"line":10,"column":0},"end":{"line":10,"column":0}},"10":{"start":{"line":11,"column":0},"end":{"line":11,"column":1}}},"s":{"0":1,"1":1,"2":1,"3":1,"4":1,"5":1,"6":1,"7":4,"8":4,"9":1,"10":1},"branchMap":{"0":{"type":"branch","line":7,"loc":{"start":{"line":7,"column":4},"end":{"line":9,"column":5}},"locations":[{"start":{"line":7,"column":4},"end":{"line":9,"column":5}}]}},"b":{"0":[4]},"fnMap":{"0":{"name":"puedeAlquilarse","decl":{"start":{"line":7,"column":4},"end":{"line":9,"column":5}},"loc":{"start":{"line":7,"column":4},"end":{"line":9,"column":5}},"line":7}},"f":{"0":4}}
,"C:\\Users\\Marco\\Desktop\\TP-DriveHub-Grupo-6\\src\\models\\estadoEnLimpieza.ts": {"path":"C:\\Users\\Marco\\Desktop\\TP-DriveHub-Grupo-6\\src\\models\\estadoEnLimpieza.ts","all":false,"statementMap":{"0":{"start":{"line":1,"column":0},"end":{"line":1,"column":26}},"1":{"start":{"line":2,"column":0},"end":{"line":2,"column":46}},"2":{"start":{"line":3,"column":0},"end":{"line":3,"column":65}},"3":{"start":{"line":4,"column":0},"end":{"line":4,"column":0}},"4":{"start":{"line":5,"column":0},"end":{"line":5,"column":54}},"5":{"start":{"line":6,"column":0},"end":{"line":6,"column":4}},"6":{"start":{"line":7,"column":0},"end":{"line":7,"column":36}},"7":{"start":{"line":8,"column":0},"end":{"line":8,"column":40}},"8":{"start":{"line":9,"column":0},"end":{"line":9,"column":5}},"9":{"start":{"line":10,"column":0},"end":{"line":10,"column":1}}},"s":{"0":1,"1":1,"2":1,"3":1,"4":1,"5":1,"6":1,"7":3,"8":3,"9":1},"branchMap":{"0":{"type":"branch","line":7,"loc":{"start":{"line":7,"column":4},"end":{"line":9,"column":5}},"locations":[{"start":{"line":7,"column":4},"end":{"line":9,"column":5}}]}},"b":{"0":[3]},"fnMap":{"0":{"name":"puedeAlquilarse","decl":{"start":{"line":7,"column":4},"end":{"line":9,"column":5}},"loc":{"start":{"line":7,"column":4},"end":{"line":9,"column":5}},"line":7}},"f":{"0":3}}
,"C:\\Users\\Marco\\Desktop\\TP-DriveHub-Grupo-6\\src\\models\\estadoEnMantenimiento.ts": {"path":"C:\\Users\\Marco\\Desktop\\TP-DriveHub-Grupo-6\\src\\models\\estadoEnMantenimiento.ts","all":false,"statementMap":{"0":{"start":{"line":1,"column":0},"end":{"line":1,"column":46}},"1":{"start":{"line":2,"column":0},"end":{"line":2,"column":80}},"2":{"start":{"line":3,"column":0},"end":{"line":3,"column":0}},"3":{"start":{"line":4,"column":0},"end":{"line":4,"column":59}},"4":{"start":{"line":5,"column":0},"end":{"line":5,"column":0}},"5":{"start":{"line":6,"column":0},"end":{"line":6,"column":29}},"6":{"start":{"line":7,"column":0},"end":{"line":7,"column":45}},"7":{"start":{"line":8,"column":0},"end":{"line":8,"column":5}},"8":{"start":{"line":9,"column":0},"end":{"line":9,"column":1}}},"s":{"0":1,"1":1,"2":1,"3":1,"4":1,"5":1,"6":3,"7":3,"8":1},"branchMap":{"0":{"type":"branch","line":6,"loc":{"start":{"line":6,"column":4},"end":{"line":8,"column":5}},"locations":[{"start":{"line":6,"column":4},"end":{"line":8,"column":5}}]}},"b":{"0":[3]},"fnMap":{"0":{"name":"puedeAlquilarse","decl":{"start":{"line":6,"column":4},"end":{"line":8,"column":5}},"loc":{"start":{"line":6,"column":4},"end":{"line":8,"column":5}},"line":6}},"f":{"0":3}}
,"C:\\Users\\Marco\\Desktop\\TP-DriveHub-Grupo-6\\src\\models\\Errores\\errorEstadoEnAlquiler.ts": {"path":"C:\\Users\\Marco\\Desktop\\TP-DriveHub-Grupo-6\\src\\models\\Errores\\errorEstadoEnAlquiler.ts","all":false,"statementMap":{"0":{"start":{"line":1,"column":0},"end":{"line":1,"column":49}},"1":{"start":{"line":2,"column":0},"end":{"line":2,"column":17}},"2":{"start":{"line":3,"column":0},"end":{"line":3,"column":71}},"3":{"start":{"line":4,"column":0},"end":{"line":4,"column":39}},"4":{"start":{"line":5,"column":0},"end":{"line":5,"column":3}},"5":{"start":{"line":6,"column":0},"end":{"line":6,"column":1}}},"s":{"0":1,"1":1,"2":4,"3":4,"4":4,"5":1},"branchMap":{"0":{"type":"branch","line":2,"loc":{"start":{"line":2,"column":2},"end":{"line":5,"column":3}},"locations":[{"start":{"line":2,"column":2},"end":{"line":5,"column":3}}]}},"b":{"0":[4]},"fnMap":{"0":{"name":"ErrorAutoYaAlquilado","decl":{"start":{"line":2,"column":2},"end":{"line":5,"column":3}},"loc":{"start":{"line":2,"column":2},"end":{"line":5,"column":3}},"line":2}},"f":{"0":4}}
,"C:\\Users\\Marco\\Desktop\\TP-DriveHub-Grupo-6\\src\\models\\Errores\\errorEstadoEnMantenimiento.ts": {"path":"C:\\Users\\Marco\\Desktop\\TP-DriveHub-Grupo-6\\src\\models\\Errores\\errorEstadoEnMantenimiento.ts","all":false,"statementMap":{"0":{"start":{"line":1,"column":0},"end":{"line":1,"column":53}},"1":{"start":{"line":2,"column":0},"end":{"line":2,"column":17}},"2":{"start":{"line":3,"column":0},"end":{"line":3,"column":66}},"3":{"start":{"line":4,"column":0},"end":{"line":4,"column":43}},"4":{"start":{"line":5,"column":0},"end":{"line":5,"column":3}},"5":{"start":{"line":6,"column":0},"end":{"line":6,"column":1}}},"s":{"0":1,"1":1,"2":3,"3":3,"4":3,"5":1},"branchMap":{"0":{"type":"branch","line":2,"loc":{"start":{"line":2,"column":2},"end":{"line":5,"column":3}},"locations":[{"start":{"line":2,"column":2},"end":{"line":5,"column":3}}]}},"b":{"0":[3]},"fnMap":{"0":{"name":"ErrorAutoEnMantenimiento","decl":{"start":{"line":2,"column":2},"end":{"line":5,"column":3}},"loc":{"start":{"line":2,"column":2},"end":{"line":5,"column":3}},"line":2}},"f":{"0":3}}
,"C:\\Users\\Marco\\Desktop\\TP-DriveHub-Grupo-6\\src\\models\\Errores\\estadoEnLimpieza.ts": {"path":"C:\\Users\\Marco\\Desktop\\TP-DriveHub-Grupo-6\\src\\models\\Errores\\estadoEnLimpieza.ts","all":false,"statementMap":{"0":{"start":{"line":1,"column":0},"end":{"line":1,"column":48}},"1":{"start":{"line":2,"column":0},"end":{"line":2,"column":17}},"2":{"start":{"line":3,"column":0},"end":{"line":3,"column":61}},"3":{"start":{"line":4,"column":0},"end":{"line":4,"column":38}},"4":{"start":{"line":5,"column":0},"end":{"line":5,"column":3}},"5":{"start":{"line":6,"column":0},"end":{"line":6,"column":1}}},"s":{"0":1,"1":1,"2":3,"3":3,"4":3,"5":1},"branchMap":{"0":{"type":"branch","line":2,"loc":{"start":{"line":2,"column":2},"end":{"line":5,"column":3}},"locations":[{"start":{"line":2,"column":2},"end":{"line":5,"column":3}}]}},"b":{"0":[3]},"fnMap":{"0":{"name":"ErrorAutoEnLimpieza","decl":{"start":{"line":2,"column":2},"end":{"line":5,"column":3}},"loc":{"start":{"line":2,"column":2},"end":{"line":5,"column":3}},"line":2}},"f":{"0":3}}
}
