<?xml version="1.0" encoding="UTF-8"?>
<testsuites name="jest tests" tests="60" failures="0" errors="0" time="5.486">
  <testsuite name="Tests de Estados de Auto" errors="0" failures="0" skipped="0" timestamp="2025-11-14T21:25:35" time="4.252" tests="9">
    <testcase classname="Tests de Estados de Auto Auto en estado Disponible puede alquilarse Auto en estado Disponible puede alquilarse" name="Tests de Estados de Auto Auto en estado Disponible puede alquilarse Auto en estado Disponible puede alquilarse" time="0.015">
    </testcase>
    <testcase classname="Tests de Estados de Auto Auto cambia de Disponible a EnAlquiler al alquilarse Auto cambia de Disponible a EnAlquiler al alquilarse" name="Tests de Estados de Auto Auto cambia de Disponible a EnAlquiler al alquilarse Auto cambia de Disponible a EnAlquiler al alquilarse" time="0.015">
    </testcase>
    <testcase classname="Tests de Estados de Auto Auto en estado EnAlquiler lanza ErrorAutoYaAlquilado Auto en estado EnAlquiler lanza ErrorAutoYaAlquilado" name="Tests de Estados de Auto Auto en estado EnAlquiler lanza ErrorAutoYaAlquilado Auto en estado EnAlquiler lanza ErrorAutoYaAlquilado" time="0">
    </testcase>
    <testcase classname="Tests de Estados de Auto Auto en estado EnLimpieza lanza ErrorAutoEnLimpieza Auto en estado EnLimpieza lanza ErrorAutoEnLimpieza" name="Tests de Estados de Auto Auto en estado EnLimpieza lanza ErrorAutoEnLimpieza Auto en estado EnLimpieza lanza ErrorAutoEnLimpieza" time="0.001">
    </testcase>
    <testcase classname="Tests de Estados de Auto Auto en estado EnMantenimiento lanza ErrorAutoEnMantenimiento Auto en estado EnMantenimiento lanza ErrorAutoEnMantenimiento" name="Tests de Estados de Auto Auto en estado EnMantenimiento lanza ErrorAutoEnMantenimiento Auto en estado EnMantenimiento lanza ErrorAutoEnMantenimiento" time="0.001">
    </testcase>
    <testcase classname="Tests de Estados de Auto Transición de Disponible a EnAlquiler funciona correctamente Transición de Disponible a EnAlquiler funciona correctamente" name="Tests de Estados de Auto Transición de Disponible a EnAlquiler funciona correctamente Transición de Disponible a EnAlquiler funciona correctamente" time="0.001">
    </testcase>
    <testcase classname="Tests de Estados de Auto Transición de Disponible a EnLimpieza impide alquilar Transición de Disponible a EnLimpieza impide alquilar" name="Tests de Estados de Auto Transición de Disponible a EnLimpieza impide alquilar Transición de Disponible a EnLimpieza impide alquilar" time="0">
    </testcase>
    <testcase classname="Tests de Estados de Auto Transición de Disponible a EnMantenimiento impide alquilar Transición de Disponible a EnMantenimiento impide alquilar" name="Tests de Estados de Auto Transición de Disponible a EnMantenimiento impide alquilar Transición de Disponible a EnMantenimiento impide alquilar" time="0.001">
    </testcase>
    <testcase classname="Tests de Estados de Auto Múltiples autos mantienen estados independientes Múltiples autos mantienen estados independientes" name="Tests de Estados de Auto Múltiples autos mantienen estados independientes Múltiples autos mantienen estados independientes" time="0.001">
    </testcase>
  </testsuite>
  <testsuite name="Tests clase compacto" errors="0" failures="0" skipped="0" timestamp="2025-11-14T21:25:35" time="4.304" tests="4">
    <testcase classname="Tests clase compacto Prueba metodo calcularBase() Prueba metodo calcularBase()" name="Tests clase compacto Prueba metodo calcularBase() Prueba metodo calcularBase()" time="0.018">
    </testcase>
    <testcase classname="Tests clase compacto Prueba metodo aplicarCargo() Prueba metodo aplicarCargo()" name="Tests clase compacto Prueba metodo aplicarCargo() Prueba metodo aplicarCargo()" time="0">
    </testcase>
    <testcase classname="Tests clase compacto Prueba metodo getCargoFijo Prueba metodo getCargoFijo" name="Tests clase compacto Prueba metodo getCargoFijo Prueba metodo getCargoFijo" time="0">
    </testcase>
    <testcase classname="Tests clase compacto Prueba metodo setCargoFijo Prueba metodo setCargoFijo" name="Tests clase compacto Prueba metodo setCargoFijo Prueba metodo setCargoFijo" time="0">
    </testcase>
  </testsuite>
  <testsuite name="Tests clase Estadistica" errors="0" failures="0" skipped="0" timestamp="2025-11-14T21:25:35" time="4.361" tests="13">
    <testcase classname="Tests clase Estadistica obtenerVehiculoMasAlquilados debe retornar el vehículo más alquilado en el rango de fechas debe retornar el vehículo más alquilado en el rango de fechas" name="Tests clase Estadistica obtenerVehiculoMasAlquilados debe retornar el vehículo más alquilado en el rango de fechas debe retornar el vehículo más alquilado en el rango de fechas" time="0.02">
    </testcase>
    <testcase classname="Tests clase Estadistica obtenerVehiculoMasAlquilados debe retornar undefined cuando no hay reservas en el rango debe retornar undefined cuando no hay reservas en el rango" name="Tests clase Estadistica obtenerVehiculoMasAlquilados debe retornar undefined cuando no hay reservas en el rango debe retornar undefined cuando no hay reservas en el rango" time="0">
    </testcase>
    <testcase classname="Tests clase Estadistica obtenerVehiculoMasAlquilados debe retornar el primer vehículo cuando todos tienen igual cantidad de alquileres debe retornar el primer vehículo cuando todos tienen igual cantidad de alquileres" name="Tests clase Estadistica obtenerVehiculoMasAlquilados debe retornar el primer vehículo cuando todos tienen igual cantidad de alquileres debe retornar el primer vehículo cuando todos tienen igual cantidad de alquileres" time="0.001">
    </testcase>
    <testcase classname="Tests clase Estadistica obtenerVehiculoMenosAlquilados debe retornar el vehículo menos alquilado en el rango de fechas debe retornar el vehículo menos alquilado en el rango de fechas" name="Tests clase Estadistica obtenerVehiculoMenosAlquilados debe retornar el vehículo menos alquilado en el rango de fechas debe retornar el vehículo menos alquilado en el rango de fechas" time="0">
    </testcase>
    <testcase classname="Tests clase Estadistica obtenerVehiculoMenosAlquilados debe retornar undefined cuando no hay reservas en el rango debe retornar undefined cuando no hay reservas en el rango" name="Tests clase Estadistica obtenerVehiculoMenosAlquilados debe retornar undefined cuando no hay reservas en el rango debe retornar undefined cuando no hay reservas en el rango" time="0">
    </testcase>
    <testcase classname="Tests clase Estadistica calcularVehiculoMayorRentabilidad debe retornar el vehículo con mayor rentabilidad total debe retornar el vehículo con mayor rentabilidad total" name="Tests clase Estadistica calcularVehiculoMayorRentabilidad debe retornar el vehículo con mayor rentabilidad total debe retornar el vehículo con mayor rentabilidad total" time="0">
    </testcase>
    <testcase classname="Tests clase Estadistica calcularVehiculoMayorRentabilidad debe retornar undefined cuando no hay reservas debe retornar undefined cuando no hay reservas" name="Tests clase Estadistica calcularVehiculoMayorRentabilidad debe retornar undefined cuando no hay reservas debe retornar undefined cuando no hay reservas" time="0">
    </testcase>
    <testcase classname="Tests clase Estadistica calcularVehiculoMayorRentabilidad debe acumular correctamente la rentabilidad de múltiples reservas del mismo vehículo debe acumular correctamente la rentabilidad de múltiples reservas del mismo vehículo" name="Tests clase Estadistica calcularVehiculoMayorRentabilidad debe acumular correctamente la rentabilidad de múltiples reservas del mismo vehículo debe acumular correctamente la rentabilidad de múltiples reservas del mismo vehículo" time="0.001">
    </testcase>
    <testcase classname="Tests clase Estadistica calcularVehiculoMenorRentabilidad debe retornar el vehículo con menor rentabilidad total debe retornar el vehículo con menor rentabilidad total" name="Tests clase Estadistica calcularVehiculoMenorRentabilidad debe retornar el vehículo con menor rentabilidad total debe retornar el vehículo con menor rentabilidad total" time="0">
    </testcase>
    <testcase classname="Tests clase Estadistica calcularVehiculoMenorRentabilidad debe retornar undefined cuando no hay reservas debe retornar undefined cuando no hay reservas" name="Tests clase Estadistica calcularVehiculoMenorRentabilidad debe retornar undefined cuando no hay reservas debe retornar undefined cuando no hay reservas" time="0">
    </testcase>
    <testcase classname="Tests clase Estadistica ocupacionFlota debe retornar 0 cuando no hay autos en el sistema debe retornar 0 cuando no hay autos en el sistema" name="Tests clase Estadistica ocupacionFlota debe retornar 0 cuando no hay autos en el sistema debe retornar 0 cuando no hay autos en el sistema" time="0.001">
    </testcase>
    <testcase classname="Tests clase Estadistica ocupacionFlota debe calcular correctamente la ocupación con reservas activas hoy debe calcular correctamente la ocupación con reservas activas hoy" name="Tests clase Estadistica ocupacionFlota debe calcular correctamente la ocupación con reservas activas hoy debe calcular correctamente la ocupación con reservas activas hoy" time="0.001">
    </testcase>
    <testcase classname="Tests clase Estadistica ocupacionFlota debe retornar 0 cuando no hay reservas activas hoy debe retornar 0 cuando no hay reservas activas hoy" name="Tests clase Estadistica ocupacionFlota debe retornar 0 cuando no hay reservas activas hoy debe retornar 0 cuando no hay reservas activas hoy" time="0">
    </testcase>
  </testsuite>
  <testsuite name="SistemaDeReserva" errors="0" failures="0" skipped="0" timestamp="2025-11-14T21:25:35" time="4.414" tests="7">
    <testcase classname="SistemaDeReserva Constructor debe inicializar con arrays vacíos debe inicializar con arrays vacíos" name="SistemaDeReserva Constructor debe inicializar con arrays vacíos debe inicializar con arrays vacíos" time="0.009">
    </testcase>
    <testcase classname="SistemaDeReserva Gestión de Autos debe agregar y eliminar autos correctamente debe agregar y eliminar autos correctamente" name="SistemaDeReserva Gestión de Autos debe agregar y eliminar autos correctamente debe agregar y eliminar autos correctamente" time="0.001">
    </testcase>
    <testcase classname="SistemaDeReserva Gestión de Clientes debe agregar y eliminar clientes correctamente debe agregar y eliminar clientes correctamente" name="SistemaDeReserva Gestión de Clientes debe agregar y eliminar clientes correctamente debe agregar y eliminar clientes correctamente" time="0">
    </testcase>
    <testcase classname="SistemaDeReserva Gestión de Reservas debe crear reservas correctamente debe crear reservas correctamente" name="SistemaDeReserva Gestión de Reservas debe crear reservas correctamente debe crear reservas correctamente" time="0.001">
    </testcase>
    <testcase classname="SistemaDeReserva Gestión de Reservas debe agregar y eliminar reservas existentes debe agregar y eliminar reservas existentes" name="SistemaDeReserva Gestión de Reservas debe agregar y eliminar reservas existentes debe agregar y eliminar reservas existentes" time="0.001">
    </testcase>
    <testcase classname="SistemaDeReserva Métodos varios verificarDisponibilidad debe retornar false verificarDisponibilidad debe retornar false" name="SistemaDeReserva Métodos varios verificarDisponibilidad debe retornar false verificarDisponibilidad debe retornar false" time="0.001">
    </testcase>
    <testcase classname="SistemaDeReserva Métodos varios getters deben retornar arrays getters deben retornar arrays" name="SistemaDeReserva Métodos varios getters deben retornar arrays getters deben retornar arrays" time="0">
    </testcase>
  </testsuite>
  <testsuite name="Reserva" errors="0" failures="0" skipped="0" timestamp="2025-11-14T21:25:35" time="4.434" tests="6">
    <testcase classname="Reserva constructor y getters/setters funcionan correctamente constructor y getters/setters funcionan correctamente" name="Reserva constructor y getters/setters funcionan correctamente constructor y getters/setters funcionan correctamente" time="0.025">
    </testcase>
    <testcase classname="Reserva getDias calcula correctamente (incluye ambos días) getDias calcula correctamente (incluye ambos días)" name="Reserva getDias calcula correctamente (incluye ambos días) getDias calcula correctamente (incluye ambos días)" time="0">
    </testcase>
    <testcase classname="Reserva costoTotalReserva calcula correctamente con temporada Alta costoTotalReserva calcula correctamente con temporada Alta" name="Reserva costoTotalReserva calcula correctamente con temporada Alta costoTotalReserva calcula correctamente con temporada Alta" time="0">
    </testcase>
    <testcase classname="Reserva setters de Reserva funcionan correctamente setters de Reserva funcionan correctamente" name="Reserva setters de Reserva funcionan correctamente setters de Reserva funcionan correctamente" time="0">
    </testcase>
    <testcase classname="Reserva getTemporada y setTemporada funcionan correctamente getTemporada y setTemporada funcionan correctamente" name="Reserva getTemporada y setTemporada funcionan correctamente getTemporada y setTemporada funcionan correctamente" time="0.001">
    </testcase>
    <testcase classname="Reserva obtenerTarifaDiaria retorna tarifa ajustada por temporada obtenerTarifaDiaria retorna tarifa ajustada por temporada" name="Reserva obtenerTarifaDiaria retorna tarifa ajustada por temporada obtenerTarifaDiaria retorna tarifa ajustada por temporada" time="0">
    </testcase>
  </testsuite>
  <testsuite name="Tests clase compacto" errors="0" failures="0" skipped="0" timestamp="2025-11-14T21:25:40" time="0.337" tests="3">
    <testcase classname="Tests clase compacto Prueba metodo calcularBase() Prueba metodo calcularBase()" name="Tests clase compacto Prueba metodo calcularBase() Prueba metodo calcularBase()" time="0.001">
    </testcase>
    <testcase classname="Tests clase compacto Prueba metodo aplicarCargo() Prueba metodo aplicarCargo()" name="Tests clase compacto Prueba metodo aplicarCargo() Prueba metodo aplicarCargo()" time="0">
    </testcase>
    <testcase classname="Tests clase compacto Prueba getter y setter de cargoPorKilometro Prueba getter y setter de cargoPorKilometro" name="Tests clase compacto Prueba getter y setter de cargoPorKilometro Prueba getter y setter de cargoPorKilometro" time="0.001">
    </testcase>
  </testsuite>
  <testsuite name="Auto (vía Compacto)" errors="0" failures="0" skipped="0" timestamp="2025-11-14T21:25:40" time="0.28" tests="6">
    <testcase classname="Auto (vía Compacto) getters y setters heredados de Auto funcionan correctamente getters y setters heredados de Auto funcionan correctamente" name="Auto (vía Compacto) getters y setters heredados de Auto funcionan correctamente getters y setters heredados de Auto funcionan correctamente" time="0.002">
    </testcase>
    <testcase classname="Auto (vía Compacto) aplicarCargo devuelve 0 cuando kilometraje dentro del tope aplicarCargo devuelve 0 cuando kilometraje dentro del tope" name="Auto (vía Compacto) aplicarCargo devuelve 0 cuando kilometraje dentro del tope aplicarCargo devuelve 0 cuando kilometraje dentro del tope" time="0.001">
    </testcase>
    <testcase classname="Auto (vía Compacto) aplicarCargo calcula cargo por exceso de km y calcularBase suma tarifa + cargo aplicarCargo calcula cargo por exceso de km y calcularBase suma tarifa + cargo" name="Auto (vía Compacto) aplicarCargo calcula cargo por exceso de km y calcularBase suma tarifa + cargo aplicarCargo calcula cargo por exceso de km y calcularBase suma tarifa + cargo" time="0.001">
    </testcase>
    <testcase classname="Auto (vía Compacto) setNroMatricula actualiza correctamente el número de matrícula setNroMatricula actualiza correctamente el número de matrícula" name="Auto (vía Compacto) setNroMatricula actualiza correctamente el número de matrícula setNroMatricula actualiza correctamente el número de matrícula" time="0">
    </testcase>
    <testcase classname="Auto (vía Compacto) getEstado retorna el estado del vehículo getEstado retorna el estado del vehículo" name="Auto (vía Compacto) getEstado retorna el estado del vehículo getEstado retorna el estado del vehículo" time="0.001">
    </testcase>
    <testcase classname="Auto (vía Compacto) getters y setters de km, fecha mantenimiento y alquileres funcionan getters y setters de km, fecha mantenimiento y alquileres funcionan" name="Auto (vía Compacto) getters y setters de km, fecha mantenimiento y alquileres funcionan getters y setters de km, fecha mantenimiento y alquileres funcionan" time="0">
    </testcase>
  </testsuite>
  <testsuite name="Temporadas" errors="0" failures="0" skipped="0" timestamp="2025-11-14T21:25:40" time="0.304" tests="7">
    <testcase classname="Temporadas Alta tiene multiplicador 1.2 (+20%) Alta tiene multiplicador 1.2 (+20%)" name="Temporadas Alta tiene multiplicador 1.2 (+20%) Alta tiene multiplicador 1.2 (+20%)" time="0.001">
    </testcase>
    <testcase classname="Temporadas Media tiene multiplicador 1.0 (tarifa estándar) Media tiene multiplicador 1.0 (tarifa estándar)" name="Temporadas Media tiene multiplicador 1.0 (tarifa estándar) Media tiene multiplicador 1.0 (tarifa estándar)" time="0">
    </testcase>
    <testcase classname="Temporadas Baja tiene multiplicador 0.9 (-10%) Baja tiene multiplicador 0.9 (-10%)" name="Temporadas Baja tiene multiplicador 0.9 (-10%) Baja tiene multiplicador 0.9 (-10%)" time="0">
    </testcase>
    <testcase classname="Temporadas calcularTarifaAjustada funciona correctamente con Alta calcularTarifaAjustada funciona correctamente con Alta" name="Temporadas calcularTarifaAjustada funciona correctamente con Alta calcularTarifaAjustada funciona correctamente con Alta" time="0">
    </testcase>
    <testcase classname="Temporadas calcularTarifaAjustada funciona correctamente con Media calcularTarifaAjustada funciona correctamente con Media" name="Temporadas calcularTarifaAjustada funciona correctamente con Media calcularTarifaAjustada funciona correctamente con Media" time="0">
    </testcase>
    <testcase classname="Temporadas calcularTarifaAjustada funciona correctamente con Baja calcularTarifaAjustada funciona correctamente con Baja" name="Temporadas calcularTarifaAjustada funciona correctamente con Baja calcularTarifaAjustada funciona correctamente con Baja" time="0">
    </testcase>
    <testcase classname="Temporadas setMultiplicador actualiza el multiplicador correctamente setMultiplicador actualiza el multiplicador correctamente" name="Temporadas setMultiplicador actualiza el multiplicador correctamente setMultiplicador actualiza el multiplicador correctamente" time="0">
    </testcase>
  </testsuite>
  <testsuite name="Cliente" errors="0" failures="0" skipped="0" timestamp="2025-11-14T21:25:40" time="0.224" tests="3">
    <testcase classname="Cliente constructor inicializa correctamente constructor inicializa correctamente" name="Cliente constructor inicializa correctamente constructor inicializa correctamente" time="0.001">
    </testcase>
    <testcase classname="Cliente setters actualizan valores setters actualizan valores" name="Cliente setters actualizan valores setters actualizan valores" time="0.001">
    </testcase>
    <testcase classname="Cliente agregarReserva agrega la reserva y aumenta nroReserva agregarReserva agrega la reserva y aumenta nroReserva" name="Cliente agregarReserva agrega la reserva y aumenta nroReserva agregarReserva agrega la reserva y aumenta nroReserva" time="0">
    </testcase>
  </testsuite>
  <testsuite name="Tests clase compacto" errors="0" failures="0" skipped="0" timestamp="2025-11-14T21:25:40" time="0.263" tests="2">
    <testcase classname="Tests clase compacto Prueba metodo calcularBase() Prueba metodo calcularBase()" name="Tests clase compacto Prueba metodo calcularBase() Prueba metodo calcularBase()" time="0">
    </testcase>
    <testcase classname="Tests clase compacto Prueba metodo aplicarCargo() Prueba metodo aplicarCargo()" name="Tests clase compacto Prueba metodo aplicarCargo() Prueba metodo aplicarCargo()" time="0">
    </testcase>
  </testsuite>
</testsuites>