TN:
SF:src\enums\ESTADO_VEHICULO.ts
FNF:0
FNH:0
DA:1,1
DA:2,1
DA:3,1
DA:4,1
DA:5,1
DA:6,1
DA:7,1
DA:8,1
LF:8
LH:8
BRDA:1,0,0,1
BRF:1
BRH:1
end_of_record
TN:
SF:src\models\Alta.ts
FN:10,Alta
FNF:1
FNH:1
FNDA:2,Alta
DA:1,1
DA:2,1
DA:3,1
DA:4,1
DA:5,1
DA:6,1
DA:7,1
DA:8,1
DA:9,1
DA:10,1
DA:11,2
DA:12,2
DA:13,1
DA:14,1
DA:15,1
LF:15
LH:15
BRDA:10,0,0,2
BRF:1
BRH:1
end_of_record
TN:
SF:src\models\Auto.ts
FN:10,<instance_members_initializer>
FN:27,Auto
FN:42,getNroMatricula
FN:48,setNroMatricula
FN:54,getEstado
FN:60,actualizarEstado
FN:66,getTarifa
FN:72,setTarifa
FN:78,getCargoAdicional
FN:84,setCargoAdicional
FN:101,getKmDesdeUltimoMantenimiento
FN:104,setKmDesdeUltimoMantenimiento
FN:108,getFechaUltMantenimiento
FN:112,setFechaUltMantenimiento
FN:116,getAlquileresCompletados
FN:120,setAlquileresCompletados
FN:124,puedeAlquilarse
FNF:17
FNH:3
FNDA:7,<instance_members_initializer>
FNDA:7,Auto
FNDA:1,getNroMatricula
FNDA:0,setNroMatricula
FNDA:0,getEstado
FNDA:0,actualizarEstado
FNDA:0,getTarifa
FNDA:0,setTarifa
FNDA:0,getCargoAdicional
FNDA:0,setCargoAdicional
FNDA:0,getKmDesdeUltimoMantenimiento
FNDA:0,setKmDesdeUltimoMantenimiento
FNDA:0,getFechaUltMantenimiento
FNDA:0,setFechaUltMantenimiento
FNDA:0,getAlquileresCompletados
FNDA:0,setAlquileresCompletados
FNDA:0,puedeAlquilarse
DA:1,1
DA:2,1
DA:3,1
DA:4,1
DA:5,1
DA:6,1
DA:7,1
DA:8,1
DA:9,1
DA:10,1
DA:11,7
DA:12,7
DA:13,7
DA:14,7
DA:15,7
DA:16,7
DA:17,7
DA:18,7
DA:19,7
DA:20,7
DA:21,7
DA:22,7
DA:23,7
DA:24,7
DA:25,7
DA:26,7
DA:27,7
DA:28,7
DA:29,7
DA:30,7
DA:31,7
DA:32,7
DA:33,7
DA:34,7
DA:35,7
DA:36,7
DA:37,7
DA:38,7
DA:39,7
DA:40,7
DA:41,7
DA:42,7
DA:43,7
DA:44,7
DA:45,7
DA:46,7
DA:47,7
DA:48,7
DA:49,7
DA:50,7
DA:51,7
DA:52,7
DA:53,7
DA:54,7
DA:55,7
DA:56,7
DA:57,7
DA:58,7
DA:59,7
DA:60,7
DA:61,7
DA:62,7
DA:63,7
DA:64,7
DA:65,7
DA:66,7
DA:67,7
DA:68,7
DA:69,7
DA:70,7
DA:71,7
DA:72,7
DA:73,7
DA:74,7
DA:75,7
DA:76,7
DA:77,7
DA:78,7
DA:79,7
DA:80,7
DA:81,7
DA:82,7
DA:83,7
DA:84,7
DA:85,7
DA:86,7
DA:87,7
DA:88,7
DA:89,7
DA:90,7
DA:91,7
DA:92,7
DA:93,7
DA:94,7
DA:95,7
DA:96,7
DA:97,7
DA:98,7
DA:99,7
DA:100,7
DA:101,7
DA:102,0
DA:103,0
DA:104,7
DA:105,0
DA:106,0
DA:107,7
DA:108,7
DA:109,0
DA:110,0
DA:111,7
DA:112,7
DA:113,0
DA:114,0
DA:115,7
DA:116,7
DA:117,0
DA:118,0
DA:119,7
DA:120,7
DA:121,0
DA:122,0
DA:123,7
DA:124,7
DA:125,0
DA:126,0
DA:127,0
DA:128,0
DA:129,0
DA:130,0
DA:131,7
DA:132,7
DA:133,1
DA:134,1
LF:134
LH:116
BRDA:10,0,0,7
BRDA:27,1,0,7
BRDA:42,2,0,1
BRF:3
BRH:3
end_of_record
TN:
SF:src\models\Cliente.ts
FN:7,<instance_members_initializer>
FN:18,Cliente
FN:30,getLegajo
FN:36,setLegajo
FN:42,getNroReserva
FN:48,setNroReserva
FN:54,getNombre
FN:60,setNombre
FN:66,getReservas
FN:72,agregarReserva
FNF:10
FNH:3
FNDA:7,<instance_members_initializer>
FNDA:7,Cliente
FNDA:1,getLegajo
FNDA:0,setLegajo
FNDA:0,getNroReserva
FNDA:0,setNroReserva
FNDA:0,getNombre
FNDA:0,setNombre
FNDA:0,getReservas
FNDA:0,agregarReserva
DA:1,1
DA:2,1
DA:3,1
DA:4,1
DA:5,1
DA:6,1
DA:7,1
DA:8,7
DA:9,7
DA:10,7
DA:11,7
DA:12,7
DA:13,7
DA:14,7
DA:15,7
DA:16,7
DA:17,7
DA:18,7
DA:19,7
DA:20,7
DA:21,7
DA:22,7
DA:23,7
DA:24,7
DA:25,7
DA:26,7
DA:27,7
DA:28,7
DA:29,7
DA:30,7
DA:31,7
DA:32,7
DA:33,7
DA:34,7
DA:35,7
DA:36,7
DA:37,7
DA:38,7
DA:39,7
DA:40,7
DA:41,7
DA:42,7
DA:43,7
DA:44,7
DA:45,7
DA:46,7
DA:47,7
DA:48,7
DA:49,7
DA:50,7
DA:51,7
DA:52,7
DA:53,7
DA:54,7
DA:55,7
DA:56,7
DA:57,7
DA:58,7
DA:59,7
DA:60,7
DA:61,7
DA:62,7
DA:63,7
DA:64,7
DA:65,7
DA:66,7
DA:67,7
DA:68,7
DA:69,7
DA:70,7
DA:71,7
DA:72,7
DA:73,0
DA:74,0
DA:75,0
DA:76,7
DA:77,1
DA:78,1
LF:78
LH:75
BRDA:7,0,0,7
BRDA:18,1,0,7
BRDA:30,2,0,1
BRF:3
BRH:3
end_of_record
TN:
SF:src\models\Reserva.ts
FN:5,<instance_members_initializer>
FN:16,Reserva
FN:35,getIdReserva
FN:36,setIdReserva
FN:38,getCliente
FN:39,setCliente
FN:41,getFechaInicio
FN:42,setFechaInicio
FN:44,getFechaFin
FN:45,setFechaFin
FN:47,getAuto
FN:48,setAuto
FN:50,getKilometraje
FN:51,setKilometraje
FN:53,getTemporada
FN:54,setTemporada
FN:62,costoTotalReserva
FN:81,getDias
FN:90,obtenerTarifaDiaria
FNF:19
FNH:3
FNDA:2,<instance_members_initializer>
FNDA:2,Reserva
FNDA:1,getIdReserva
FNDA:0,setIdReserva
FNDA:0,getCliente
FNDA:0,setCliente
FNDA:0,getFechaInicio
FNDA:0,setFechaInicio
FNDA:0,getFechaFin
FNDA:0,setFechaFin
FNDA:0,getAuto
FNDA:0,setAuto
FNDA:0,getKilometraje
FNDA:0,setKilometraje
FNDA:0,getTemporada
FNDA:0,setTemporada
FNDA:0,costoTotalReserva
FNDA:0,getDias
FNDA:0,obtenerTarifaDiaria
DA:1,1
DA:2,1
DA:3,1
DA:4,1
DA:5,1
DA:6,2
DA:7,2
DA:8,2
DA:9,2
DA:10,2
DA:11,2
DA:12,2
DA:13,2
DA:14,2
DA:15,2
DA:16,2
DA:17,2
DA:18,2
DA:19,2
DA:20,2
DA:21,2
DA:22,2
DA:23,2
DA:24,2
DA:25,2
DA:26,2
DA:27,2
DA:28,2
DA:29,2
DA:30,2
DA:31,2
DA:32,2
DA:33,2
DA:34,2
DA:35,2
DA:36,2
DA:37,2
DA:38,2
DA:39,2
DA:40,2
DA:41,2
DA:42,2
DA:43,2
DA:44,2
DA:45,2
DA:46,2
DA:47,2
DA:48,2
DA:49,2
DA:50,2
DA:51,2
DA:52,2
DA:53,2
DA:54,2
DA:55,2
DA:56,2
DA:57,2
DA:58,2
DA:59,2
DA:60,2
DA:61,2
DA:62,2
DA:63,0
DA:64,0
DA:65,0
DA:66,0
DA:67,0
DA:68,0
DA:69,0
DA:70,0
DA:71,0
DA:72,0
DA:73,0
DA:74,0
DA:75,0
DA:76,2
DA:77,2
DA:78,2
DA:79,2
DA:80,2
DA:81,2
DA:82,0
DA:83,0
DA:84,0
DA:85,2
DA:86,2
DA:87,2
DA:88,2
DA:89,2
DA:90,2
DA:91,0
DA:92,0
DA:93,2
DA:94,1
DA:95,1
LF:95
LH:77
BRDA:5,0,0,2
BRDA:16,1,0,2
BRDA:35,2,0,1
BRF:3
BRH:3
end_of_record
TN:
SF:src\models\SUV.ts
FN:8,<instance_members_initializer>
FN:18,SUV
FN:27,getCargoFijo
FN:33,setCargoFijo
FN:41,calcularBase
FN:52,aplicarCargo
FNF:6
FNH:2
FNDA:7,<instance_members_initializer>
FNDA:7,SUV
FNDA:0,getCargoFijo
FNDA:0,setCargoFijo
FNDA:0,calcularBase
FNDA:0,aplicarCargo
DA:1,1
DA:2,1
DA:3,1
DA:4,1
DA:5,1
DA:6,1
DA:7,1
DA:8,1
DA:9,7
DA:10,7
DA:11,7
DA:12,7
DA:13,7
DA:14,7
DA:15,7
DA:16,7
DA:17,7
DA:18,7
DA:19,7
DA:20,7
DA:21,7
DA:22,7
DA:23,7
DA:24,7
DA:25,7
DA:26,7
DA:27,7
DA:28,7
DA:29,7
DA:30,7
DA:31,7
DA:32,7
DA:33,7
DA:34,7
DA:35,7
DA:36,7
DA:37,7
DA:38,7
DA:39,7
DA:40,7
DA:41,7
DA:42,0
DA:43,0
DA:44,7
DA:45,7
DA:46,7
DA:47,7
DA:48,7
DA:49,7
DA:50,7
DA:51,7
DA:52,7
DA:53,0
DA:54,0
DA:55,0
DA:56,0
DA:57,0
DA:58,0
DA:59,0
DA:60,0
DA:61,7
DA:62,7
DA:63,1
DA:64,1
LF:64
LH:54
BRDA:8,0,0,7
BRDA:18,1,0,7
BRF:2
BRH:2
end_of_record
TN:
SF:src\models\SistemaDeReserva.ts
FN:10,<instance_members_initializer>
FN:20,SistemaDeReserva
FN:30,getAutos
FN:38,getClientes
FN:46,getReservas
FN:59,crearReserva
FN:69,verificarDisponibilidad
FN:77,agregarAuto
FN:85,eliminarAuto
FN:93,agregarCliente
FN:101,eliminarCliente
FN:109,agregarReserva
FN:117,eliminarReserva
FNF:13
FNH:13
FNDA:7,<instance_members_initializer>
FNDA:7,SistemaDeReserva
FNDA:4,getAutos
FNDA:4,getClientes
FNDA:5,getReservas
FNDA:1,crearReserva
FNDA:1,verificarDisponibilidad
FNDA:1,agregarAuto
FNDA:1,eliminarAuto
FNDA:1,agregarCliente
FNDA:1,eliminarCliente
FNDA:1,agregarReserva
FNDA:1,eliminarReserva
DA:1,1
DA:2,1
DA:3,1
DA:4,1
DA:5,1
DA:6,1
DA:7,1
DA:8,1
DA:9,1
DA:10,1
DA:11,7
DA:12,7
DA:13,7
DA:14,7
DA:15,7
DA:16,7
DA:17,7
DA:18,7
DA:19,7
DA:20,7
DA:21,7
DA:22,7
DA:23,7
DA:24,7
DA:25,7
DA:26,7
DA:27,7
DA:28,7
DA:29,7
DA:30,7
DA:31,4
DA:32,4
DA:33,7
DA:34,7
DA:35,7
DA:36,7
DA:37,7
DA:38,7
DA:39,4
DA:40,4
DA:41,7
DA:42,7
DA:43,7
DA:44,7
DA:45,7
DA:46,7
DA:47,5
DA:48,5
DA:49,7
DA:50,7
DA:51,7
DA:52,7
DA:53,7
DA:54,7
DA:55,7
DA:56,7
DA:57,7
DA:58,7
DA:59,7
DA:60,1
DA:61,1
DA:62,1
DA:63,7
DA:64,7
DA:65,7
DA:66,7
DA:67,7
DA:68,7
DA:69,7
DA:70,1
DA:71,1
DA:72,7
DA:73,7
DA:74,7
DA:75,7
DA:76,7
DA:77,7
DA:78,1
DA:79,1
DA:80,7
DA:81,7
DA:82,7
DA:83,7
DA:84,7
DA:85,7
DA:86,1
DA:87,1
DA:88,7
DA:89,7
DA:90,7
DA:91,7
DA:92,7
DA:93,7
DA:94,1
DA:95,1
DA:96,7
DA:97,7
DA:98,7
DA:99,7
DA:100,7
DA:101,7
DA:102,1
DA:103,1
DA:104,7
DA:105,7
DA:106,7
DA:107,7
DA:108,7
DA:109,7
DA:110,1
DA:111,1
DA:112,7
DA:113,7
DA:114,7
DA:115,7
DA:116,7
DA:117,7
DA:118,1
DA:119,1
DA:120,7
LF:120
LH:120
BRDA:10,0,0,7
BRDA:20,1,0,7
BRDA:30,2,0,4
BRDA:38,3,0,4
BRDA:46,4,0,5
BRDA:59,5,0,1
BRDA:69,6,0,1
BRDA:77,7,0,1
BRDA:85,8,0,1
BRDA:86,9,0,1
BRDA:93,10,0,1
BRDA:101,11,0,1
BRDA:102,12,0,1
BRDA:109,13,0,1
BRDA:117,14,0,1
BRDA:118,15,0,1
BRF:16
BRH:16
end_of_record
TN:
SF:src\models\Temporadas.ts
FN:6,<instance_members_initializer>
FN:16,Temporadas
FN:24,setMultiplicador
FN:30,getMultiplicador
FN:37,calcularTarifaAjustada
FNF:5
FNH:2
FNDA:2,<instance_members_initializer>
FNDA:2,Temporadas
FNDA:0,setMultiplicador
FNDA:0,getMultiplicador
FNDA:0,calcularTarifaAjustada
DA:1,1
DA:2,1
DA:3,1
DA:4,1
DA:5,1
DA:6,1
DA:7,2
DA:8,2
DA:9,2
DA:10,2
DA:11,2
DA:12,2
DA:13,2
DA:14,2
DA:15,2
DA:16,2
DA:17,2
DA:18,2
DA:19,2
DA:20,2
DA:21,2
DA:22,2
DA:23,2
DA:24,2
DA:25,2
DA:26,2
DA:27,2
DA:28,2
DA:29,2
DA:30,2
DA:31,2
DA:32,2
DA:33,2
DA:34,2
DA:35,2
DA:36,2
DA:37,2
DA:38,0
DA:39,0
DA:40,2
DA:41,1
DA:42,1
LF:42
LH:40
BRDA:6,0,0,2
BRDA:16,1,0,2
BRF:2
BRH:2
end_of_record
