TN:
SF:src\enums\ESTADO_VEHICULO.ts
FNF:0
FNH:0
DA:1,5
DA:2,5
DA:3,5
DA:4,5
DA:5,5
DA:6,5
DA:7,1
DA:8,1
LF:8
LH:8
BRDA:1,0,0,5
BRF:1
BRH:1
end_of_record
TN:
SF:src\models\Alta.ts
FN:10,Alta
FNF:1
FNH:1
FNDA:23,Alta
DA:1,1
DA:2,1
DA:3,1
DA:4,1
DA:5,1
DA:6,1
DA:7,1
DA:8,1
DA:9,1
DA:10,1
DA:11,23
DA:12,23
DA:13,1
DA:14,1
DA:15,1
LF:15
LH:15
BRDA:10,0,0,23
BRF:1
BRH:1
end_of_record
TN:
SF:src\models\Auto.ts
FN:10,<instance_members_initializer>
FN:27,Auto
FN:42,getNroMatricula
FN:48,setNroMatricula
FN:54,getEstado
FN:60,actualizarEstado
FN:66,getTarifa
FN:72,setTarifa
FN:78,getCargoAdicional
FN:84,setCargoAdicional
FN:101,getKmDesdeUltimoMantenimiento
FN:104,setKmDesdeUltimoMantenimiento
FN:108,getFechaUltMantenimiento
FN:112,setFechaUltMantenimiento
FN:116,getAlquileresCompletados
FN:120,setAlquileresCompletados
FN:124,puedeAlquilarse
FNF:17
FNH:17
FNDA:69,<instance_members_initializer>
FNDA:69,Auto
FNDA:3,getNroMatricula
FNDA:1,setNroMatricula
FNDA:9,getEstado
FNDA:11,actualizarEstado
FNDA:25,getTarifa
FNDA:15,setTarifa
FNDA:2,getCargoAdicional
FNDA:1,setCargoAdicional
FNDA:2,getKmDesdeUltimoMantenimiento
FNDA:1,setKmDesdeUltimoMantenimiento
FNDA:1,getFechaUltMantenimiento
FNDA:1,setFechaUltMantenimiento
FNDA:2,getAlquileresCompletados
FNDA:1,setAlquileresCompletados
FNDA:4,puedeAlquilarse
DA:1,1
DA:2,1
DA:3,1
DA:4,1
DA:5,1
DA:6,1
DA:7,1
DA:8,1
DA:9,1
DA:10,1
DA:11,69
DA:12,69
DA:13,69
DA:14,69
DA:15,69
DA:16,69
DA:17,69
DA:18,69
DA:19,69
DA:20,69
DA:21,69
DA:22,69
DA:23,69
DA:24,69
DA:25,69
DA:26,69
DA:27,69
DA:28,69
DA:29,69
DA:30,69
DA:31,69
DA:32,69
DA:33,69
DA:34,69
DA:35,69
DA:36,69
DA:37,69
DA:38,69
DA:39,69
DA:40,69
DA:41,69
DA:42,69
DA:43,69
DA:44,69
DA:45,69
DA:46,69
DA:47,69
DA:48,69
DA:49,69
DA:50,69
DA:51,69
DA:52,69
DA:53,69
DA:54,69
DA:55,69
DA:56,69
DA:57,69
DA:58,69
DA:59,69
DA:60,69
DA:61,69
DA:62,69
DA:63,69
DA:64,69
DA:65,69
DA:66,69
DA:67,69
DA:68,69
DA:69,69
DA:70,69
DA:71,69
DA:72,69
DA:73,69
DA:74,69
DA:75,69
DA:76,69
DA:77,69
DA:78,69
DA:79,69
DA:80,69
DA:81,69
DA:82,69
DA:83,69
DA:84,69
DA:85,69
DA:86,69
DA:87,69
DA:88,69
DA:89,69
DA:90,69
DA:91,69
DA:92,69
DA:93,69
DA:94,69
DA:95,69
DA:96,69
DA:97,69
DA:98,69
DA:99,69
DA:100,69
DA:101,69
DA:102,2
DA:103,2
DA:104,69
DA:105,1
DA:106,1
DA:107,69
DA:108,69
DA:109,1
DA:110,1
DA:111,69
DA:112,69
DA:113,1
DA:114,1
DA:115,69
DA:116,69
DA:117,2
DA:118,2
DA:119,69
DA:120,69
DA:121,1
DA:122,1
DA:123,69
DA:124,69
DA:125,4
DA:126,4
DA:127,4
DA:128,0
DA:129,0
DA:130,4
DA:131,69
DA:132,69
DA:133,1
DA:134,1
LF:134
LH:132
BRDA:10,0,0,69
BRDA:27,1,0,69
BRDA:42,2,0,3
BRDA:48,3,0,1
BRDA:54,4,0,9
BRDA:60,5,0,11
BRDA:66,6,0,25
BRDA:72,7,0,15
BRDA:78,8,0,2
BRDA:84,9,0,1
BRDA:101,10,0,2
BRDA:104,11,0,1
BRDA:108,12,0,1
BRDA:112,13,0,1
BRDA:116,14,0,2
BRDA:120,15,0,1
BRDA:124,16,0,4
BRDA:127,17,0,0
BRF:18
BRH:17
end_of_record
TN:
SF:src\models\Baja.ts
FN:10,Baja
FNF:1
FNH:1
FNDA:3,Baja
DA:1,1
DA:2,1
DA:3,1
DA:4,1
DA:5,1
DA:6,1
DA:7,1
DA:8,1
DA:9,1
DA:10,1
DA:11,3
DA:12,3
DA:13,1
DA:14,1
DA:15,1
LF:15
LH:15
BRDA:10,0,0,3
BRF:1
BRH:1
end_of_record
TN:
SF:src\models\Cliente.ts
FN:7,<instance_members_initializer>
FN:18,Cliente
FN:30,getLegajo
FN:36,setLegajo
FN:42,getNroReserva
FN:48,setNroReserva
FN:54,getNombre
FN:60,setNombre
FN:66,getReservas
FN:72,agregarReserva
FNF:10
FNH:10
FNDA:47,<instance_members_initializer>
FNDA:47,Cliente
FNDA:3,getLegajo
FNDA:1,setLegajo
FNDA:5,getNroReserva
FNDA:1,setNroReserva
FNDA:2,getNombre
FNDA:1,setNombre
FNDA:5,getReservas
FNDA:2,agregarReserva
DA:1,1
DA:2,1
DA:3,1
DA:4,1
DA:5,1
DA:6,1
DA:7,1
DA:8,47
DA:9,47
DA:10,47
DA:11,47
DA:12,47
DA:13,47
DA:14,47
DA:15,47
DA:16,47
DA:17,47
DA:18,47
DA:19,47
DA:20,47
DA:21,47
DA:22,47
DA:23,47
DA:24,47
DA:25,47
DA:26,47
DA:27,47
DA:28,47
DA:29,47
DA:30,47
DA:31,47
DA:32,47
DA:33,47
DA:34,47
DA:35,47
DA:36,47
DA:37,47
DA:38,47
DA:39,47
DA:40,47
DA:41,47
DA:42,47
DA:43,47
DA:44,47
DA:45,47
DA:46,47
DA:47,47
DA:48,47
DA:49,47
DA:50,47
DA:51,47
DA:52,47
DA:53,47
DA:54,47
DA:55,47
DA:56,47
DA:57,47
DA:58,47
DA:59,47
DA:60,47
DA:61,47
DA:62,47
DA:63,47
DA:64,47
DA:65,47
DA:66,47
DA:67,47
DA:68,47
DA:69,47
DA:70,47
DA:71,47
DA:72,47
DA:73,2
DA:74,2
DA:75,2
DA:76,47
DA:77,1
DA:78,1
LF:78
LH:78
BRDA:7,0,0,47
BRDA:18,1,0,47
BRDA:30,2,0,3
BRDA:36,3,0,1
BRDA:42,4,0,5
BRDA:48,5,0,1
BRDA:54,6,0,2
BRDA:60,7,0,1
BRDA:66,8,0,5
BRDA:72,9,0,2
BRF:10
BRH:10
end_of_record
TN:
SF:src\models\Compacto.ts
FN:16,Compacto
FN:27,aplicarCargo
FN:43,calcularBase
FNF:3
FNH:3
FNDA:40,Compacto
FNDA:9,aplicarCargo
FNDA:5,calcularBase
DA:1,1
DA:2,1
DA:3,1
DA:4,1
DA:5,1
DA:6,1
DA:7,1
DA:8,1
DA:9,1
DA:10,1
DA:11,1
DA:12,1
DA:13,1
DA:14,1
DA:15,1
DA:16,1
DA:17,40
DA:18,40
DA:19,1
DA:20,1
DA:21,1
DA:22,1
DA:23,1
DA:24,1
DA:25,1
DA:26,1
DA:27,1
DA:28,9
DA:29,9
DA:30,9
DA:31,4
DA:32,4
DA:33,9
DA:34,9
DA:35,9
DA:36,1
DA:37,1
DA:38,1
DA:39,1
DA:40,1
DA:41,1
DA:42,1
DA:43,1
DA:44,5
DA:45,5
DA:46,1
DA:47,1
DA:48,1
LF:48
LH:48
BRDA:16,0,0,40
BRDA:27,1,0,9
BRDA:30,2,0,4
BRDA:43,3,0,5
BRF:4
BRH:4
end_of_record
TN:
SF:src\models\Estadistica.ts
FN:4,<instance_members_initializer>
FN:7,Estadistica
FN:17,obtenerVehiculoMasAlquilados
FN:43,obtenerVehiculoMenosAlquilados
FN:77,calcularVehiculoMayorRentabilidad
FN:116,calcularVehiculoMenorRentabilidad
FN:154,ocupacionFlota
FNF:7
FNH:7
FNDA:14,<instance_members_initializer>
FNDA:14,Estadistica
FNDA:3,obtenerVehiculoMasAlquilados
FNDA:2,obtenerVehiculoMenosAlquilados
FNDA:3,calcularVehiculoMayorRentabilidad
FNDA:2,calcularVehiculoMenorRentabilidad
FNDA:3,ocupacionFlota
DA:1,1
DA:2,1
DA:3,1
DA:4,1
DA:5,14
DA:6,14
DA:7,14
DA:8,14
DA:9,14
DA:10,14
DA:11,14
DA:12,14
DA:13,14
DA:14,14
DA:15,14
DA:16,14
DA:17,14
DA:18,3
DA:19,3
DA:20,3
DA:21,5
DA:22,3
DA:23,3
DA:24,3
DA:25,5
DA:26,5
DA:27,5
DA:28,5
DA:29,3
DA:30,3
DA:31,3
DA:32,3
DA:33,3
DA:34,4
DA:35,2
DA:36,2
DA:37,2
DA:38,4
DA:39,3
DA:40,3
DA:41,3
DA:42,14
DA:43,14
DA:44,2
DA:45,2
DA:46,2
DA:47,3
DA:48,2
DA:49,2
DA:50,2
DA:51,3
DA:52,3
DA:53,3
DA:54,3
DA:55,2
DA:56,2
DA:57,2
DA:58,2
DA:59,2
DA:60,2
DA:61,1
DA:62,1
DA:63,1
DA:64,1
DA:65,1
DA:66,2
DA:67,2
DA:68,1
DA:69,1
DA:70,1
DA:71,2
DA:72,1
DA:73,1
DA:74,1
DA:75,14
DA:76,14
DA:77,14
DA:78,3
DA:79,3
DA:80,3
DA:81,3
DA:82,4
DA:83,4
DA:84,4
DA:85,4
DA:86,4
DA:87,4
DA:88,4
DA:89,3
DA:90,3
DA:91,1
DA:92,1
DA:93,2
DA:94,2
DA:95,2
DA:96,2
DA:97,2
DA:98,3
DA:99,0
DA:100,0
DA:101,2
DA:102,2
DA:103,2
DA:104,2
DA:105,3
DA:106,1
DA:107,1
DA:108,1
DA:109,1
DA:110,1
DA:111,1
DA:112,2
DA:113,2
DA:114,2
DA:115,14
DA:116,14
DA:117,2
DA:118,2
DA:119,2
DA:120,2
DA:121,2
DA:122,2
DA:123,2
DA:124,2
DA:125,2
DA:126,2
DA:127,2
DA:128,1
DA:129,1
DA:130,1
DA:131,1
DA:132,1
DA:133,1
DA:134,1
DA:135,2
DA:136,0
DA:137,0
DA:138,1
DA:139,1
DA:140,1
DA:141,1
DA:142,1
DA:143,1
DA:144,1
DA:145,1
DA:146,0
DA:147,0
DA:148,0
DA:149,1
DA:150,1
DA:151,1
DA:152,1
DA:153,14
DA:154,14
DA:155,3
DA:156,3
DA:157,1
DA:158,1
DA:159,2
DA:160,2
DA:161,2
DA:162,2
DA:163,2
DA:164,2
DA:165,2
DA:166,2
DA:167,2
DA:168,1
DA:169,1
DA:170,1
DA:171,1
DA:172,2
DA:173,2
DA:174,2
DA:175,2
DA:176,2
DA:177,2
DA:178,14
LF:178
LH:171
BRDA:4,0,0,14
BRDA:7,1,0,14
BRDA:17,2,0,3
BRDA:24,3,0,5
BRDA:26,4,0,4
BRDA:33,5,0,4
BRDA:34,6,0,2
BRDA:20,7,0,5
BRDA:43,8,0,2
BRDA:50,9,0,3
BRDA:52,10,0,2
BRDA:60,11,0,1
BRDA:67,12,0,1
BRDA:72,13,0,1
BRDA:46,14,0,3
BRDA:77,15,0,3
BRDA:81,16,0,4
BRDA:86,17,0,3
BRDA:90,18,0,1
BRDA:93,19,0,2
BRDA:98,20,0,0
BRDA:101,21,0,2
BRDA:105,22,0,1
BRDA:112,23,0,2
BRDA:116,24,0,2
BRDA:127,25,0,1
BRDA:135,26,0,0
BRDA:138,27,0,1
BRDA:145,28,0,0
BRDA:154,29,0,3
BRDA:156,30,0,1
BRDA:159,31,0,2
BRDA:167,32,0,1
BRF:33
BRH:30
end_of_record
TN:
SF:src\models\Media.ts
FN:10,Media
FNF:1
FNH:1
FNDA:7,Media
DA:1,1
DA:2,1
DA:3,1
DA:4,1
DA:5,1
DA:6,1
DA:7,1
DA:8,1
DA:9,1
DA:10,1
DA:11,7
DA:12,7
DA:13,1
DA:14,1
DA:15,1
LF:15
LH:15
BRDA:10,0,0,7
BRF:1
BRH:1
end_of_record
TN:
SF:src\models\Reserva.ts
FN:5,<instance_members_initializer>
FN:16,Reserva
FN:35,getIdReserva
FN:36,setIdReserva
FN:38,getCliente
FN:39,setCliente
FN:41,getFechaInicio
FN:42,setFechaInicio
FN:44,getFechaFin
FN:45,setFechaFin
FN:47,getAuto
FN:48,setAuto
FN:50,getKilometraje
FN:51,setKilometraje
FN:53,getTemporada
FN:54,setTemporada
FN:62,costoTotalReserva
FN:81,getDias
FN:90,obtenerTarifaDiaria
FNF:19
FNH:19
FNDA:32,<instance_members_initializer>
FNDA:32,Reserva
FNDA:3,getIdReserva
FNDA:1,setIdReserva
FNDA:2,getCliente
FNDA:1,setCliente
FNDA:12,getFechaInicio
FNDA:1,setFechaInicio
FNDA:12,getFechaFin
FNDA:1,setFechaFin
FNDA:17,getAuto
FNDA:1,setAuto
FNDA:21,getKilometraje
FNDA:1,setKilometraje
FNDA:2,getTemporada
FNDA:1,setTemporada
FNDA:7,costoTotalReserva
FNDA:20,getDias
FNDA:1,obtenerTarifaDiaria
DA:1,1
DA:2,1
DA:3,1
DA:4,1
DA:5,1
DA:6,32
DA:7,32
DA:8,32
DA:9,32
DA:10,32
DA:11,32
DA:12,32
DA:13,32
DA:14,32
DA:15,32
DA:16,32
DA:17,32
DA:18,32
DA:19,32
DA:20,32
DA:21,32
DA:22,32
DA:23,32
DA:24,32
DA:25,32
DA:26,32
DA:27,32
DA:28,32
DA:29,32
DA:30,32
DA:31,32
DA:32,32
DA:33,32
DA:34,32
DA:35,32
DA:36,32
DA:37,32
DA:38,32
DA:39,32
DA:40,32
DA:41,32
DA:42,32
DA:43,32
DA:44,32
DA:45,32
DA:46,32
DA:47,32
DA:48,32
DA:49,32
DA:50,32
DA:51,32
DA:52,32
DA:53,32
DA:54,32
DA:55,32
DA:56,32
DA:57,32
DA:58,32
DA:59,32
DA:60,32
DA:61,32
DA:62,32
DA:63,7
DA:64,7
DA:65,7
DA:66,7
DA:67,7
DA:68,7
DA:69,7
DA:70,7
DA:71,7
DA:72,7
DA:73,7
DA:74,7
DA:75,7
DA:76,32
DA:77,32
DA:78,32
DA:79,32
DA:80,32
DA:81,32
DA:82,20
DA:83,20
DA:84,20
DA:85,32
DA:86,32
DA:87,32
DA:88,32
DA:89,32
DA:90,32
DA:91,1
DA:92,1
DA:93,32
DA:94,1
DA:95,1
LF:95
LH:95
BRDA:5,0,0,32
BRDA:16,1,0,32
BRDA:35,2,0,3
BRDA:36,3,0,1
BRDA:38,4,0,2
BRDA:39,5,0,1
BRDA:41,6,0,12
BRDA:42,7,0,1
BRDA:44,8,0,12
BRDA:45,9,0,1
BRDA:47,10,0,17
BRDA:48,11,0,1
BRDA:50,12,0,21
BRDA:51,13,0,1
BRDA:53,14,0,2
BRDA:54,15,0,1
BRDA:62,16,0,7
BRDA:81,17,0,20
BRDA:90,18,0,1
BRF:19
BRH:19
end_of_record
TN:
SF:src\models\SUV.ts
FN:8,<instance_members_initializer>
FN:18,SUV
FN:27,getCargoFijo
FN:33,setCargoFijo
FN:41,calcularBase
FN:52,aplicarCargo
FNF:6
FNH:6
FNDA:24,<instance_members_initializer>
FNDA:24,SUV
FNDA:2,getCargoFijo
FNDA:1,setCargoFijo
FNDA:3,calcularBase
FNDA:4,aplicarCargo
DA:1,1
DA:2,1
DA:3,1
DA:4,1
DA:5,1
DA:6,1
DA:7,1
DA:8,1
DA:9,24
DA:10,24
DA:11,24
DA:12,24
DA:13,24
DA:14,24
DA:15,24
DA:16,24
DA:17,24
DA:18,24
DA:19,24
DA:20,24
DA:21,24
DA:22,24
DA:23,24
DA:24,24
DA:25,24
DA:26,24
DA:27,24
DA:28,24
DA:29,24
DA:30,24
DA:31,24
DA:32,24
DA:33,24
DA:34,24
DA:35,24
DA:36,24
DA:37,24
DA:38,24
DA:39,24
DA:40,24
DA:41,24
DA:42,3
DA:43,3
DA:44,24
DA:45,24
DA:46,24
DA:47,24
DA:48,24
DA:49,24
DA:50,24
DA:51,24
DA:52,24
DA:53,4
DA:54,4
DA:55,4
DA:56,4
DA:57,4
DA:58,4
DA:59,4
DA:60,4
DA:61,24
DA:62,24
DA:63,1
DA:64,1
LF:64
LH:64
BRDA:8,0,0,24
BRDA:18,1,0,24
BRDA:27,2,0,2
BRDA:33,3,0,1
BRDA:41,4,0,3
BRDA:52,5,0,4
BRF:6
BRH:6
end_of_record
TN:
SF:src\models\Sedan.ts
FN:8,<instance_members_initializer>
FN:18,Sedan
FN:27,getCargoPorKilometro
FN:35,setCargoPorKilometro
FN:45,aplicarCargo
FN:55,calcularBase
FNF:6
FNH:6
FNDA:16,<instance_members_initializer>
FNDA:16,Sedan
FNDA:2,getCargoPorKilometro
FNDA:1,setCargoPorKilometro
FNDA:4,aplicarCargo
FNDA:3,calcularBase
DA:1,1
DA:2,1
DA:3,1
DA:4,1
DA:5,1
DA:6,1
DA:7,1
DA:8,1
DA:9,16
DA:10,16
DA:11,16
DA:12,16
DA:13,16
DA:14,16
DA:15,16
DA:16,16
DA:17,16
DA:18,16
DA:19,16
DA:20,16
DA:21,16
DA:22,16
DA:23,16
DA:24,16
DA:25,16
DA:26,16
DA:27,16
DA:28,2
DA:29,2
DA:30,16
DA:31,16
DA:32,16
DA:33,16
DA:34,16
DA:35,16
DA:36,1
DA:37,1
DA:38,16
DA:39,16
DA:40,16
DA:41,16
DA:42,16
DA:43,16
DA:44,16
DA:45,16
DA:46,4
DA:47,4
DA:48,16
DA:49,16
DA:50,16
DA:51,16
DA:52,16
DA:53,16
DA:54,16
DA:55,16
DA:56,3
DA:57,3
DA:58,16
LF:58
LH:58
BRDA:8,0,0,16
BRDA:18,1,0,16
BRDA:27,2,0,2
BRDA:35,3,0,1
BRDA:45,4,0,4
BRDA:55,5,0,3
BRF:6
BRH:6
end_of_record
TN:
SF:src\models\SistemaDeReserva.ts
FN:10,<instance_members_initializer>
FN:20,SistemaDeReserva
FN:30,getAutos
FN:38,getClientes
FN:46,getReservas
FN:59,crearReserva
FN:69,verificarDisponibilidad
FN:77,agregarAuto
FN:85,eliminarAuto
FN:93,agregarCliente
FN:101,eliminarCliente
FN:109,agregarReserva
FN:117,eliminarReserva
FNF:13
FNH:13
FNDA:21,<instance_members_initializer>
FNDA:21,SistemaDeReserva
FNDA:7,getAutos
FNDA:4,getClientes
FNDA:17,getReservas
FNDA:1,crearReserva
FNDA:1,verificarDisponibilidad
FNDA:40,agregarAuto
FNDA:1,eliminarAuto
FNDA:27,agregarCliente
FNDA:1,eliminarCliente
FNDA:17,agregarReserva
FNDA:1,eliminarReserva
DA:1,1
DA:2,1
DA:3,1
DA:4,1
DA:5,1
DA:6,1
DA:7,1
DA:8,1
DA:9,1
DA:10,1
DA:11,21
DA:12,21
DA:13,21
DA:14,21
DA:15,21
DA:16,21
DA:17,21
DA:18,21
DA:19,21
DA:20,21
DA:21,21
DA:22,21
DA:23,21
DA:24,21
DA:25,21
DA:26,21
DA:27,21
DA:28,21
DA:29,21
DA:30,21
DA:31,7
DA:32,7
DA:33,21
DA:34,21
DA:35,21
DA:36,21
DA:37,21
DA:38,21
DA:39,4
DA:40,4
DA:41,21
DA:42,21
DA:43,21
DA:44,21
DA:45,21
DA:46,21
DA:47,17
DA:48,17
DA:49,21
DA:50,21
DA:51,21
DA:52,21
DA:53,21
DA:54,21
DA:55,21
DA:56,21
DA:57,21
DA:58,21
DA:59,21
DA:60,1
DA:61,1
DA:62,1
DA:63,21
DA:64,21
DA:65,21
DA:66,21
DA:67,21
DA:68,21
DA:69,21
DA:70,1
DA:71,1
DA:72,21
DA:73,21
DA:74,21
DA:75,21
DA:76,21
DA:77,21
DA:78,40
DA:79,40
DA:80,21
DA:81,21
DA:82,21
DA:83,21
DA:84,21
DA:85,21
DA:86,1
DA:87,1
DA:88,21
DA:89,21
DA:90,21
DA:91,21
DA:92,21
DA:93,21
DA:94,27
DA:95,27
DA:96,21
DA:97,21
DA:98,21
DA:99,21
DA:100,21
DA:101,21
DA:102,1
DA:103,1
DA:104,21
DA:105,21
DA:106,21
DA:107,21
DA:108,21
DA:109,21
DA:110,17
DA:111,17
DA:112,21
DA:113,21
DA:114,21
DA:115,21
DA:116,21
DA:117,21
DA:118,1
DA:119,1
DA:120,21
LF:120
LH:120
BRDA:10,0,0,21
BRDA:20,1,0,21
BRDA:30,2,0,7
BRDA:38,3,0,4
BRDA:46,4,0,17
BRDA:59,5,0,1
BRDA:69,6,0,1
BRDA:77,7,0,40
BRDA:85,8,0,1
BRDA:86,9,0,1
BRDA:93,10,0,27
BRDA:101,11,0,1
BRDA:102,12,0,1
BRDA:109,13,0,17
BRDA:117,14,0,1
BRDA:118,15,0,1
BRF:16
BRH:16
end_of_record
TN:
SF:src\models\Temporadas.ts
FN:6,<instance_members_initializer>
FN:16,Temporadas
FN:24,setMultiplicador
FN:30,getMultiplicador
FN:37,calcularTarifaAjustada
FNF:5
FNH:5
FNDA:33,<instance_members_initializer>
FNDA:33,Temporadas
FNDA:1,setMultiplicador
FNDA:5,getMultiplicador
FNDA:8,calcularTarifaAjustada
DA:1,1
DA:2,1
DA:3,1
DA:4,1
DA:5,1
DA:6,1
DA:7,33
DA:8,33
DA:9,33
DA:10,33
DA:11,33
DA:12,33
DA:13,33
DA:14,33
DA:15,33
DA:16,33
DA:17,33
DA:18,33
DA:19,33
DA:20,33
DA:21,33
DA:22,33
DA:23,33
DA:24,33
DA:25,33
DA:26,33
DA:27,33
DA:28,33
DA:29,33
DA:30,33
DA:31,33
DA:32,33
DA:33,33
DA:34,33
DA:35,33
DA:36,33
DA:37,33
DA:38,8
DA:39,8
DA:40,33
DA:41,1
DA:42,1
LF:42
LH:42
BRDA:6,0,0,33
BRDA:16,1,0,33
BRDA:24,2,0,1
BRDA:30,3,0,5
BRDA:37,4,0,8
BRF:5
BRH:5
end_of_record
TN:
SF:src\models\estadoDisponible.ts
FN:7,puedeAlquilarse
FNF:1
FNH:1
FNDA:4,puedeAlquilarse
DA:1,1
DA:2,1
DA:3,1
DA:4,1
DA:5,1
DA:6,1
DA:7,1
DA:8,4
DA:9,4
DA:10,4
DA:11,1
DA:12,1
LF:12
LH:12
BRDA:7,0,0,4
BRF:1
BRH:1
end_of_record
TN:
SF:src\models\estadoEnAlquiler.ts
FN:7,puedeAlquilarse
FNF:1
FNH:1
FNDA:4,puedeAlquilarse
DA:1,1
DA:2,1
DA:3,1
DA:4,1
DA:5,1
DA:6,1
DA:7,1
DA:8,4
DA:9,4
DA:10,1
DA:11,1
LF:11
LH:11
BRDA:7,0,0,4
BRF:1
BRH:1
end_of_record
TN:
SF:src\models\estadoEnLimpieza.ts
FN:7,puedeAlquilarse
FNF:1
FNH:1
FNDA:3,puedeAlquilarse
DA:1,1
DA:2,1
DA:3,1
DA:4,1
DA:5,1
DA:6,1
DA:7,1
DA:8,3
DA:9,3
DA:10,1
LF:10
LH:10
BRDA:7,0,0,3
BRF:1
BRH:1
end_of_record
TN:
SF:src\models\estadoEnMantenimiento.ts
FN:6,puedeAlquilarse
FNF:1
FNH:1
FNDA:3,puedeAlquilarse
DA:1,1
DA:2,1
DA:3,1
DA:4,1
DA:5,1
DA:6,1
DA:7,3
DA:8,3
DA:9,1
LF:9
LH:9
BRDA:6,0,0,3
BRF:1
BRH:1
end_of_record
TN:
SF:src\models\Errores\errorEstadoEnAlquiler.ts
FN:2,ErrorAutoYaAlquilado
FNF:1
FNH:1
FNDA:4,ErrorAutoYaAlquilado
DA:1,1
DA:2,1
DA:3,4
DA:4,4
DA:5,4
DA:6,1
LF:6
LH:6
BRDA:2,0,0,4
BRF:1
BRH:1
end_of_record
TN:
SF:src\models\Errores\errorEstadoEnMantenimiento.ts
FN:2,ErrorAutoEnMantenimiento
FNF:1
FNH:1
FNDA:3,ErrorAutoEnMantenimiento
DA:1,1
DA:2,1
DA:3,3
DA:4,3
DA:5,3
DA:6,1
LF:6
LH:6
BRDA:2,0,0,3
BRF:1
BRH:1
end_of_record
TN:
SF:src\models\Errores\estadoEnLimpieza.ts
FN:2,ErrorAutoEnLimpieza
FNF:1
FNH:1
FNDA:3,ErrorAutoEnLimpieza
DA:1,1
DA:2,1
DA:3,3
DA:4,3
DA:5,3
DA:6,1
LF:6
LH:6
BRDA:2,0,0,3
BRF:1
BRH:1
end_of_record
